Using GATK jar /home/barthf/opt/gatk-4.0.2.1/gatk-package-4.0.2.1-local.jar
Running:
    java -Dsamjdk.use_async_io_read_samtools=false -Dsamjdk.use_async_io_write_samtools=true -Dsamjdk.use_async_io_write_tribble=false -Dsamjdk.compression_level=1 -Xmx12g -jar /home/barthf/opt/gatk-4.0.2.1/gatk-package-4.0.2.1-local.jar FilterByOrientationBias -AM G/T -AM C/T -V results/m2filter/A.filtered.vcf -P results/artifacts/testT-A.pre_adapter_detail_metrics.txt -O results/m2filter/A.filtered2.vcf
14:27:05.671 INFO  NativeLibraryLoader - Loading libgkl_compression.so from jar:file:/home/barthf/opt/gatk-4.0.2.1/gatk-package-4.0.2.1-local.jar!/com/intel/gkl/native/libgkl_compression.so
14:27:06.833 INFO  FilterByOrientationBias - ------------------------------------------------------------
14:27:06.833 INFO  FilterByOrientationBias - The Genome Analysis Toolkit (GATK) v4.0.2.1
14:27:06.833 INFO  FilterByOrientationBias - For support and documentation go to https://software.broadinstitute.org/gatk/
14:27:06.833 INFO  FilterByOrientationBias - Executing as barthf@helix040 on Linux v2.6.32-696.18.7.el6.x86_64 amd64
14:27:06.833 INFO  FilterByOrientationBias - Java runtime: Java HotSpot(TM) 64-Bit Server VM v1.8.0_73-b02
14:27:06.834 INFO  FilterByOrientationBias - Start Date/Time: June 1, 2018 2:27:05 PM EDT
14:27:06.834 INFO  FilterByOrientationBias - ------------------------------------------------------------
14:27:06.834 INFO  FilterByOrientationBias - ------------------------------------------------------------
14:27:06.834 INFO  FilterByOrientationBias - HTSJDK Version: 2.14.3
14:27:06.834 INFO  FilterByOrientationBias - Picard Version: 2.17.2
14:27:06.834 INFO  FilterByOrientationBias - HTSJDK Defaults.COMPRESSION_LEVEL : 1
14:27:06.834 INFO  FilterByOrientationBias - HTSJDK Defaults.USE_ASYNC_IO_READ_FOR_SAMTOOLS : false
14:27:06.834 INFO  FilterByOrientationBias - HTSJDK Defaults.USE_ASYNC_IO_WRITE_FOR_SAMTOOLS : true
14:27:06.834 INFO  FilterByOrientationBias - HTSJDK Defaults.USE_ASYNC_IO_WRITE_FOR_TRIBBLE : false
14:27:06.834 INFO  FilterByOrientationBias - Deflater: IntelDeflater
14:27:06.835 INFO  FilterByOrientationBias - Inflater: IntelInflater
14:27:06.835 INFO  FilterByOrientationBias - GCS max retries/reopens: 20
14:27:06.835 INFO  FilterByOrientationBias - Using google-cloud-java patch 6d11bef1c81f885c26b2b56c8616b7a705171e4f from https://github.com/droazen/google-cloud-java/tree/dr_all_nio_fixes
14:27:06.835 WARN  FilterByOrientationBias - 

[1m[31m   !!!!!!!!!!!!!!!!!!!!!!!!!!!!!!!!!!!!!!!!!!!!!!!!!!!!!!!!!!!!

   Warning: FilterByOrientationBias is an EXPERIMENTAL tool and should not be used for production

   !!!!!!!!!!!!!!!!!!!!!!!!!!!!!!!!!!!!!!!!!!!!!!!!!!!!!!!!!!!![0m


14:27:06.835 INFO  FilterByOrientationBias - Initializing engine
14:27:07.192 INFO  FeatureManager - Using codec VCFCodec to read file file:///projects/barthf/GLASS-WG/results/m2filter/A.filtered.vcf
14:27:07.257 INFO  FilterByOrientationBias - Done initializing engine
14:27:07.349 INFO  FilterByOrientationBias - preAdapter scores:
14:27:07.349 INFO  FilterByOrientationBias - A>T: 100.0
14:27:07.349 INFO  FilterByOrientationBias - T>C: 100.0
14:27:07.349 INFO  FilterByOrientationBias - G>A: 30.360297306565435
14:27:07.349 INFO  FilterByOrientationBias - G>C: 100.0
14:27:07.349 INFO  FilterByOrientationBias - T>A: 100.0
14:27:07.350 INFO  FilterByOrientationBias - T>G: 100.0
14:27:07.350 INFO  FilterByOrientationBias - A>C: 32.13384924916388
14:27:07.350 INFO  FilterByOrientationBias - A>G: 32.136505484610005
14:27:07.350 INFO  FilterByOrientationBias - C>T: 100.0
14:27:07.350 INFO  FilterByOrientationBias - C>A: 100.0
14:27:07.350 INFO  FilterByOrientationBias - C>G: 33.3645973384853
14:27:07.350 INFO  FilterByOrientationBias - G>T: 33.3645973384853
14:27:07.388 INFO  ProgressMeter - Starting traversal
14:27:07.389 INFO  ProgressMeter -        Current Locus  Elapsed Minutes    Variants Processed  Variants/Minute
14:27:07.394 INFO  ProgressMeter -             unmapped              0.0                     0              0.0
14:27:07.394 INFO  ProgressMeter - Traversal complete. Processed 0 total variants in 0.0 minutes.
14:27:07.394 INFO  FilterByOrientationBias - Tagging whether genotypes are in one of the artifact modes.
14:27:07.398 INFO  OrientationBiasFilterer - No samples found in this file.  NO FILTERING BEING DONE.
14:27:07.398 INFO  FilterByOrientationBias - Writing variants to VCF...
14:27:07.399 INFO  FilterByOrientationBias - Writing a simple summary table...
14:27:07.418 INFO  FilterByOrientationBias - Shutting down engine
[June 1, 2018 2:27:07 PM EDT] org.broadinstitute.hellbender.tools.exome.FilterByOrientationBias done. Elapsed time: 0.03 minutes.
Runtime.totalMemory()=2305294336
