[Thu May 31 14:46:51 2018] Building DAG of jobs...
[Thu May 31 14:46:51 2018] Using shell: /bin/bash
[Thu May 31 14:46:51 2018] Provided cores: 56
[Thu May 31 14:46:51 2018] Rules claiming more threads will be scaled down.
[Thu May 31 14:46:51 2018] Job counts:
[Thu May 31 14:46:51 2018] 	count	jobs
[Thu May 31 14:46:51 2018] 	1	callsnv
[Thu May 31 14:46:51 2018] 	1

[Thu May 31 14:46:51 2018] Job 0: Calling SNVs (Mutect2)
[Thu May 31 14:46:51 2018] Pair: A

[Thu May 31 14:46:51 2018] TEST_NAM=`samtools view -H results/bqsr/testT-A.realn.dedup.bqsr.bam | grep '^@RG' | sed "s/.*SM:\([^	]*\).*/\1/g" | uniq`;CTRL_NAM=`samtools view -H results/bqsr/testN-A.realn.dedup.bqsr.bam | grep '^@RG' | sed "s/.*SM:\([^	]*\).*/\1/g" | uniq`;gatk --java-options -Xmx12g Mutect2             -R /projects/barthf/hg19broad/Homo_sapiens_assembly19.fasta             -I results/bqsr/testT-A.realn.dedup.bqsr.bam             -I results/bqsr/testN-A.realn.dedup.bqsr.bam             --tumor-sample $TEST_NAM             --normal-sample $CTRL_NAM             --panel-of-normals results/pon/test.pon.vcf             --germline-resource /projects/barthf/GTex-somatic/data/gnomad/af-only-gnomad.raw.sites.b37.vcf.gz             --af-of-alleles-not-in-resource 0.00000406055             --dont-use-soft-clipped-bases true             --standard-min-confidence-threshold-for-calling 20             --disable-read-filter MateOnSameContigOrNoMappedMateReadFilter             -O results/m2vcf/A.vcf             -bamout results/m2bam/A.bam
Using GATK jar /home/barthf/opt/gatk-4.0.2.1/gatk-package-4.0.2.1-local.jar
Running:
    java -Dsamjdk.use_async_io_read_samtools=false -Dsamjdk.use_async_io_write_samtools=true -Dsamjdk.use_async_io_write_tribble=false -Dsamjdk.compression_level=1 -Xmx12g -jar /home/barthf/opt/gatk-4.0.2.1/gatk-package-4.0.2.1-local.jar Mutect2 -R /projects/barthf/hg19broad/Homo_sapiens_assembly19.fasta -I results/bqsr/testT-A.realn.dedup.bqsr.bam -I results/bqsr/testN-A.realn.dedup.bqsr.bam --tumor-sample QTL190044 --normal-sample QTL190044 --panel-of-normals results/pon/test.pon.vcf --germline-resource /projects/barthf/GTex-somatic/data/gnomad/af-only-gnomad.raw.sites.b37.vcf.gz --af-of-alleles-not-in-resource 0.00000406055 --dont-use-soft-clipped-bases true --standard-min-confidence-threshold-for-calling 20 --disable-read-filter MateOnSameContigOrNoMappedMateReadFilter -O results/m2vcf/A.vcf -bamout results/m2bam/A.bam
14:46:54.458 WARN  GATKReadFilterPluginDescriptor - Disabled filter (MateOnSameContigOrNoMappedMateReadFilter) is not enabled by this tool
14:46:54.562 INFO  NativeLibraryLoader - Loading libgkl_compression.so from jar:file:/home/barthf/opt/gatk-4.0.2.1/gatk-package-4.0.2.1-local.jar!/com/intel/gkl/native/libgkl_compression.so
14:46:54.762 INFO  Mutect2 - ------------------------------------------------------------
14:46:54.763 INFO  Mutect2 - The Genome Analysis Toolkit (GATK) v4.0.2.1
14:46:54.763 INFO  Mutect2 - For support and documentation go to https://software.broadinstitute.org/gatk/
14:46:54.763 INFO  Mutect2 - Executing as barthf@helix125 on Linux v2.6.32-696.18.7.el6.x86_64 amd64
14:46:54.763 INFO  Mutect2 - Java runtime: Java HotSpot(TM) 64-Bit Server VM v1.8.0_73-b02
14:46:54.763 INFO  Mutect2 - Start Date/Time: May 31, 2018 2:46:54 PM EDT
14:46:54.763 INFO  Mutect2 - ------------------------------------------------------------
14:46:54.763 INFO  Mutect2 - ------------------------------------------------------------
14:46:54.764 INFO  Mutect2 - HTSJDK Version: 2.14.3
14:46:54.764 INFO  Mutect2 - Picard Version: 2.17.2
14:46:54.764 INFO  Mutect2 - HTSJDK Defaults.COMPRESSION_LEVEL : 1
14:46:54.764 INFO  Mutect2 - HTSJDK Defaults.USE_ASYNC_IO_READ_FOR_SAMTOOLS : false
14:46:54.764 INFO  Mutect2 - HTSJDK Defaults.USE_ASYNC_IO_WRITE_FOR_SAMTOOLS : true
14:46:54.764 INFO  Mutect2 - HTSJDK Defaults.USE_ASYNC_IO_WRITE_FOR_TRIBBLE : false
14:46:54.764 INFO  Mutect2 - Deflater: IntelDeflater
14:46:54.764 INFO  Mutect2 - Inflater: IntelInflater
14:46:54.764 INFO  Mutect2 - GCS max retries/reopens: 20
14:46:54.764 INFO  Mutect2 - Using google-cloud-java patch 6d11bef1c81f885c26b2b56c8616b7a705171e4f from https://github.com/droazen/google-cloud-java/tree/dr_all_nio_fixes
14:46:54.764 INFO  Mutect2 - Initializing engine
WARNING: BAM index file /projects/barthf/GLASS-WG/results/bqsr/testT-A.realn.dedup.bqsr.bai is older than BAM /projects/barthf/GLASS-WG/results/bqsr/testT-A.realn.dedup.bqsr.bam
WARNING: BAM index file /projects/barthf/GLASS-WG/results/bqsr/testN-A.realn.dedup.bqsr.bai is older than BAM /projects/barthf/GLASS-WG/results/bqsr/testN-A.realn.dedup.bqsr.bam
14:46:55.265 INFO  FeatureManager - Using codec VCFCodec to read file file:///projects/barthf/GLASS-WG/results/pon/test.pon.vcf
14:46:55.298 INFO  FeatureManager - Using codec VCFCodec to read file file:///projects/barthf/GTex-somatic/data/gnomad/af-only-gnomad.raw.sites.b37.vcf.gz
14:46:55.475 WARN  IndexUtils - Feature file "/projects/barthf/GTex-somatic/data/gnomad/af-only-gnomad.raw.sites.b37.vcf.gz" appears to contain no sequence dictionary. Attempting to retrieve a sequence dictionary from the associated index file
14:46:55.674 INFO  Mutect2 - Done initializing engine
14:46:56.326 INFO  NativeLibraryLoader - Loading libgkl_utils.so from jar:file:/home/barthf/opt/gatk-4.0.2.1/gatk-package-4.0.2.1-local.jar!/com/intel/gkl/native/libgkl_utils.so
14:46:56.377 INFO  NativeLibraryLoader - Loading libgkl_pairhmm_omp.so from jar:file:/home/barthf/opt/gatk-4.0.2.1/gatk-package-4.0.2.1-local.jar!/com/intel/gkl/native/libgkl_pairhmm_omp.so
14:46:56.471 WARN  IntelPairHmm - Flush-to-zero (FTZ) is enabled when running PairHMM
14:46:56.472 INFO  IntelPairHmm - Available threads: 56
14:46:56.473 INFO  IntelPairHmm - Requested threads: 4
14:46:56.473 INFO  PairHMM - Using the OpenMP multi-threaded AVX-accelerated native PairHMM implementation
14:46:56.592 INFO  ProgressMeter - Starting traversal
14:46:56.592 INFO  ProgressMeter -        Current Locus  Elapsed Minutes     Regions Processed   Regions/Minute
14:47:06.593 INFO  ProgressMeter -           1:31806081              0.2                106060         636360.0
14:47:16.592 INFO  ProgressMeter -           1:75777081              0.3                252630         757890.0
14:47:26.592 INFO  ProgressMeter -          1:121206081              0.5                404060         808120.0
14:47:36.592 INFO  ProgressMeter -          1:166947081              0.7                556530         834795.0
14:47:46.592 INFO  ProgressMeter -          1:212247081              0.8                707530         849036.0
14:47:56.592 INFO  ProgressMeter -            2:1737601              1.0                836670         836670.0
14:48:06.592 INFO  ProgressMeter -           2:47991601              1.2                990850         849300.0
14:48:16.592 INFO  ProgressMeter -           2:96129601              1.3               1151310         863482.5
14:48:26.592 INFO  ProgressMeter -          2:142209601              1.5               1304910         869940.0
14:48:36.592 INFO  ProgressMeter -          2:190059601              1.7               1464410         878646.0
14:48:46.592 INFO  ProgressMeter -          2:237123601              1.8               1621290         884340.0
14:48:56.592 INFO  ProgressMeter -           3:35412601              2.0               1759590         879795.0
14:49:06.592 INFO  ProgressMeter -           3:77598601              2.2               1900210         877020.0
14:49:16.592 INFO  ProgressMeter -          3:122136601              2.3               2048670         878001.4
14:49:26.592 INFO  ProgressMeter -          3:167115601              2.5               2198600         879440.0
14:49:36.592 INFO  ProgressMeter -           4:14273101              2.7               2349200         880950.0
14:49:46.592 INFO  ProgressMeter -           4:62702101              2.8               2510630         886104.7
14:49:56.592 INFO  ProgressMeter -          4:111932101              3.0               2674730         891576.7
14:50:06.592 INFO  ProgressMeter -          4:159022661              3.2               2831700         894221.1
14:50:16.592 INFO  ProgressMeter -           5:14677201              3.3               2987730         896319.0
14:50:26.593 INFO  ProgressMeter -           5:60967201              3.5               3142030         897718.6
14:50:36.593 INFO  ProgressMeter -          5:105112201              3.7               3289180         897045.0
14:50:46.593 INFO  ProgressMeter -          5:151249201              3.8               3442970         898162.2
14:50:56.593 INFO  ProgressMeter -           6:14967901              4.0               3591750         897933.8
14:51:06.593 INFO  ProgressMeter -           6:62229901              4.2               3749290         899826.0
14:51:16.593 INFO  ProgressMeter -           6:93402901              4.3               3853200         889196.6
14:51:26.593 INFO  ProgressMeter -          6:137379901              4.5               3999790         888838.9
14:51:36.593 INFO  ProgressMeter -          6:150516901              4.7               4043580         866478.3
14:51:46.593 INFO  ProgressMeter -           7:22724701              4.8               4187990         866477.7
14:51:56.593 INFO  ProgressMeter -           7:64004701              5.0               4325590         865115.1
14:52:06.593 INFO  ProgressMeter -          7:107984701              5.2               4472190         865582.4
14:52:16.593 INFO  ProgressMeter -          7:151619701              5.3               4617640         865804.8
14:52:26.593 INFO  ProgressMeter -           8:37030801              5.5               4766140         866568.3
14:52:36.593 INFO  ProgressMeter -           8:75400801              5.7               4894040         863651.6
14:52:46.683 INFO  ProgressMeter -          8:104635801              5.8               4991490         855461.6
14:52:56.683 INFO  ProgressMeter -            9:3676501              6.0               5142840         856923.4
14:53:06.683 INFO  ProgressMeter -           9:47605014              6.2               5289270         857508.6
14:53:16.683 INFO  ProgressMeter -           9:90430014              6.3               5432020         857482.0
14:53:26.683 INFO  ProgressMeter -          9:134953014              6.5               5580430         858327.4
14:53:36.683 INFO  ProgressMeter -          10:26616301              6.7               5690020         853308.9
14:53:46.683 INFO  ProgressMeter -          10:66231301              6.8               5822070         851821.2
14:53:56.683 INFO  ProgressMeter -         10:110850301              7.0               5970800         852786.7
14:54:06.683 INFO  ProgressMeter -          11:20819401              7.2               6122480         854118.8
14:54:16.683 INFO  ProgressMeter -          11:70583401              7.3               6288360         857326.3
14:54:26.683 INFO  ProgressMeter -         11:114983401              7.5               6436360         858007.8
14:54:37.644 INFO  ProgressMeter -          12:17923526              7.7               6562850         854070.7
14:54:47.644 INFO  ProgressMeter -          12:67015526              7.9               6726490         856783.1
14:54:57.644 INFO  ProgressMeter -         12:112216161              8.0               6877160         857765.1
14:55:07.644 INFO  ProgressMeter -          13:21978001              8.2               7022540         858060.7
14:55:17.644 INFO  ProgressMeter -          13:61536001              8.4               7154400         856725.4
14:55:27.644 INFO  ProgressMeter -         13:107004001              8.5               7305960         857755.4
14:55:37.644 INFO  ProgressMeter -          14:38967001              8.7               7463070         859384.9
14:55:47.644 INFO  ProgressMeter -          14:78381001              8.9               7594450         858045.9
14:55:57.644 INFO  ProgressMeter -          15:15563401              9.0               7742890         858648.3
14:56:07.644 INFO  ProgressMeter -          15:41168401              9.2               7828240         852359.5
14:56:17.644 INFO  ProgressMeter -          15:55151401              9.4               7874850         842151.9
14:56:27.645 INFO  ProgressMeter -         15:102455113              9.5               8032530         843970.3
14:56:37.645 INFO  ProgressMeter -          16:39180301              9.7               8163390         842958.2
14:56:47.645 INFO  ProgressMeter -          16:83649301              9.9               8311620         843743.6
14:56:57.645 INFO  ProgressMeter -          17:38009401             10.0               8460670         844584.8
14:57:07.645 INFO  ProgressMeter -           18:2195101             10.2               8611940         845616.3
14:57:17.645 INFO  ProgressMeter -          18:47261101             10.4               8762160         846513.3
14:57:27.645 INFO  ProgressMeter -          19:14144701             10.5               8912030         847348.5
14:57:37.645 INFO  ProgressMeter -          19:58112701             10.7               9058590         847847.8
14:57:47.645 INFO  ProgressMeter -          20:30621601             10.9               9164050         844544.1
14:57:58.633 INFO  ProgressMeter -          20:60954601             11.0               9265160         839691.9
14:58:08.632 INFO  ProgressMeter -          21:28006801             11.2               9365420         836148.4
14:58:18.632 INFO  ProgressMeter -          22:23877901             11.4               9512090         836791.7
14:58:28.632 INFO  ProgressMeter -           X:17306101             11.5               9661200         837627.9
14:58:38.736 INFO  ProgressMeter -           X:50204101             11.7               9770860         834945.0
14:58:48.736 INFO  ProgressMeter -           X:85991101             11.9               9890150         833271.1
14:58:58.736 INFO  ProgressMeter -          X:130346101             12.0              10038000         834016.5
14:59:08.736 INFO  ProgressMeter -           Y:19607401             12.2              10186440         834789.9
14:59:18.736 INFO  ProgressMeter -    GL000194.1:156001             12.4              10336800         835697.7
14:59:18.965 INFO  Mutect2 - 8456 read(s) filtered by: ((((((((((MappingQualityReadFilter AND MappingQualityAvailableReadFilter) AND MappingQualityNotZeroReadFilter) AND MappedReadFilter) AND NotSecondaryAlignmentReadFilter) AND NotDuplicateReadFilter) AND PassesVendorQualityCheckReadFilter) AND NonZeroReferenceLengthAlignmentReadFilter) AND ) AND GoodCigarReadFilter) AND WellformedReadFilter)
  8456 read(s) filtered by: (((((((((MappingQualityReadFilter AND MappingQualityAvailableReadFilter) AND MappingQualityNotZeroReadFilter) AND MappedReadFilter) AND NotSecondaryAlignmentReadFilter) AND NotDuplicateReadFilter) AND PassesVendorQualityCheckReadFilter) AND NonZeroReferenceLengthAlignmentReadFilter) AND ) AND GoodCigarReadFilter)
      8456 read(s) filtered by: ((((((((MappingQualityReadFilter AND MappingQualityAvailableReadFilter) AND MappingQualityNotZeroReadFilter) AND MappedReadFilter) AND NotSecondaryAlignmentReadFilter) AND NotDuplicateReadFilter) AND PassesVendorQualityCheckReadFilter) AND NonZeroReferenceLengthAlignmentReadFilter) AND )
          8456 read(s) filtered by: (((((((MappingQualityReadFilter AND MappingQualityAvailableReadFilter) AND MappingQualityNotZeroReadFilter) AND MappedReadFilter) AND NotSecondaryAlignmentReadFilter) AND NotDuplicateReadFilter) AND PassesVendorQualityCheckReadFilter) AND NonZeroReferenceLengthAlignmentReadFilter)
              8456 read(s) filtered by: ((((((MappingQualityReadFilter AND MappingQualityAvailableReadFilter) AND MappingQualityNotZeroReadFilter) AND MappedReadFilter) AND NotSecondaryAlignmentReadFilter) AND NotDuplicateReadFilter) AND PassesVendorQualityCheckReadFilter)
                  8456 read(s) filtered by: (((((MappingQualityReadFilter AND MappingQualityAvailableReadFilter) AND MappingQualityNotZeroReadFilter) AND MappedReadFilter) AND NotSecondaryAlignmentReadFilter) AND NotDuplicateReadFilter)
                      8446 read(s) filtered by: ((((MappingQualityReadFilter AND MappingQualityAvailableReadFilter) AND MappingQualityNotZeroReadFilter) AND MappedReadFilter) AND NotSecondaryAlignmentReadFilter)
                          8446 read(s) filtered by: (((MappingQualityReadFilter AND MappingQualityAvailableReadFilter) AND MappingQualityNotZeroReadFilter) AND MappedReadFilter)
                              8446 read(s) filtered by: ((MappingQualityReadFilter AND MappingQualityAvailableReadFilter) AND MappingQualityNotZeroReadFilter)
                                  8446 read(s) filtered by: (MappingQualityReadFilter AND MappingQualityAvailableReadFilter)
                                      8446 read(s) filtered by: MappingQualityReadFilter 
                      10 read(s) filtered by: NotDuplicateReadFilter 

14:59:18.965 INFO  ProgressMeter -     NC_007605:171601             12.4              10340020         835700.1
14:59:18.965 INFO  ProgressMeter - Traversal complete. Processed 10340020 total regions in 12.4 minutes.
14:59:18.976 INFO  VectorLoglessPairHMM - Time spent in setup for JNI call : 0.00209137
14:59:18.976 INFO  PairHMM - Total compute time in PairHMM computeLogLikelihoods() : 0.014151455
14:59:18.976 INFO  SmithWatermanAligner - Total compute time in java Smith-Waterman : 0.26 sec
14:59:19.008 INFO  Mutect2 - Shutting down engine
[May 31, 2018 2:59:19 PM EDT] org.broadinstitute.hellbender.tools.walkers.mutect.Mutect2 done. Elapsed time: 12.41 minutes.
Runtime.totalMemory()=4436000768
Tool returned:
SUCCESS
[Thu May 31 14:59:19 2018] Finished job 0.
[Thu May 31 14:59:19 2018] 1 of 1 steps (100%) done
[Thu May 31 14:59:19 2018] Complete log: /projects/barthf/GLASS-WG/.snakemake/log/2018-05-31T144650.772463.snakemake.log


--------------------------------------------------------------------------------
|  JAX TORQUE EPILOGUE
|
|  Job ID: 6608685.helix-master
|  Exit Status: 0
|  Requested Resources:
|      mem=12gb,nodes=1:ppn=2,walltime=00:30:00
|  Resources Consumed:
|      cput=00:29:38,mem=4733468kb,vmem=19297196kb,walltime=00:12:30
|  Walltime accuracy: 41.7%
|
| Epilogue Host (TORQUE Mother Superior): helix125
|
--------------------------------------------------------------------------------
