[Fri Jun  1 13:23:28 2018] Building DAG of jobs...
[Fri Jun  1 13:23:28 2018] Using shell: /bin/bash
[Fri Jun  1 13:23:28 2018] Provided cores: 32
[Fri Jun  1 13:23:28 2018] Rules claiming more threads will be scaled down.
[Fri Jun  1 13:23:28 2018] Job counts:
[Fri Jun  1 13:23:28 2018] 	count	jobs
[Fri Jun  1 13:23:28 2018] 	1	callsnv
[Fri Jun  1 13:23:28 2018] 	1

[Fri Jun  1 13:23:28 2018] Job 0: Calling SNVs (Mutect2)
[Fri Jun  1 13:23:28 2018] Pair: A
[Fri Jun  1 13:23:28 2018] Interval: temp_0039_of_50

[Fri Jun  1 13:23:28 2018] TEST_NAM=`samtools view -H results/bqsr/testT-A.realn.dedup.bqsr.bam | grep '^@RG' | sed "s/.*SM:\([^\t]*\).*/\1/g" | uniq`;CTRL_NAM=`samtools view -H results/bqsr/testN-A.realn.dedup.bqsr.bam | grep '^@RG' | sed "s/.*SM:\([^\t]*\).*/\1/g" | uniq`;gatk --java-options -Xmx12g Mutect2             -R /projects/barthf/hg19broad/Homo_sapiens_assembly19.fasta             -I results/bqsr/testT-A.realn.dedup.bqsr.bam             -I results/bqsr/testN-A.realn.dedup.bqsr.bam             -L /projects/verhaak-lab/verhaak_ref/gatk-legacy-bundles/b37/scattered_wgs_intervals/scatter-50/temp_0039_of_50/scattered.interval_list             --tumor-sample $TEST_NAM             --normal-sample $CTRL_NAM             --panel-of-normals results/pon/test.pon.vcf             --germline-resource /projects/barthf/GTex-somatic/data/gnomad/af-only-gnomad.raw.sites.b37.vcf.gz             --af-of-alleles-not-in-resource 0.00000406055             --dont-use-soft-clipped-bases true             --standard-min-confidence-threshold-for-calling 20             --disable-read-filter MateOnSameContigOrNoMappedMateReadFilter             -O results/m2vcf-scatter/A.temp_0039_of_50.vcf             -bamout results/m2bam/A.temp_0039_of_50.bam
Using GATK jar /home/barthf/opt/gatk-4.0.2.1/gatk-package-4.0.2.1-local.jar
Running:
    java -Dsamjdk.use_async_io_read_samtools=false -Dsamjdk.use_async_io_write_samtools=true -Dsamjdk.use_async_io_write_tribble=false -Dsamjdk.compression_level=1 -Xmx12g -jar /home/barthf/opt/gatk-4.0.2.1/gatk-package-4.0.2.1-local.jar Mutect2 -R /projects/barthf/hg19broad/Homo_sapiens_assembly19.fasta -I results/bqsr/testT-A.realn.dedup.bqsr.bam -I results/bqsr/testN-A.realn.dedup.bqsr.bam -L /projects/verhaak-lab/verhaak_ref/gatk-legacy-bundles/b37/scattered_wgs_intervals/scatter-50/temp_0039_of_50/scattered.interval_list --tumor-sample QTL190044 --normal-sample QTL190044 --panel-of-normals results/pon/test.pon.vcf --germline-resource /projects/barthf/GTex-somatic/data/gnomad/af-only-gnomad.raw.sites.b37.vcf.gz --af-of-alleles-not-in-resource 0.00000406055 --dont-use-soft-clipped-bases true --standard-min-confidence-threshold-for-calling 20 --disable-read-filter MateOnSameContigOrNoMappedMateReadFilter -O results/m2vcf-scatter/A.temp_0039_of_50.vcf -bamout results/m2bam/A.temp_0039_of_50.bam
13:25:06.894 WARN  GATKReadFilterPluginDescriptor - Disabled filter (MateOnSameContigOrNoMappedMateReadFilter) is not enabled by this tool
13:25:07.220 INFO  NativeLibraryLoader - Loading libgkl_compression.so from jar:file:/home/barthf/opt/gatk-4.0.2.1/gatk-package-4.0.2.1-local.jar!/com/intel/gkl/native/libgkl_compression.so
13:25:24.788 INFO  Mutect2 - ------------------------------------------------------------
13:25:24.802 INFO  Mutect2 - The Genome Analysis Toolkit (GATK) v4.0.2.1
13:25:24.802 INFO  Mutect2 - For support and documentation go to https://software.broadinstitute.org/gatk/
13:25:24.814 INFO  Mutect2 - Executing as barthf@helix097 on Linux v2.6.32-696.18.7.el6.x86_64 amd64
13:25:24.815 INFO  Mutect2 - Java runtime: Java HotSpot(TM) 64-Bit Server VM v1.8.0_73-b02
13:25:24.823 INFO  Mutect2 - Start Date/Time: June 1, 2018 1:25:06 PM EDT
13:25:24.824 INFO  Mutect2 - ------------------------------------------------------------
13:25:24.824 INFO  Mutect2 - ------------------------------------------------------------
13:25:24.851 INFO  Mutect2 - HTSJDK Version: 2.14.3
13:25:24.854 INFO  Mutect2 - Picard Version: 2.17.2
13:25:24.855 INFO  Mutect2 - HTSJDK Defaults.COMPRESSION_LEVEL : 1
13:25:24.859 INFO  Mutect2 - HTSJDK Defaults.USE_ASYNC_IO_READ_FOR_SAMTOOLS : false
13:25:24.859 INFO  Mutect2 - HTSJDK Defaults.USE_ASYNC_IO_WRITE_FOR_SAMTOOLS : true
13:25:24.859 INFO  Mutect2 - HTSJDK Defaults.USE_ASYNC_IO_WRITE_FOR_TRIBBLE : false
13:25:24.861 INFO  Mutect2 - Deflater: IntelDeflater
13:25:24.861 INFO  Mutect2 - Inflater: IntelInflater
13:25:24.862 INFO  Mutect2 - GCS max retries/reopens: 20
13:25:24.862 INFO  Mutect2 - Using google-cloud-java patch 6d11bef1c81f885c26b2b56c8616b7a705171e4f from https://github.com/droazen/google-cloud-java/tree/dr_all_nio_fixes
13:25:24.863 INFO  Mutect2 - Initializing engine
WARNING: BAM index file /projects/barthf/GLASS-WG/results/bqsr/testT-A.realn.dedup.bqsr.bai is older than BAM /projects/barthf/GLASS-WG/results/bqsr/testT-A.realn.dedup.bqsr.bam
WARNING: BAM index file /projects/barthf/GLASS-WG/results/bqsr/testN-A.realn.dedup.bqsr.bai is older than BAM /projects/barthf/GLASS-WG/results/bqsr/testN-A.realn.dedup.bqsr.bam
13:25:28.399 INFO  FeatureManager - Using codec VCFCodec to read file file:///projects/barthf/GLASS-WG/results/pon/test.pon.vcf
13:25:28.491 INFO  FeatureManager - Using codec VCFCodec to read file file:///projects/barthf/GTex-somatic/data/gnomad/af-only-gnomad.raw.sites.b37.vcf.gz
13:25:29.051 INFO  IntervalArgumentCollection - Processing 88349540 bp from intervals
13:25:29.074 WARN  IndexUtils - Feature file "/projects/barthf/GTex-somatic/data/gnomad/af-only-gnomad.raw.sites.b37.vcf.gz" appears to contain no sequence dictionary. Attempting to retrieve a sequence dictionary from the associated index file
13:25:29.306 INFO  Mutect2 - Done initializing engine
13:25:49.502 INFO  NativeLibraryLoader - Loading libgkl_utils.so from jar:file:/home/barthf/opt/gatk-4.0.2.1/gatk-package-4.0.2.1-local.jar!/com/intel/gkl/native/libgkl_utils.so
13:25:49.521 INFO  NativeLibraryLoader - Loading libgkl_pairhmm_omp.so from jar:file:/home/barthf/opt/gatk-4.0.2.1/gatk-package-4.0.2.1-local.jar!/com/intel/gkl/native/libgkl_pairhmm_omp.so
13:25:49.659 WARN  IntelPairHmm - Flush-to-zero (FTZ) is enabled when running PairHMM
13:25:49.662 INFO  IntelPairHmm - Available threads: 32
13:25:49.663 INFO  IntelPairHmm - Requested threads: 4
13:25:49.663 INFO  PairHMM - Using the OpenMP multi-threaded AVX-accelerated native PairHMM implementation
13:25:50.001 INFO  ProgressMeter - Starting traversal
13:25:50.005 INFO  ProgressMeter -        Current Locus  Elapsed Minutes     Regions Processed   Regions/Minute
13:26:08.562 INFO  ProgressMeter -          14:19650701              0.3                  2170           7024.9
13:26:32.423 INFO  ProgressMeter -          14:21105701              0.7                  7020           9931.2
13:26:50.978 INFO  ProgressMeter -          14:21321701              1.0                  7740           7617.1
13:27:19.340 INFO  ProgressMeter -          14:22926701              1.5                 13090           8791.8
13:27:49.563 INFO  ProgressMeter -          14:24882701              2.0                 19610           9841.4
13:28:07.072 INFO  ProgressMeter -          14:27135701              2.3                 27120          11871.7
13:28:21.249 INFO  ProgressMeter -          14:29574701              2.5                 35250          13984.6
13:28:49.341 INFO  ProgressMeter -          14:29793701              3.0                 35980          12038.1
13:28:59.340 INFO  ProgressMeter -          14:30984701              3.2                 39950          12660.3
13:29:54.628 INFO  ProgressMeter -          14:33039701              4.1                 46800          11479.1
13:30:25.843 INFO  ProgressMeter -          14:36312701              4.6                 57710          12553.9
13:30:59.353 INFO  ProgressMeter -          14:36546701              5.2                 58490          11344.7
13:33:10.544 INFO  ProgressMeter -          14:36717701              7.3                 59060           8043.8
13:34:19.409 INFO  ProgressMeter -          14:40392701              8.5                 71310           8399.3
13:34:52.969 INFO  ProgressMeter -          14:44322701              9.0                 84410           9327.7
13:35:25.401 INFO  ProgressMeter -          14:44553701              9.6                 85180           8882.3
13:35:44.390 INFO  ProgressMeter -          14:44787701              9.9                 85960           8677.3
13:35:57.430 INFO  ProgressMeter -          14:45021701             10.1                 86740           8568.0
13:36:35.390 INFO  ProgressMeter -          14:45234701             10.8                 87450           8130.1
13:37:14.755 INFO  ProgressMeter -          14:50085701             11.4                103620           9079.6
13:37:24.760 INFO  ProgressMeter -          14:53955701             11.6                116520          10062.9
13:37:35.018 INFO  ProgressMeter -          14:54960701             11.8                119870          10201.6
13:37:47.668 INFO  ProgressMeter -          14:55170701             12.0                120570          10080.3
13:37:58.264 INFO  ProgressMeter -          14:55401701             12.1                121340           9997.1
13:38:31.829 INFO  ProgressMeter -          14:55635701             12.7                122120           9618.1
13:38:43.817 INFO  ProgressMeter -          14:55869701             12.9                122900           9529.5
13:38:59.177 INFO  ProgressMeter -          14:56052701             13.2                123510           9390.4
13:39:16.249 INFO  ProgressMeter -          14:56286701             13.4                124290           9249.6
13:39:26.260 INFO  ProgressMeter -          14:57438701             13.6                128130           9418.4
13:39:52.013 INFO  ProgressMeter -          14:63033701             14.0                146780          10459.3
13:40:02.015 INFO  ProgressMeter -          14:68187701             14.2                163960          11546.4
13:40:20.976 INFO  ProgressMeter -          14:69714701             14.5                169050          11645.7
13:40:31.778 INFO  ProgressMeter -          14:70059701             14.7                170200          11581.2
13:40:44.940 INFO  ProgressMeter -          14:70281701             14.9                170940          11460.5
13:40:54.940 INFO  ProgressMeter -          14:75492701             15.1                188310          12485.6
13:41:04.941 INFO  ProgressMeter -          14:79326701             15.2                201090          13187.2
13:41:14.952 INFO  ProgressMeter -          14:85200701             15.4                220670          14314.6
13:41:24.956 INFO  ProgressMeter -          14:93312701             15.6                247710          15896.8
13:41:34.959 INFO  ProgressMeter -          14:96582701             15.7                258610          16420.6
13:41:44.959 INFO  ProgressMeter -         14:104925701             15.9                286420          17995.9
13:41:47.503 INFO  Mutect2 - 12 read(s) filtered by: ((((((((((MappingQualityReadFilter AND MappingQualityAvailableReadFilter) AND MappingQualityNotZeroReadFilter) AND MappedReadFilter) AND NotSecondaryAlignmentReadFilter) AND NotDuplicateReadFilter) AND PassesVendorQualityCheckReadFilter) AND NonZeroReferenceLengthAlignmentReadFilter) AND ) AND GoodCigarReadFilter) AND WellformedReadFilter)
  12 read(s) filtered by: (((((((((MappingQualityReadFilter AND MappingQualityAvailableReadFilter) AND MappingQualityNotZeroReadFilter) AND MappedReadFilter) AND NotSecondaryAlignmentReadFilter) AND NotDuplicateReadFilter) AND PassesVendorQualityCheckReadFilter) AND NonZeroReferenceLengthAlignmentReadFilter) AND ) AND GoodCigarReadFilter)
      12 read(s) filtered by: ((((((((MappingQualityReadFilter AND MappingQualityAvailableReadFilter) AND MappingQualityNotZeroReadFilter) AND MappedReadFilter) AND NotSecondaryAlignmentReadFilter) AND NotDuplicateReadFilter) AND PassesVendorQualityCheckReadFilter) AND NonZeroReferenceLengthAlignmentReadFilter) AND )
          12 read(s) filtered by: (((((((MappingQualityReadFilter AND MappingQualityAvailableReadFilter) AND MappingQualityNotZeroReadFilter) AND MappedReadFilter) AND NotSecondaryAlignmentReadFilter) AND NotDuplicateReadFilter) AND PassesVendorQualityCheckReadFilter) AND NonZeroReferenceLengthAlignmentReadFilter)
              12 read(s) filtered by: ((((((MappingQualityReadFilter AND MappingQualityAvailableReadFilter) AND MappingQualityNotZeroReadFilter) AND MappedReadFilter) AND NotSecondaryAlignmentReadFilter) AND NotDuplicateReadFilter) AND PassesVendorQualityCheckReadFilter)
                  12 read(s) filtered by: (((((MappingQualityReadFilter AND MappingQualityAvailableReadFilter) AND MappingQualityNotZeroReadFilter) AND MappedReadFilter) AND NotSecondaryAlignmentReadFilter) AND NotDuplicateReadFilter)
                      12 read(s) filtered by: ((((MappingQualityReadFilter AND MappingQualityAvailableReadFilter) AND MappingQualityNotZeroReadFilter) AND MappedReadFilter) AND NotSecondaryAlignmentReadFilter)
                          12 read(s) filtered by: (((MappingQualityReadFilter AND MappingQualityAvailableReadFilter) AND MappingQualityNotZeroReadFilter) AND MappedReadFilter)
                              12 read(s) filtered by: ((MappingQualityReadFilter AND MappingQualityAvailableReadFilter) AND MappingQualityNotZeroReadFilter)
                                  12 read(s) filtered by: (MappingQualityReadFilter AND MappingQualityAvailableReadFilter)
                                      12 read(s) filtered by: MappingQualityReadFilter 

13:41:47.506 INFO  ProgressMeter -         14:107346701             16.0                294499          18454.3
13:41:47.507 INFO  ProgressMeter - Traversal complete. Processed 294499 total regions in 16.0 minutes.
13:41:47.541 INFO  VectorLoglessPairHMM - Time spent in setup for JNI call : 0.0
13:41:47.543 INFO  PairHMM - Total compute time in PairHMM computeLogLikelihoods() : 0.0
13:41:47.545 INFO  SmithWatermanAligner - Total compute time in java Smith-Waterman : 0.00 sec
13:41:47.654 INFO  Mutect2 - Shutting down engine
[June 1, 2018 1:41:47 PM EDT] org.broadinstitute.hellbender.tools.walkers.mutect.Mutect2 done. Elapsed time: 16.68 minutes.
Runtime.totalMemory()=6280970240
Tool returned:
SUCCESS
[Fri Jun  1 13:41:50 2018] Finished job 0.
[Fri Jun  1 13:41:50 2018] 1 of 1 steps (100%) done
[Fri Jun  1 13:41:50 2018] Complete log: /projects/barthf/GLASS-WG/.snakemake/log/2018-06-01T132323.657447.snakemake.log


--------------------------------------------------------------------------------
|  JAX TORQUE EPILOGUE
|
|  Job ID: 6628717.helix-master
|  Exit Status: 0
|  Requested Resources:
|      mem=12gb,nodes=1:ppn=2,walltime=00:30:00
|  Resources Consumed:
|      cput=02:05:40,mem=4410284kb,vmem=18898980kb,walltime=00:18:33
|  Walltime accuracy: 61.8%
|
| Epilogue Host (TORQUE Mother Superior): helix097
|
--------------------------------------------------------------------------------
