[Fri Jun  1 13:23:14 2018] Building DAG of jobs...
[Fri Jun  1 13:23:14 2018] Using shell: /bin/bash
[Fri Jun  1 13:23:14 2018] Provided cores: 56
[Fri Jun  1 13:23:14 2018] Rules claiming more threads will be scaled down.
[Fri Jun  1 13:23:14 2018] Job counts:
[Fri Jun  1 13:23:14 2018] 	count	jobs
[Fri Jun  1 13:23:14 2018] 	1	callsnv
[Fri Jun  1 13:23:14 2018] 	1

[Fri Jun  1 13:23:14 2018] Job 0: Calling SNVs (Mutect2)
[Fri Jun  1 13:23:14 2018] Pair: A
[Fri Jun  1 13:23:14 2018] Interval: temp_0020_of_50

[Fri Jun  1 13:23:14 2018] TEST_NAM=`samtools view -H results/bqsr/testT-A.realn.dedup.bqsr.bam | grep '^@RG' | sed "s/.*SM:\([^\t]*\).*/\1/g" | uniq`;CTRL_NAM=`samtools view -H results/bqsr/testN-A.realn.dedup.bqsr.bam | grep '^@RG' | sed "s/.*SM:\([^\t]*\).*/\1/g" | uniq`;gatk --java-options -Xmx12g Mutect2             -R /projects/barthf/hg19broad/Homo_sapiens_assembly19.fasta             -I results/bqsr/testT-A.realn.dedup.bqsr.bam             -I results/bqsr/testN-A.realn.dedup.bqsr.bam             -L /projects/verhaak-lab/verhaak_ref/gatk-legacy-bundles/b37/scattered_wgs_intervals/scatter-50/temp_0020_of_50/scattered.interval_list             --tumor-sample $TEST_NAM             --normal-sample $CTRL_NAM             --panel-of-normals results/pon/test.pon.vcf             --germline-resource /projects/barthf/GTex-somatic/data/gnomad/af-only-gnomad.raw.sites.b37.vcf.gz             --af-of-alleles-not-in-resource 0.00000406055             --dont-use-soft-clipped-bases true             --standard-min-confidence-threshold-for-calling 20             --disable-read-filter MateOnSameContigOrNoMappedMateReadFilter             -O results/m2vcf-scatter/A.temp_0020_of_50.vcf             -bamout results/m2bam/A.temp_0020_of_50.bam
Using GATK jar /home/barthf/opt/gatk-4.0.2.1/gatk-package-4.0.2.1-local.jar
Running:
    java -Dsamjdk.use_async_io_read_samtools=false -Dsamjdk.use_async_io_write_samtools=true -Dsamjdk.use_async_io_write_tribble=false -Dsamjdk.compression_level=1 -Xmx12g -jar /home/barthf/opt/gatk-4.0.2.1/gatk-package-4.0.2.1-local.jar Mutect2 -R /projects/barthf/hg19broad/Homo_sapiens_assembly19.fasta -I results/bqsr/testT-A.realn.dedup.bqsr.bam -I results/bqsr/testN-A.realn.dedup.bqsr.bam -L /projects/verhaak-lab/verhaak_ref/gatk-legacy-bundles/b37/scattered_wgs_intervals/scatter-50/temp_0020_of_50/scattered.interval_list --tumor-sample QTL190044 --normal-sample QTL190044 --panel-of-normals results/pon/test.pon.vcf --germline-resource /projects/barthf/GTex-somatic/data/gnomad/af-only-gnomad.raw.sites.b37.vcf.gz --af-of-alleles-not-in-resource 0.00000406055 --dont-use-soft-clipped-bases true --standard-min-confidence-threshold-for-calling 20 --disable-read-filter MateOnSameContigOrNoMappedMateReadFilter -O results/m2vcf-scatter/A.temp_0020_of_50.vcf -bamout results/m2bam/A.temp_0020_of_50.bam
13:23:17.811 WARN  GATKReadFilterPluginDescriptor - Disabled filter (MateOnSameContigOrNoMappedMateReadFilter) is not enabled by this tool
13:23:17.848 INFO  NativeLibraryLoader - Loading libgkl_compression.so from jar:file:/home/barthf/opt/gatk-4.0.2.1/gatk-package-4.0.2.1-local.jar!/com/intel/gkl/native/libgkl_compression.so
13:23:17.954 INFO  Mutect2 - ------------------------------------------------------------
13:23:17.955 INFO  Mutect2 - The Genome Analysis Toolkit (GATK) v4.0.2.1
13:23:17.955 INFO  Mutect2 - For support and documentation go to https://software.broadinstitute.org/gatk/
13:23:17.955 INFO  Mutect2 - Executing as barthf@helix118 on Linux v2.6.32-696.18.7.el6.x86_64 amd64
13:23:17.955 INFO  Mutect2 - Java runtime: Java HotSpot(TM) 64-Bit Server VM v1.8.0_73-b02
13:23:17.955 INFO  Mutect2 - Start Date/Time: June 1, 2018 1:23:17 PM EDT
13:23:17.955 INFO  Mutect2 - ------------------------------------------------------------
13:23:17.955 INFO  Mutect2 - ------------------------------------------------------------
13:23:17.956 INFO  Mutect2 - HTSJDK Version: 2.14.3
13:23:17.956 INFO  Mutect2 - Picard Version: 2.17.2
13:23:17.956 INFO  Mutect2 - HTSJDK Defaults.COMPRESSION_LEVEL : 1
13:23:17.956 INFO  Mutect2 - HTSJDK Defaults.USE_ASYNC_IO_READ_FOR_SAMTOOLS : false
13:23:17.956 INFO  Mutect2 - HTSJDK Defaults.USE_ASYNC_IO_WRITE_FOR_SAMTOOLS : true
13:23:17.956 INFO  Mutect2 - HTSJDK Defaults.USE_ASYNC_IO_WRITE_FOR_TRIBBLE : false
13:23:17.956 INFO  Mutect2 - Deflater: IntelDeflater
13:23:17.956 INFO  Mutect2 - Inflater: IntelInflater
13:23:17.956 INFO  Mutect2 - GCS max retries/reopens: 20
13:23:17.956 INFO  Mutect2 - Using google-cloud-java patch 6d11bef1c81f885c26b2b56c8616b7a705171e4f from https://github.com/droazen/google-cloud-java/tree/dr_all_nio_fixes
13:23:17.956 INFO  Mutect2 - Initializing engine
WARNING: BAM index file /projects/barthf/GLASS-WG/results/bqsr/testT-A.realn.dedup.bqsr.bai is older than BAM /projects/barthf/GLASS-WG/results/bqsr/testT-A.realn.dedup.bqsr.bam
WARNING: BAM index file /projects/barthf/GLASS-WG/results/bqsr/testN-A.realn.dedup.bqsr.bai is older than BAM /projects/barthf/GLASS-WG/results/bqsr/testN-A.realn.dedup.bqsr.bam
13:23:18.521 INFO  FeatureManager - Using codec VCFCodec to read file file:///projects/barthf/GLASS-WG/results/pon/test.pon.vcf
13:23:18.536 INFO  FeatureManager - Using codec VCFCodec to read file file:///projects/barthf/GTex-somatic/data/gnomad/af-only-gnomad.raw.sites.b37.vcf.gz
13:23:18.641 INFO  IntervalArgumentCollection - Processing 59425425 bp from intervals
13:23:18.644 WARN  IndexUtils - Feature file "/projects/barthf/GTex-somatic/data/gnomad/af-only-gnomad.raw.sites.b37.vcf.gz" appears to contain no sequence dictionary. Attempting to retrieve a sequence dictionary from the associated index file
13:23:18.840 INFO  Mutect2 - Done initializing engine
13:23:19.581 INFO  NativeLibraryLoader - Loading libgkl_utils.so from jar:file:/home/barthf/opt/gatk-4.0.2.1/gatk-package-4.0.2.1-local.jar!/com/intel/gkl/native/libgkl_utils.so
13:23:19.583 INFO  NativeLibraryLoader - Loading libgkl_pairhmm_omp.so from jar:file:/home/barthf/opt/gatk-4.0.2.1/gatk-package-4.0.2.1-local.jar!/com/intel/gkl/native/libgkl_pairhmm_omp.so
13:23:19.621 WARN  IntelPairHmm - Flush-to-zero (FTZ) is enabled when running PairHMM
13:23:19.622 INFO  IntelPairHmm - Available threads: 56
13:23:19.622 INFO  IntelPairHmm - Requested threads: 4
13:23:19.622 INFO  PairHMM - Using the OpenMP multi-threaded AVX-accelerated native PairHMM implementation
13:23:19.687 INFO  ProgressMeter - Starting traversal
13:23:19.688 INFO  ProgressMeter -        Current Locus  Elapsed Minutes     Regions Processed   Regions/Minute
13:23:31.898 INFO  ProgressMeter -           6:49190856              0.2                 54980         270194.1
13:23:41.897 INFO  ProgressMeter -           6:56942856              0.4                 80820         218343.9
13:23:52.854 INFO  ProgressMeter -           6:65747690              0.6                 98320         177868.9
13:24:04.219 INFO  ProgressMeter -           6:66734690              0.7                101610         136906.9
13:24:15.920 INFO  ProgressMeter -           6:67616690              0.9                104550         111555.7
13:24:27.722 INFO  ProgressMeter -           6:67859690              1.1                105360          92918.2
13:24:37.722 INFO  ProgressMeter -           6:85154690              1.3                163010         125337.7
13:24:40.076 INFO  Mutect2 - 18 read(s) filtered by: ((((((((((MappingQualityReadFilter AND MappingQualityAvailableReadFilter) AND MappingQualityNotZeroReadFilter) AND MappedReadFilter) AND NotSecondaryAlignmentReadFilter) AND NotDuplicateReadFilter) AND PassesVendorQualityCheckReadFilter) AND NonZeroReferenceLengthAlignmentReadFilter) AND ) AND GoodCigarReadFilter) AND WellformedReadFilter)
  18 read(s) filtered by: (((((((((MappingQualityReadFilter AND MappingQualityAvailableReadFilter) AND MappingQualityNotZeroReadFilter) AND MappedReadFilter) AND NotSecondaryAlignmentReadFilter) AND NotDuplicateReadFilter) AND PassesVendorQualityCheckReadFilter) AND NonZeroReferenceLengthAlignmentReadFilter) AND ) AND GoodCigarReadFilter)
      18 read(s) filtered by: ((((((((MappingQualityReadFilter AND MappingQualityAvailableReadFilter) AND MappingQualityNotZeroReadFilter) AND MappedReadFilter) AND NotSecondaryAlignmentReadFilter) AND NotDuplicateReadFilter) AND PassesVendorQualityCheckReadFilter) AND NonZeroReferenceLengthAlignmentReadFilter) AND )
          18 read(s) filtered by: (((((((MappingQualityReadFilter AND MappingQualityAvailableReadFilter) AND MappingQualityNotZeroReadFilter) AND MappedReadFilter) AND NotSecondaryAlignmentReadFilter) AND NotDuplicateReadFilter) AND PassesVendorQualityCheckReadFilter) AND NonZeroReferenceLengthAlignmentReadFilter)
              18 read(s) filtered by: ((((((MappingQualityReadFilter AND MappingQualityAvailableReadFilter) AND MappingQualityNotZeroReadFilter) AND MappedReadFilter) AND NotSecondaryAlignmentReadFilter) AND NotDuplicateReadFilter) AND PassesVendorQualityCheckReadFilter)
                  18 read(s) filtered by: (((((MappingQualityReadFilter AND MappingQualityAvailableReadFilter) AND MappingQualityNotZeroReadFilter) AND MappedReadFilter) AND NotSecondaryAlignmentReadFilter) AND NotDuplicateReadFilter)
                      18 read(s) filtered by: ((((MappingQualityReadFilter AND MappingQualityAvailableReadFilter) AND MappingQualityNotZeroReadFilter) AND MappedReadFilter) AND NotSecondaryAlignmentReadFilter)
                          18 read(s) filtered by: (((MappingQualityReadFilter AND MappingQualityAvailableReadFilter) AND MappingQualityNotZeroReadFilter) AND MappedReadFilter)
                              18 read(s) filtered by: ((MappingQualityReadFilter AND MappingQualityAvailableReadFilter) AND MappingQualityNotZeroReadFilter)
                                  18 read(s) filtered by: (MappingQualityReadFilter AND MappingQualityAvailableReadFilter)
                                      18 read(s) filtered by: MappingQualityReadFilter 

13:24:40.076 INFO  ProgressMeter -           6:95678690              1.3                198096         147854.9
13:24:40.076 INFO  ProgressMeter - Traversal complete. Processed 198096 total regions in 1.3 minutes.
13:24:40.089 INFO  VectorLoglessPairHMM - Time spent in setup for JNI call : 0.0
13:24:40.089 INFO  PairHMM - Total compute time in PairHMM computeLogLikelihoods() : 0.0
13:24:40.089 INFO  SmithWatermanAligner - Total compute time in java Smith-Waterman : 0.00 sec
13:24:40.115 INFO  Mutect2 - Shutting down engine
[June 1, 2018 1:24:40 PM EDT] org.broadinstitute.hellbender.tools.walkers.mutect.Mutect2 done. Elapsed time: 1.37 minutes.
Runtime.totalMemory()=5632950272
Tool returned:
SUCCESS
[Fri Jun  1 13:24:40 2018] Finished job 0.
[Fri Jun  1 13:24:40 2018] 1 of 1 steps (100%) done
[Fri Jun  1 13:24:40 2018] Complete log: /projects/barthf/GLASS-WG/.snakemake/log/2018-06-01T132313.064937.snakemake.log


--------------------------------------------------------------------------------
|  JAX TORQUE EPILOGUE
|
|  Job ID: 6628687.helix-master
|  Exit Status: 0
|  Requested Resources:
|      mem=12gb,nodes=1:ppn=2,walltime=00:30:00
|  Resources Consumed:
|      cput=00:10:51,mem=3749452kb,vmem=19264308kb,walltime=00:01:29
|  Walltime accuracy: 4.9%
|
| Epilogue Host (TORQUE Mother Superior): helix118
|
--------------------------------------------------------------------------------
