[Fri Jun  1 13:23:12 2018] Building DAG of jobs...
[Fri Jun  1 13:23:12 2018] Using shell: /bin/bash
[Fri Jun  1 13:23:12 2018] Provided cores: 40
[Fri Jun  1 13:23:12 2018] Rules claiming more threads will be scaled down.
[Fri Jun  1 13:23:12 2018] Job counts:
[Fri Jun  1 13:23:12 2018] 	count	jobs
[Fri Jun  1 13:23:12 2018] 	1	callsnv
[Fri Jun  1 13:23:12 2018] 	1

[Fri Jun  1 13:23:12 2018] Job 0: Calling SNVs (Mutect2)
[Fri Jun  1 13:23:12 2018] Pair: A
[Fri Jun  1 13:23:12 2018] Interval: temp_0038_of_50

[Fri Jun  1 13:23:12 2018] TEST_NAM=`samtools view -H results/bqsr/testT-A.realn.dedup.bqsr.bam | grep '^@RG' | sed "s/.*SM:\([^\t]*\).*/\1/g" | uniq`;CTRL_NAM=`samtools view -H results/bqsr/testN-A.realn.dedup.bqsr.bam | grep '^@RG' | sed "s/.*SM:\([^\t]*\).*/\1/g" | uniq`;gatk --java-options -Xmx12g Mutect2             -R /projects/barthf/hg19broad/Homo_sapiens_assembly19.fasta             -I results/bqsr/testT-A.realn.dedup.bqsr.bam             -I results/bqsr/testN-A.realn.dedup.bqsr.bam             -L /projects/verhaak-lab/verhaak_ref/gatk-legacy-bundles/b37/scattered_wgs_intervals/scatter-50/temp_0038_of_50/scattered.interval_list             --tumor-sample $TEST_NAM             --normal-sample $CTRL_NAM             --panel-of-normals results/pon/test.pon.vcf             --germline-resource /projects/barthf/GTex-somatic/data/gnomad/af-only-gnomad.raw.sites.b37.vcf.gz             --af-of-alleles-not-in-resource 0.00000406055             --dont-use-soft-clipped-bases true             --standard-min-confidence-threshold-for-calling 20             --disable-read-filter MateOnSameContigOrNoMappedMateReadFilter             -O results/m2vcf-scatter/A.temp_0038_of_50.vcf             -bamout results/m2bam/A.temp_0038_of_50.bam
Using GATK jar /home/barthf/opt/gatk-4.0.2.1/gatk-package-4.0.2.1-local.jar
Running:
    java -Dsamjdk.use_async_io_read_samtools=false -Dsamjdk.use_async_io_write_samtools=true -Dsamjdk.use_async_io_write_tribble=false -Dsamjdk.compression_level=1 -Xmx12g -jar /home/barthf/opt/gatk-4.0.2.1/gatk-package-4.0.2.1-local.jar Mutect2 -R /projects/barthf/hg19broad/Homo_sapiens_assembly19.fasta -I results/bqsr/testT-A.realn.dedup.bqsr.bam -I results/bqsr/testN-A.realn.dedup.bqsr.bam -L /projects/verhaak-lab/verhaak_ref/gatk-legacy-bundles/b37/scattered_wgs_intervals/scatter-50/temp_0038_of_50/scattered.interval_list --tumor-sample QTL190044 --normal-sample QTL190044 --panel-of-normals results/pon/test.pon.vcf --germline-resource /projects/barthf/GTex-somatic/data/gnomad/af-only-gnomad.raw.sites.b37.vcf.gz --af-of-alleles-not-in-resource 0.00000406055 --dont-use-soft-clipped-bases true --standard-min-confidence-threshold-for-calling 20 --disable-read-filter MateOnSameContigOrNoMappedMateReadFilter -O results/m2vcf-scatter/A.temp_0038_of_50.vcf -bamout results/m2bam/A.temp_0038_of_50.bam
13:23:15.645 WARN  GATKReadFilterPluginDescriptor - Disabled filter (MateOnSameContigOrNoMappedMateReadFilter) is not enabled by this tool
13:23:15.697 INFO  NativeLibraryLoader - Loading libgkl_compression.so from jar:file:/home/barthf/opt/gatk-4.0.2.1/gatk-package-4.0.2.1-local.jar!/com/intel/gkl/native/libgkl_compression.so
13:23:16.866 INFO  Mutect2 - ------------------------------------------------------------
13:23:16.867 INFO  Mutect2 - The Genome Analysis Toolkit (GATK) v4.0.2.1
13:23:16.867 INFO  Mutect2 - For support and documentation go to https://software.broadinstitute.org/gatk/
13:23:16.867 INFO  Mutect2 - Executing as barthf@helix044 on Linux v2.6.32-696.18.7.el6.x86_64 amd64
13:23:16.867 INFO  Mutect2 - Java runtime: Java HotSpot(TM) 64-Bit Server VM v1.8.0_73-b02
13:23:16.868 INFO  Mutect2 - Start Date/Time: June 1, 2018 1:23:15 PM EDT
13:23:16.868 INFO  Mutect2 - ------------------------------------------------------------
13:23:16.868 INFO  Mutect2 - ------------------------------------------------------------
13:23:16.869 INFO  Mutect2 - HTSJDK Version: 2.14.3
13:23:16.869 INFO  Mutect2 - Picard Version: 2.17.2
13:23:16.869 INFO  Mutect2 - HTSJDK Defaults.COMPRESSION_LEVEL : 1
13:23:16.869 INFO  Mutect2 - HTSJDK Defaults.USE_ASYNC_IO_READ_FOR_SAMTOOLS : false
13:23:16.869 INFO  Mutect2 - HTSJDK Defaults.USE_ASYNC_IO_WRITE_FOR_SAMTOOLS : true
13:23:16.869 INFO  Mutect2 - HTSJDK Defaults.USE_ASYNC_IO_WRITE_FOR_TRIBBLE : false
13:23:16.869 INFO  Mutect2 - Deflater: IntelDeflater
13:23:16.869 INFO  Mutect2 - Inflater: IntelInflater
13:23:16.869 INFO  Mutect2 - GCS max retries/reopens: 20
13:23:16.869 INFO  Mutect2 - Using google-cloud-java patch 6d11bef1c81f885c26b2b56c8616b7a705171e4f from https://github.com/droazen/google-cloud-java/tree/dr_all_nio_fixes
13:23:16.869 INFO  Mutect2 - Initializing engine
WARNING: BAM index file /projects/barthf/GLASS-WG/results/bqsr/testT-A.realn.dedup.bqsr.bai is older than BAM /projects/barthf/GLASS-WG/results/bqsr/testT-A.realn.dedup.bqsr.bam
WARNING: BAM index file /projects/barthf/GLASS-WG/results/bqsr/testN-A.realn.dedup.bqsr.bai is older than BAM /projects/barthf/GLASS-WG/results/bqsr/testN-A.realn.dedup.bqsr.bam
13:23:17.471 INFO  FeatureManager - Using codec VCFCodec to read file file:///projects/barthf/GLASS-WG/results/pon/test.pon.vcf
13:23:17.493 INFO  FeatureManager - Using codec VCFCodec to read file file:///projects/barthf/GTex-somatic/data/gnomad/af-only-gnomad.raw.sites.b37.vcf.gz
13:23:17.630 INFO  IntervalArgumentCollection - Processing 51020701 bp from intervals
13:23:17.634 WARN  IndexUtils - Feature file "/projects/barthf/GTex-somatic/data/gnomad/af-only-gnomad.raw.sites.b37.vcf.gz" appears to contain no sequence dictionary. Attempting to retrieve a sequence dictionary from the associated index file
13:23:17.743 INFO  Mutect2 - Done initializing engine
13:23:18.496 INFO  NativeLibraryLoader - Loading libgkl_utils.so from jar:file:/home/barthf/opt/gatk-4.0.2.1/gatk-package-4.0.2.1-local.jar!/com/intel/gkl/native/libgkl_utils.so
13:23:18.498 INFO  NativeLibraryLoader - Loading libgkl_pairhmm_omp.so from jar:file:/home/barthf/opt/gatk-4.0.2.1/gatk-package-4.0.2.1-local.jar!/com/intel/gkl/native/libgkl_pairhmm_omp.so
13:23:18.542 WARN  IntelPairHmm - Flush-to-zero (FTZ) is enabled when running PairHMM
13:23:18.542 INFO  IntelPairHmm - Available threads: 40
13:23:18.542 INFO  IntelPairHmm - Requested threads: 4
13:23:18.543 INFO  PairHMM - Using the OpenMP multi-threaded AVX-accelerated native PairHMM implementation
13:23:18.608 INFO  ProgressMeter - Starting traversal
13:23:18.608 INFO  ProgressMeter -        Current Locus  Elapsed Minutes     Regions Processed   Regions/Minute
13:23:28.609 INFO  ProgressMeter -          13:98265625              0.2                114890         689340.0
13:23:32.737 INFO  Mutect2 - 10 read(s) filtered by: ((((((((((MappingQualityReadFilter AND MappingQualityAvailableReadFilter) AND MappingQualityNotZeroReadFilter) AND MappedReadFilter) AND NotSecondaryAlignmentReadFilter) AND NotDuplicateReadFilter) AND PassesVendorQualityCheckReadFilter) AND NonZeroReferenceLengthAlignmentReadFilter) AND ) AND GoodCigarReadFilter) AND WellformedReadFilter)
  10 read(s) filtered by: (((((((((MappingQualityReadFilter AND MappingQualityAvailableReadFilter) AND MappingQualityNotZeroReadFilter) AND MappedReadFilter) AND NotSecondaryAlignmentReadFilter) AND NotDuplicateReadFilter) AND PassesVendorQualityCheckReadFilter) AND NonZeroReferenceLengthAlignmentReadFilter) AND ) AND GoodCigarReadFilter)
      10 read(s) filtered by: ((((((((MappingQualityReadFilter AND MappingQualityAvailableReadFilter) AND MappingQualityNotZeroReadFilter) AND MappedReadFilter) AND NotSecondaryAlignmentReadFilter) AND NotDuplicateReadFilter) AND PassesVendorQualityCheckReadFilter) AND NonZeroReferenceLengthAlignmentReadFilter) AND )
          10 read(s) filtered by: (((((((MappingQualityReadFilter AND MappingQualityAvailableReadFilter) AND MappingQualityNotZeroReadFilter) AND MappedReadFilter) AND NotSecondaryAlignmentReadFilter) AND NotDuplicateReadFilter) AND PassesVendorQualityCheckReadFilter) AND NonZeroReferenceLengthAlignmentReadFilter)
              10 read(s) filtered by: ((((((MappingQualityReadFilter AND MappingQualityAvailableReadFilter) AND MappingQualityNotZeroReadFilter) AND MappedReadFilter) AND NotSecondaryAlignmentReadFilter) AND NotDuplicateReadFilter) AND PassesVendorQualityCheckReadFilter)
                  10 read(s) filtered by: (((((MappingQualityReadFilter AND MappingQualityAvailableReadFilter) AND MappingQualityNotZeroReadFilter) AND MappedReadFilter) AND NotSecondaryAlignmentReadFilter) AND NotDuplicateReadFilter)
                      10 read(s) filtered by: ((((MappingQualityReadFilter AND MappingQualityAvailableReadFilter) AND MappingQualityNotZeroReadFilter) AND MappedReadFilter) AND NotSecondaryAlignmentReadFilter)
                          10 read(s) filtered by: (((MappingQualityReadFilter AND MappingQualityAvailableReadFilter) AND MappingQualityNotZeroReadFilter) AND MappedReadFilter)
                              10 read(s) filtered by: ((MappingQualityReadFilter AND MappingQualityAvailableReadFilter) AND MappingQualityNotZeroReadFilter)
                                  10 read(s) filtered by: (MappingQualityReadFilter AND MappingQualityAvailableReadFilter)
                                      10 read(s) filtered by: MappingQualityReadFilter 

13:23:32.737 INFO  ProgressMeter -         13:115168949              0.2                170073         722229.5
13:23:32.738 INFO  ProgressMeter - Traversal complete. Processed 170073 total regions in 0.2 minutes.
13:23:32.749 INFO  VectorLoglessPairHMM - Time spent in setup for JNI call : 0.0
13:23:32.749 INFO  PairHMM - Total compute time in PairHMM computeLogLikelihoods() : 0.0
13:23:32.749 INFO  SmithWatermanAligner - Total compute time in java Smith-Waterman : 0.00 sec
13:23:32.765 INFO  Mutect2 - Shutting down engine
[June 1, 2018 1:23:32 PM EDT] org.broadinstitute.hellbender.tools.walkers.mutect.Mutect2 done. Elapsed time: 0.28 minutes.
Runtime.totalMemory()=5741477888
Tool returned:
SUCCESS
[Fri Jun  1 13:23:32 2018] Finished job 0.
[Fri Jun  1 13:23:32 2018] 1 of 1 steps (100%) done
[Fri Jun  1 13:23:32 2018] Complete log: /projects/barthf/GLASS-WG/.snakemake/log/2018-06-01T132311.929816.snakemake.log


--------------------------------------------------------------------------------
|  JAX TORQUE EPILOGUE
|
|  Job ID: 6628682.helix-master
|  Exit Status: 0
|  Requested Resources:
|      mem=12gb,nodes=1:ppn=2,walltime=00:30:00
|  Resources Consumed:
|      cput=00:00:34,mem=0kb,vmem=0kb,walltime=00:00:21
|  Walltime accuracy: 1.2%
|
| Epilogue Host (TORQUE Mother Superior): helix044
|
--------------------------------------------------------------------------------
