[Fri Jun  1 13:23:14 2018] Building DAG of jobs...
[Fri Jun  1 13:23:14 2018] Using shell: /bin/bash
[Fri Jun  1 13:23:14 2018] Provided cores: 32
[Fri Jun  1 13:23:14 2018] Rules claiming more threads will be scaled down.
[Fri Jun  1 13:23:14 2018] Job counts:
[Fri Jun  1 13:23:14 2018] 	count	jobs
[Fri Jun  1 13:23:14 2018] 	1	callsnv
[Fri Jun  1 13:23:14 2018] 	1

[Fri Jun  1 13:23:14 2018] Job 0: Calling SNVs (Mutect2)
[Fri Jun  1 13:23:14 2018] Pair: A
[Fri Jun  1 13:23:14 2018] Interval: temp_0031_of_50

[Fri Jun  1 13:23:14 2018] TEST_NAM=`samtools view -H results/bqsr/testT-A.realn.dedup.bqsr.bam | grep '^@RG' | sed "s/.*SM:\([^\t]*\).*/\1/g" | uniq`;CTRL_NAM=`samtools view -H results/bqsr/testN-A.realn.dedup.bqsr.bam | grep '^@RG' | sed "s/.*SM:\([^\t]*\).*/\1/g" | uniq`;gatk --java-options -Xmx12g Mutect2             -R /projects/barthf/hg19broad/Homo_sapiens_assembly19.fasta             -I results/bqsr/testT-A.realn.dedup.bqsr.bam             -I results/bqsr/testN-A.realn.dedup.bqsr.bam             -L /projects/verhaak-lab/verhaak_ref/gatk-legacy-bundles/b37/scattered_wgs_intervals/scatter-50/temp_0031_of_50/scattered.interval_list             --tumor-sample $TEST_NAM             --normal-sample $CTRL_NAM             --panel-of-normals results/pon/test.pon.vcf             --germline-resource /projects/barthf/GTex-somatic/data/gnomad/af-only-gnomad.raw.sites.b37.vcf.gz             --af-of-alleles-not-in-resource 0.00000406055             --dont-use-soft-clipped-bases true             --standard-min-confidence-threshold-for-calling 20             --disable-read-filter MateOnSameContigOrNoMappedMateReadFilter             -O results/m2vcf-scatter/A.temp_0031_of_50.vcf             -bamout results/m2bam/A.temp_0031_of_50.bam
Using GATK jar /home/barthf/opt/gatk-4.0.2.1/gatk-package-4.0.2.1-local.jar
Running:
    java -Dsamjdk.use_async_io_read_samtools=false -Dsamjdk.use_async_io_write_samtools=true -Dsamjdk.use_async_io_write_tribble=false -Dsamjdk.compression_level=1 -Xmx12g -jar /home/barthf/opt/gatk-4.0.2.1/gatk-package-4.0.2.1-local.jar Mutect2 -R /projects/barthf/hg19broad/Homo_sapiens_assembly19.fasta -I results/bqsr/testT-A.realn.dedup.bqsr.bam -I results/bqsr/testN-A.realn.dedup.bqsr.bam -L /projects/verhaak-lab/verhaak_ref/gatk-legacy-bundles/b37/scattered_wgs_intervals/scatter-50/temp_0031_of_50/scattered.interval_list --tumor-sample QTL190044 --normal-sample QTL190044 --panel-of-normals results/pon/test.pon.vcf --germline-resource /projects/barthf/GTex-somatic/data/gnomad/af-only-gnomad.raw.sites.b37.vcf.gz --af-of-alleles-not-in-resource 0.00000406055 --dont-use-soft-clipped-bases true --standard-min-confidence-threshold-for-calling 20 --disable-read-filter MateOnSameContigOrNoMappedMateReadFilter -O results/m2vcf-scatter/A.temp_0031_of_50.vcf -bamout results/m2bam/A.temp_0031_of_50.bam
13:23:22.340 WARN  GATKReadFilterPluginDescriptor - Disabled filter (MateOnSameContigOrNoMappedMateReadFilter) is not enabled by this tool
13:23:22.407 INFO  NativeLibraryLoader - Loading libgkl_compression.so from jar:file:/home/barthf/opt/gatk-4.0.2.1/gatk-package-4.0.2.1-local.jar!/com/intel/gkl/native/libgkl_compression.so
13:23:23.630 INFO  Mutect2 - ------------------------------------------------------------
13:23:23.630 INFO  Mutect2 - The Genome Analysis Toolkit (GATK) v4.0.2.1
13:23:23.631 INFO  Mutect2 - For support and documentation go to https://software.broadinstitute.org/gatk/
13:23:23.631 INFO  Mutect2 - Executing as barthf@helix079 on Linux v2.6.32-696.18.7.el6.x86_64 amd64
13:23:23.632 INFO  Mutect2 - Java runtime: Java HotSpot(TM) 64-Bit Server VM v1.8.0_73-b02
13:23:23.632 INFO  Mutect2 - Start Date/Time: June 1, 2018 1:23:22 PM EDT
13:23:23.633 INFO  Mutect2 - ------------------------------------------------------------
13:23:23.633 INFO  Mutect2 - ------------------------------------------------------------
13:23:23.634 INFO  Mutect2 - HTSJDK Version: 2.14.3
13:23:23.634 INFO  Mutect2 - Picard Version: 2.17.2
13:23:23.635 INFO  Mutect2 - HTSJDK Defaults.COMPRESSION_LEVEL : 1
13:23:23.635 INFO  Mutect2 - HTSJDK Defaults.USE_ASYNC_IO_READ_FOR_SAMTOOLS : false
13:23:23.635 INFO  Mutect2 - HTSJDK Defaults.USE_ASYNC_IO_WRITE_FOR_SAMTOOLS : true
13:23:23.635 INFO  Mutect2 - HTSJDK Defaults.USE_ASYNC_IO_WRITE_FOR_TRIBBLE : false
13:23:23.636 INFO  Mutect2 - Deflater: IntelDeflater
13:23:23.636 INFO  Mutect2 - Inflater: IntelInflater
13:23:23.636 INFO  Mutect2 - GCS max retries/reopens: 20
13:23:23.636 INFO  Mutect2 - Using google-cloud-java patch 6d11bef1c81f885c26b2b56c8616b7a705171e4f from https://github.com/droazen/google-cloud-java/tree/dr_all_nio_fixes
13:23:23.636 INFO  Mutect2 - Initializing engine
WARNING: BAM index file /projects/barthf/GLASS-WG/results/bqsr/testT-A.realn.dedup.bqsr.bai is older than BAM /projects/barthf/GLASS-WG/results/bqsr/testT-A.realn.dedup.bqsr.bam
WARNING: BAM index file /projects/barthf/GLASS-WG/results/bqsr/testN-A.realn.dedup.bqsr.bai is older than BAM /projects/barthf/GLASS-WG/results/bqsr/testN-A.realn.dedup.bqsr.bam
13:23:25.739 INFO  FeatureManager - Using codec VCFCodec to read file file:///projects/barthf/GLASS-WG/results/pon/test.pon.vcf
13:23:25.764 INFO  FeatureManager - Using codec VCFCodec to read file file:///projects/barthf/GTex-somatic/data/gnomad/af-only-gnomad.raw.sites.b37.vcf.gz
13:23:25.894 INFO  IntervalArgumentCollection - Processing 74420627 bp from intervals
13:23:25.899 WARN  IndexUtils - Feature file "/projects/barthf/GTex-somatic/data/gnomad/af-only-gnomad.raw.sites.b37.vcf.gz" appears to contain no sequence dictionary. Attempting to retrieve a sequence dictionary from the associated index file
13:23:26.017 INFO  Mutect2 - Done initializing engine
13:23:27.670 INFO  NativeLibraryLoader - Loading libgkl_utils.so from jar:file:/home/barthf/opt/gatk-4.0.2.1/gatk-package-4.0.2.1-local.jar!/com/intel/gkl/native/libgkl_utils.so
13:23:27.675 INFO  NativeLibraryLoader - Loading libgkl_pairhmm_omp.so from jar:file:/home/barthf/opt/gatk-4.0.2.1/gatk-package-4.0.2.1-local.jar!/com/intel/gkl/native/libgkl_pairhmm_omp.so
13:23:27.729 WARN  IntelPairHmm - Flush-to-zero (FTZ) is enabled when running PairHMM
13:23:27.730 INFO  IntelPairHmm - Available threads: 32
13:23:27.730 INFO  IntelPairHmm - Requested threads: 4
13:23:27.730 INFO  PairHMM - Using the OpenMP multi-threaded AVX-accelerated native PairHMM implementation
13:23:27.844 INFO  ProgressMeter - Starting traversal
13:23:27.845 INFO  ProgressMeter -        Current Locus  Elapsed Minutes     Regions Processed   Regions/Minute
13:23:37.861 INFO  ProgressMeter -          10:64291546              0.2                 42810         256475.3
13:23:48.001 INFO  ProgressMeter -          10:82735546              0.3                104290         310463.9
13:23:58.000 INFO  ProgressMeter -         10:110029546              0.5                195270         388532.6
13:24:01.649 INFO  Mutect2 - 18 read(s) filtered by: ((((((((((MappingQualityReadFilter AND MappingQualityAvailableReadFilter) AND MappingQualityNotZeroReadFilter) AND MappedReadFilter) AND NotSecondaryAlignmentReadFilter) AND NotDuplicateReadFilter) AND PassesVendorQualityCheckReadFilter) AND NonZeroReferenceLengthAlignmentReadFilter) AND ) AND GoodCigarReadFilter) AND WellformedReadFilter)
  18 read(s) filtered by: (((((((((MappingQualityReadFilter AND MappingQualityAvailableReadFilter) AND MappingQualityNotZeroReadFilter) AND MappedReadFilter) AND NotSecondaryAlignmentReadFilter) AND NotDuplicateReadFilter) AND PassesVendorQualityCheckReadFilter) AND NonZeroReferenceLengthAlignmentReadFilter) AND ) AND GoodCigarReadFilter)
      18 read(s) filtered by: ((((((((MappingQualityReadFilter AND MappingQualityAvailableReadFilter) AND MappingQualityNotZeroReadFilter) AND MappedReadFilter) AND NotSecondaryAlignmentReadFilter) AND NotDuplicateReadFilter) AND PassesVendorQualityCheckReadFilter) AND NonZeroReferenceLengthAlignmentReadFilter) AND )
          18 read(s) filtered by: (((((((MappingQualityReadFilter AND MappingQualityAvailableReadFilter) AND MappingQualityNotZeroReadFilter) AND MappedReadFilter) AND NotSecondaryAlignmentReadFilter) AND NotDuplicateReadFilter) AND PassesVendorQualityCheckReadFilter) AND NonZeroReferenceLengthAlignmentReadFilter)
              18 read(s) filtered by: ((((((MappingQualityReadFilter AND MappingQualityAvailableReadFilter) AND MappingQualityNotZeroReadFilter) AND MappedReadFilter) AND NotSecondaryAlignmentReadFilter) AND NotDuplicateReadFilter) AND PassesVendorQualityCheckReadFilter)
                  18 read(s) filtered by: (((((MappingQualityReadFilter AND MappingQualityAvailableReadFilter) AND MappingQualityNotZeroReadFilter) AND MappedReadFilter) AND NotSecondaryAlignmentReadFilter) AND NotDuplicateReadFilter)
                      18 read(s) filtered by: ((((MappingQualityReadFilter AND MappingQualityAvailableReadFilter) AND MappingQualityNotZeroReadFilter) AND MappedReadFilter) AND NotSecondaryAlignmentReadFilter)
                          18 read(s) filtered by: (((MappingQualityReadFilter AND MappingQualityAvailableReadFilter) AND MappingQualityNotZeroReadFilter) AND MappedReadFilter)
                              18 read(s) filtered by: ((MappingQualityReadFilter AND MappingQualityAvailableReadFilter) AND MappingQualityNotZeroReadFilter)
                                  18 read(s) filtered by: (MappingQualityReadFilter AND MappingQualityAvailableReadFilter)
                                      18 read(s) filtered by: MappingQualityReadFilter 

13:24:01.649 INFO  ProgressMeter -         10:125866546              0.6                248069         440307.1
13:24:01.650 INFO  ProgressMeter - Traversal complete. Processed 248069 total regions in 0.6 minutes.
13:24:01.661 INFO  VectorLoglessPairHMM - Time spent in setup for JNI call : 0.0
13:24:01.661 INFO  PairHMM - Total compute time in PairHMM computeLogLikelihoods() : 0.0
13:24:01.661 INFO  SmithWatermanAligner - Total compute time in java Smith-Waterman : 0.00 sec
13:24:01.711 INFO  Mutect2 - Shutting down engine
[June 1, 2018 1:24:01 PM EDT] org.broadinstitute.hellbender.tools.walkers.mutect.Mutect2 done. Elapsed time: 0.66 minutes.
Runtime.totalMemory()=5809111040
Tool returned:
SUCCESS
[Fri Jun  1 13:24:01 2018] Finished job 0.
[Fri Jun  1 13:24:01 2018] 1 of 1 steps (100%) done
[Fri Jun  1 13:24:01 2018] Complete log: /projects/barthf/GLASS-WG/.snakemake/log/2018-06-01T132313.369283.snakemake.log


--------------------------------------------------------------------------------
|  JAX TORQUE EPILOGUE
|
|  Job ID: 6628692.helix-master
|  Exit Status: 0
|  Requested Resources:
|      mem=12gb,nodes=1:ppn=2,walltime=00:30:00
|  Resources Consumed:
|      cput=00:02:08,mem=3933676kb,vmem=18899672kb,walltime=00:00:51
|  Walltime accuracy: 2.8%
|
| Epilogue Host (TORQUE Mother Superior): helix079
|
--------------------------------------------------------------------------------
