[Thu May 31 15:00:40 2018] Building DAG of jobs...
[Thu May 31 15:00:40 2018] Using shell: /bin/bash
[Thu May 31 15:00:40 2018] Provided cores: 56
[Thu May 31 15:00:40 2018] Rules claiming more threads will be scaled down.
[Thu May 31 15:00:40 2018] Job counts:
[Thu May 31 15:00:40 2018] 	count	jobs
[Thu May 31 15:00:40 2018] 	1	filterorientation
[Thu May 31 15:00:40 2018] 	1

[Thu May 31 15:00:40 2018] Job 0: Filtering Mutect2 calls by orientation bias
[Thu May 31 15:00:40 2018] Pair: A

[Thu May 31 15:00:40 2018] gatk --java-options -Xmx12g FilterByOrientationBias             -AM "G/T"             -AM "C/T"             -V results/m2filter/A.filtered.vcf             -P results/artifacts/testT-A.pre_adapter_detail_metrics.txt             -O results/m2filter/A.filtered2.vcf
Using GATK jar /home/barthf/opt/gatk-4.0.2.1/gatk-package-4.0.2.1-local.jar
Running:
    java -Dsamjdk.use_async_io_read_samtools=false -Dsamjdk.use_async_io_write_samtools=true -Dsamjdk.use_async_io_write_tribble=false -Dsamjdk.compression_level=1 -Xmx12g -jar /home/barthf/opt/gatk-4.0.2.1/gatk-package-4.0.2.1-local.jar FilterByOrientationBias -AM G/T -AM C/T -V results/m2filter/A.filtered.vcf -P results/artifacts/testT-A.pre_adapter_detail_metrics.txt -O results/m2filter/A.filtered2.vcf
15:01:11.153 INFO  NativeLibraryLoader - Loading libgkl_compression.so from jar:file:/home/barthf/opt/gatk-4.0.2.1/gatk-package-4.0.2.1-local.jar!/com/intel/gkl/native/libgkl_compression.so
15:01:15.639 INFO  FilterByOrientationBias - ------------------------------------------------------------
15:01:15.640 INFO  FilterByOrientationBias - The Genome Analysis Toolkit (GATK) v4.0.2.1
15:01:15.640 INFO  FilterByOrientationBias - For support and documentation go to https://software.broadinstitute.org/gatk/
15:01:15.640 INFO  FilterByOrientationBias - Executing as barthf@helix118 on Linux v2.6.32-696.18.7.el6.x86_64 amd64
15:01:15.640 INFO  FilterByOrientationBias - Java runtime: Java HotSpot(TM) 64-Bit Server VM v1.8.0_73-b02
15:01:15.641 INFO  FilterByOrientationBias - Start Date/Time: May 31, 2018 3:01:09 PM EDT
15:01:15.641 INFO  FilterByOrientationBias - ------------------------------------------------------------
15:01:15.641 INFO  FilterByOrientationBias - ------------------------------------------------------------
15:01:15.641 INFO  FilterByOrientationBias - HTSJDK Version: 2.14.3
15:01:15.641 INFO  FilterByOrientationBias - Picard Version: 2.17.2
15:01:15.641 INFO  FilterByOrientationBias - HTSJDK Defaults.COMPRESSION_LEVEL : 1
15:01:15.641 INFO  FilterByOrientationBias - HTSJDK Defaults.USE_ASYNC_IO_READ_FOR_SAMTOOLS : false
15:01:15.641 INFO  FilterByOrientationBias - HTSJDK Defaults.USE_ASYNC_IO_WRITE_FOR_SAMTOOLS : true
15:01:15.641 INFO  FilterByOrientationBias - HTSJDK Defaults.USE_ASYNC_IO_WRITE_FOR_TRIBBLE : false
15:01:15.642 INFO  FilterByOrientationBias - Deflater: IntelDeflater
15:01:15.642 INFO  FilterByOrientationBias - Inflater: IntelInflater
15:01:15.642 INFO  FilterByOrientationBias - GCS max retries/reopens: 20
15:01:15.642 INFO  FilterByOrientationBias - Using google-cloud-java patch 6d11bef1c81f885c26b2b56c8616b7a705171e4f from https://github.com/droazen/google-cloud-java/tree/dr_all_nio_fixes
15:01:15.642 WARN  FilterByOrientationBias - 

[1m[31m   !!!!!!!!!!!!!!!!!!!!!!!!!!!!!!!!!!!!!!!!!!!!!!!!!!!!!!!!!!!!

   Warning: FilterByOrientationBias is an EXPERIMENTAL tool and should not be used for production

   !!!!!!!!!!!!!!!!!!!!!!!!!!!!!!!!!!!!!!!!!!!!!!!!!!!!!!!!!!!![0m


15:01:15.642 INFO  FilterByOrientationBias - Initializing engine
15:01:23.866 INFO  FeatureManager - Using codec VCFCodec to read file file:///projects/barthf/GLASS-WG/results/m2filter/A.filtered.vcf
15:01:23.946 INFO  FilterByOrientationBias - Done initializing engine
15:01:24.068 INFO  FilterByOrientationBias - preAdapter scores:
15:01:24.069 INFO  FilterByOrientationBias - A>T: 100.0
15:01:24.069 INFO  FilterByOrientationBias - T>C: 100.0
15:01:24.069 INFO  FilterByOrientationBias - G>A: 30.360297306565435
15:01:24.069 INFO  FilterByOrientationBias - G>C: 100.0
15:01:24.069 INFO  FilterByOrientationBias - T>A: 100.0
15:01:24.070 INFO  FilterByOrientationBias - T>G: 100.0
15:01:24.070 INFO  FilterByOrientationBias - A>C: 32.13384924916388
15:01:24.070 INFO  FilterByOrientationBias - A>G: 32.136505484610005
15:01:24.070 INFO  FilterByOrientationBias - C>T: 100.0
15:01:24.070 INFO  FilterByOrientationBias - C>A: 100.0
15:01:24.070 INFO  FilterByOrientationBias - C>G: 33.3645973384853
15:01:24.070 INFO  FilterByOrientationBias - G>T: 33.3645973384853
15:01:24.119 INFO  ProgressMeter - Starting traversal
15:01:24.120 INFO  ProgressMeter -        Current Locus  Elapsed Minutes    Variants Processed  Variants/Minute
15:01:24.129 INFO  ProgressMeter -             unmapped              0.0                     0              0.0
15:01:24.129 INFO  ProgressMeter - Traversal complete. Processed 0 total variants in 0.0 minutes.
15:01:24.129 INFO  FilterByOrientationBias - Tagging whether genotypes are in one of the artifact modes.
15:01:24.135 INFO  OrientationBiasFilterer - No samples found in this file.  NO FILTERING BEING DONE.
15:01:24.135 INFO  FilterByOrientationBias - Writing variants to VCF...
15:01:24.137 INFO  FilterByOrientationBias - Writing a simple summary table...
15:01:24.174 INFO  FilterByOrientationBias - Shutting down engine
[May 31, 2018 3:01:24 PM EDT] org.broadinstitute.hellbender.tools.exome.FilterByOrientationBias done. Elapsed time: 0.25 minutes.
Runtime.totalMemory()=1201143808
[Thu May 31 15:01:24 2018] Finished job 0.
[Thu May 31 15:01:24 2018] 1 of 1 steps (100%) done
[Thu May 31 15:01:24 2018] Complete log: /projects/barthf/GLASS-WG/.snakemake/log/2018-05-31T150039.264429.snakemake.log


--------------------------------------------------------------------------------
|  JAX TORQUE EPILOGUE
|
|  Job ID: 6608746.helix-master
|  Exit Status: 0
|  Requested Resources:
|      mem=12gb,nodes=1:ppn=2,walltime=00:30:00
|  Resources Consumed:
|      cput=00:01:48,mem=627696kb,vmem=19180000kb,walltime=00:00:48
|  Walltime accuracy: 2.7%
|
| Epilogue Host (TORQUE Mother Superior): helix118
|
--------------------------------------------------------------------------------
