[Thu May 31 14:59:35 2018] Building DAG of jobs...
[Thu May 31 14:59:35 2018] Using shell: /bin/bash
[Thu May 31 14:59:35 2018] Provided cores: 32
[Thu May 31 14:59:35 2018] Rules claiming more threads will be scaled down.
[Thu May 31 14:59:35 2018] Job counts:
[Thu May 31 14:59:35 2018] 	count	jobs
[Thu May 31 14:59:35 2018] 	1	filtermutect
[Thu May 31 14:59:35 2018] 	1

[Thu May 31 14:59:35 2018] Job 0: Filtering Mutect2 calls
[Thu May 31 14:59:35 2018] Pair: A

[Thu May 31 14:59:35 2018] gatk --java-options -Xmx12g FilterMutectCalls             -V results/m2vcf/A.vcf             --contamination-table results/contamination/A.contamination.txt             -O results/m2filter/A.filtered.vcf
Using GATK jar /home/barthf/opt/gatk-4.0.2.1/gatk-package-4.0.2.1-local.jar
Running:
    java -Dsamjdk.use_async_io_read_samtools=false -Dsamjdk.use_async_io_write_samtools=true -Dsamjdk.use_async_io_write_tribble=false -Dsamjdk.compression_level=1 -Xmx12g -jar /home/barthf/opt/gatk-4.0.2.1/gatk-package-4.0.2.1-local.jar FilterMutectCalls -V results/m2vcf/A.vcf --contamination-table results/contamination/A.contamination.txt -O results/m2filter/A.filtered.vcf
14:59:37.866 INFO  NativeLibraryLoader - Loading libgkl_compression.so from jar:file:/home/barthf/opt/gatk-4.0.2.1/gatk-package-4.0.2.1-local.jar!/com/intel/gkl/native/libgkl_compression.so
14:59:39.229 INFO  FilterMutectCalls - ------------------------------------------------------------
14:59:39.230 INFO  FilterMutectCalls - The Genome Analysis Toolkit (GATK) v4.0.2.1
14:59:39.230 INFO  FilterMutectCalls - For support and documentation go to https://software.broadinstitute.org/gatk/
14:59:39.230 INFO  FilterMutectCalls - Executing as barthf@helix096 on Linux v2.6.32-696.18.7.el6.x86_64 amd64
14:59:39.230 INFO  FilterMutectCalls - Java runtime: Java HotSpot(TM) 64-Bit Server VM v1.8.0_73-b02
14:59:39.230 INFO  FilterMutectCalls - Start Date/Time: May 31, 2018 2:59:37 PM EDT
14:59:39.231 INFO  FilterMutectCalls - ------------------------------------------------------------
14:59:39.231 INFO  FilterMutectCalls - ------------------------------------------------------------
14:59:39.231 INFO  FilterMutectCalls - HTSJDK Version: 2.14.3
14:59:39.231 INFO  FilterMutectCalls - Picard Version: 2.17.2
14:59:39.231 INFO  FilterMutectCalls - HTSJDK Defaults.COMPRESSION_LEVEL : 1
14:59:39.231 INFO  FilterMutectCalls - HTSJDK Defaults.USE_ASYNC_IO_READ_FOR_SAMTOOLS : false
14:59:39.231 INFO  FilterMutectCalls - HTSJDK Defaults.USE_ASYNC_IO_WRITE_FOR_SAMTOOLS : true
14:59:39.232 INFO  FilterMutectCalls - HTSJDK Defaults.USE_ASYNC_IO_WRITE_FOR_TRIBBLE : false
14:59:39.232 INFO  FilterMutectCalls - Deflater: IntelDeflater
14:59:39.232 INFO  FilterMutectCalls - Inflater: IntelInflater
14:59:39.232 INFO  FilterMutectCalls - GCS max retries/reopens: 20
14:59:39.232 INFO  FilterMutectCalls - Using google-cloud-java patch 6d11bef1c81f885c26b2b56c8616b7a705171e4f from https://github.com/droazen/google-cloud-java/tree/dr_all_nio_fixes
14:59:39.232 INFO  FilterMutectCalls - Initializing engine
14:59:39.696 INFO  FeatureManager - Using codec VCFCodec to read file file:///projects/barthf/GLASS-WG/results/m2vcf/A.vcf
14:59:39.772 INFO  FilterMutectCalls - Done initializing engine
14:59:39.856 INFO  ProgressMeter - Starting traversal
14:59:39.857 INFO  ProgressMeter -        Current Locus  Elapsed Minutes    Variants Processed  Variants/Minute
14:59:39.861 INFO  ProgressMeter -             unmapped              0.0                     0              0.0
14:59:39.862 INFO  ProgressMeter - Traversal complete. Processed 0 total variants in 0.0 minutes.
14:59:39.869 INFO  FilterMutectCalls - Shutting down engine
[May 31, 2018 2:59:39 PM EDT] org.broadinstitute.hellbender.tools.walkers.mutect.FilterMutectCalls done. Elapsed time: 0.04 minutes.
Runtime.totalMemory()=2319450112
Tool returned:
SUCCESS
[Thu May 31 14:59:39 2018] Finished job 0.
[Thu May 31 14:59:39 2018] 1 of 1 steps (100%) done
[Thu May 31 14:59:39 2018] Complete log: /projects/barthf/GLASS-WG/.snakemake/log/2018-05-31T145934.164462.snakemake.log


--------------------------------------------------------------------------------
|  JAX TORQUE EPILOGUE
|
|  Job ID: 6608736.helix-master
|  Exit Status: 0
|  Requested Resources:
|      mem=12gb,nodes=1:ppn=2,walltime=00:30:00
|  Resources Consumed:
|      cput=00:00:08,mem=0kb,vmem=0kb,walltime=00:00:07
|  Walltime accuracy: 0.4%
|
| Epilogue Host (TORQUE Mother Superior): helix096
|
--------------------------------------------------------------------------------
[Fri Jun  1 14:22:30 2018] Building DAG of jobs...
[Fri Jun  1 14:22:30 2018] Using shell: /bin/bash
[Fri Jun  1 14:22:30 2018] Provided cores: 56
[Fri Jun  1 14:22:30 2018] Rules claiming more threads will be scaled down.
[Fri Jun  1 14:22:30 2018] Job counts:
[Fri Jun  1 14:22:30 2018] 	count	jobs
[Fri Jun  1 14:22:30 2018] 	1	filtermutect
[Fri Jun  1 14:22:30 2018] 	1

[Fri Jun  1 14:22:30 2018] Job 0: Filtering Mutect2 calls
[Fri Jun  1 14:22:30 2018] Pair: A

[Fri Jun  1 14:22:30 2018] gatk --java-options -Xmx12g FilterMutectCalls             -V results/m2vcf/A.vcf             --contamination-table results/contamination/A.contamination.txt             -O results/m2filter/A.filtered.vcf             2> logs/filtermutect/A.log
Tool returned:
SUCCESS
[Fri Jun  1 14:22:33 2018] Finished job 0.
[Fri Jun  1 14:22:33 2018] 1 of 1 steps (100%) done
[Fri Jun  1 14:22:33 2018] Complete log: /projects/barthf/GLASS-WG/.snakemake/log/2018-06-01T142229.883907.snakemake.log


--------------------------------------------------------------------------------
|  JAX TORQUE EPILOGUE
|
|  Job ID: 6629569.helix-master
|  Exit Status: 0
|  Requested Resources:
|      mem=12gb,nodes=1:ppn=2,walltime=00:30:00
|  Resources Consumed:
|      cput=00:00:10,mem=0kb,vmem=0kb,walltime=00:00:04
|  Walltime accuracy: 0.2%
|
| Epilogue Host (TORQUE Mother Superior): helix113
|
--------------------------------------------------------------------------------
