[Fri Jun  1 14:21:57 2018] Building DAG of jobs...
[Fri Jun  1 14:21:57 2018] Using shell: /bin/bash
[Fri Jun  1 14:21:57 2018] Provided cores: 56
[Fri Jun  1 14:21:57 2018] Rules claiming more threads will be scaled down.
[Fri Jun  1 14:21:57 2018] Job counts:
[Fri Jun  1 14:21:57 2018] 	count	jobs
[Fri Jun  1 14:21:57 2018] 	1	mergesnv
[Fri Jun  1 14:21:57 2018] 	1

[Fri Jun  1 14:21:57 2018] Job 0: Merging VCF files (M2)
[Fri Jun  1 14:21:57 2018] Pair: A

[Fri Jun  1 14:21:58 2018] gatk --java-options -Xmx12g MergeVcfs             -I results/m2vcf-scatter/A.temp_0001_of_50.vcf -I results/m2vcf-scatter/A.temp_0002_of_50.vcf -I results/m2vcf-scatter/A.temp_0003_of_50.vcf -I results/m2vcf-scatter/A.temp_0004_of_50.vcf -I results/m2vcf-scatter/A.temp_0005_of_50.vcf -I results/m2vcf-scatter/A.temp_0006_of_50.vcf -I results/m2vcf-scatter/A.temp_0007_of_50.vcf -I results/m2vcf-scatter/A.temp_0008_of_50.vcf -I results/m2vcf-scatter/A.temp_0009_of_50.vcf -I results/m2vcf-scatter/A.temp_0010_of_50.vcf -I results/m2vcf-scatter/A.temp_0011_of_50.vcf -I results/m2vcf-scatter/A.temp_0012_of_50.vcf -I results/m2vcf-scatter/A.temp_0013_of_50.vcf -I results/m2vcf-scatter/A.temp_0014_of_50.vcf -I results/m2vcf-scatter/A.temp_0015_of_50.vcf -I results/m2vcf-scatter/A.temp_0016_of_50.vcf -I results/m2vcf-scatter/A.temp_0017_of_50.vcf -I results/m2vcf-scatter/A.temp_0018_of_50.vcf -I results/m2vcf-scatter/A.temp_0019_of_50.vcf -I results/m2vcf-scatter/A.temp_0020_of_50.vcf -I results/m2vcf-scatter/A.temp_0021_of_50.vcf -I results/m2vcf-scatter/A.temp_0022_of_50.vcf -I results/m2vcf-scatter/A.temp_0023_of_50.vcf -I results/m2vcf-scatter/A.temp_0024_of_50.vcf -I results/m2vcf-scatter/A.temp_0025_of_50.vcf -I results/m2vcf-scatter/A.temp_0026_of_50.vcf -I results/m2vcf-scatter/A.temp_0027_of_50.vcf -I results/m2vcf-scatter/A.temp_0028_of_50.vcf -I results/m2vcf-scatter/A.temp_0029_of_50.vcf -I results/m2vcf-scatter/A.temp_0030_of_50.vcf -I results/m2vcf-scatter/A.temp_0031_of_50.vcf -I results/m2vcf-scatter/A.temp_0032_of_50.vcf -I results/m2vcf-scatter/A.temp_0033_of_50.vcf -I results/m2vcf-scatter/A.temp_0034_of_50.vcf -I results/m2vcf-scatter/A.temp_0035_of_50.vcf -I results/m2vcf-scatter/A.temp_0036_of_50.vcf -I results/m2vcf-scatter/A.temp_0037_of_50.vcf -I results/m2vcf-scatter/A.temp_0038_of_50.vcf -I results/m2vcf-scatter/A.temp_0039_of_50.vcf -I results/m2vcf-scatter/A.temp_0040_of_50.vcf -I results/m2vcf-scatter/A.temp_0041_of_50.vcf -I results/m2vcf-scatter/A.temp_0042_of_50.vcf -I results/m2vcf-scatter/A.temp_0043_of_50.vcf -I results/m2vcf-scatter/A.temp_0044_of_50.vcf -I results/m2vcf-scatter/A.temp_0045_of_50.vcf -I results/m2vcf-scatter/A.temp_0046_of_50.vcf -I results/m2vcf-scatter/A.temp_0047_of_50.vcf -I results/m2vcf-scatter/A.temp_0048_of_50.vcf -I results/m2vcf-scatter/A.temp_0049_of_50.vcf -I results/m2vcf-scatter/A.temp_0050_of_50.vcf             -O results/m2vcf/A.vcf             2> logs/mergesnv/A.log
Tool returned:
0
[Fri Jun  1 14:22:01 2018] Finished job 0.
[Fri Jun  1 14:22:01 2018] 1 of 1 steps (100%) done
[Fri Jun  1 14:22:01 2018] Complete log: /projects/barthf/GLASS-WG/.snakemake/log/2018-06-01T142156.608454.snakemake.log


--------------------------------------------------------------------------------
|  JAX TORQUE EPILOGUE
|
|  Job ID: 6629567.helix-master
|  Exit Status: 0
|  Requested Resources:
|      mem=12gb,nodes=1:ppn=2,walltime=00:30:00
|  Resources Consumed:
|      cput=00:00:11,mem=0kb,vmem=0kb,walltime=00:00:06
|  Walltime accuracy: 0.3%
|
| Epilogue Host (TORQUE Mother Superior): helix113
|
--------------------------------------------------------------------------------
