[Tue May 29 17:43:02 2018] Building DAG of jobs...
[Tue May 29 17:43:02 2018] Using shell: /bin/bash
[Tue May 29 17:43:02 2018] Provided cores: 56
[Tue May 29 17:43:02 2018] Rules claiming more threads will be scaled down.
[Tue May 29 17:43:02 2018] Job counts:
[Tue May 29 17:43:02 2018] 	count	jobs
[Tue May 29 17:43:02 2018] 	1	multiqc
[Tue May 29 17:43:02 2018] 	1

[Tue May 29 17:43:02 2018] Job 0: Running MultiQC

[Tue May 29 17:43:02 2018] multiqc -o results/qc/multiqc /projects/barthf/GLASS-WG; cp -R results/qc/multiqc/* /home/barthf/ShinyApps
Traceback (most recent call last):
  File "/projects/barthf/opt/miniconda3/bin/multiqc", line 767, in <module>
    multiqc()
  File "/projects/barthf/opt/miniconda3/lib/python3.6/site-packages/click/core.py", line 722, in __call__
    return self.main(*args, **kwargs)
  File "/projects/barthf/opt/miniconda3/lib/python3.6/site-packages/click/core.py", line 676, in main
    _verify_python3_env()
  File "/projects/barthf/opt/miniconda3/lib/python3.6/site-packages/click/_unicodefun.py", line 118, in _verify_python3_env
    'for mitigation steps.' + extra)
RuntimeError: Click will abort further execution because Python 3 was configured to use ASCII as encoding for the environment.  Consult http://click.pocoo.org/python3/for mitigation steps.

This system lists a couple of UTF-8 supporting locales that
you can pick from.  The following suitable locales where
discovered: aa_DJ.utf8, aa_ER.utf8, aa_ET.utf8, af_ZA.utf8, am_ET.utf8, an_ES.utf8, ar_AE.utf8, ar_BH.utf8, ar_DZ.utf8, ar_EG.utf8, ar_IN.utf8, ar_IQ.utf8, ar_JO.utf8, ar_KW.utf8, ar_LB.utf8, ar_LY.utf8, ar_MA.utf8, ar_OM.utf8, ar_QA.utf8, ar_SA.utf8, ar_SD.utf8, ar_SY.utf8, ar_TN.utf8, ar_YE.utf8, as_IN.utf8, ast_ES.utf8, az_AZ.utf8, be_BY.utf8, ber_DZ.utf8, ber_MA.utf8, bg_BG.utf8, bn_BD.utf8, bn_IN.utf8, bo_CN.utf8, bo_IN.utf8, br_FR.utf8, bs_BA.utf8, byn_ER.utf8, ca_AD.utf8, ca_ES.utf8, ca_FR.utf8, ca_IT.utf8, crh_UA.utf8, cs_CZ.utf8, csb_PL.utf8, cv_RU.utf8, cy_GB.utf8, da_DK.utf8, de_AT.utf8, de_BE.utf8, de_CH.utf8, de_DE.utf8, de_LU.utf8, dv_MV.utf8, dz_BT.utf8, el_CY.utf8, el_GR.utf8, en_AG.utf8, en_AU.utf8, en_BW.utf8, en_CA.utf8, en_DK.utf8, en_GB.utf8, en_HK.utf8, en_IE.utf8, en_IN.utf8, en_NG.utf8, en_NZ.utf8, en_PH.utf8, en_SG.utf8, en_US.utf8, en_ZA.utf8, en_ZW.utf8, es_AR.utf8, es_BO.utf8, es_CL.utf8, es_CO.utf8, es_CR.utf8, es_DO.utf8, es_EC.utf8, es_ES.utf8, es_GT.utf8, es_HN.utf8, es_MX.utf8, es_NI.utf8, es_PA.utf8, es_PE.utf8, es_PR.utf8, es_PY.utf8, es_SV.utf8, es_US.utf8, es_UY.utf8, es_VE.utf8, et_EE.utf8, eu_ES.utf8, fa_IR.utf8, fi_FI.utf8, fil_PH.utf8, fo_FO.utf8, fr_BE.utf8, fr_CA.utf8, fr_CH.utf8, fr_FR.utf8, fr_LU.utf8, fur_IT.utf8, fy_DE.utf8, fy_NL.utf8, ga_IE.utf8, gd_GB.utf8, gez_ER.utf8, gez_ET.utf8, gl_ES.utf8, gu_IN.utf8, gv_GB.utf8, ha_NG.utf8, he_IL.utf8, hi_IN.utf8, hne_IN.utf8, hr_HR.utf8, hsb_DE.utf8, ht_HT.utf8, hu_HU.utf8, hy_AM.utf8, id_ID.utf8, ig_NG.utf8, ik_CA.utf8, is_IS.utf8, it_CH.utf8, it_IT.utf8, iu_CA.utf8, iw_IL.utf8, ja_JP.utf8, ka_GE.utf8, kk_KZ.utf8, kl_GL.utf8, km_KH.utf8, kn_IN.utf8, ko_KR.utf8, kok_IN.utf8, ks_IN.utf8, ku_TR.utf8, kw_GB.utf8, ky_KG.utf8, lg_UG.utf8, li_BE.utf8, li_NL.utf8, lo_LA.utf8, lt_LT.utf8, lv_LV.utf8, mai_IN.utf8, mg_MG.utf8, mi_NZ.utf8, mk_MK.utf8, ml_IN.utf8, mn_MN.utf8, mr_IN.utf8, ms_MY.utf8, mt_MT.utf8, my_MM.utf8, nb_NO.utf8, nds_DE.utf8, nds_NL.utf8, ne_NP.utf8, nl_AW.utf8, nl_BE.utf8, nl_NL.utf8, nn_NO.utf8, no_NO.utf8, nr_ZA.utf8, nso_ZA.utf8, oc_FR.utf8, om_ET.utf8, om_KE.utf8, or_IN.utf8, pa_IN.utf8, pa_PK.utf8, pap_AN.utf8, pl_PL.utf8, ps_AF.utf8, pt_BR.utf8, pt_PT.utf8, ro_RO.utf8, ru_RU.utf8, ru_UA.utf8, rw_RW.utf8, sa_IN.utf8, sc_IT.utf8, sd_IN.utf8, se_NO.utf8, shs_CA.utf8, si_LK.utf8, sid_ET.utf8, sk_SK.utf8, sl_SI.utf8, so_DJ.utf8, so_ET.utf8, so_KE.utf8, so_SO.utf8, sq_AL.utf8, sq_MK.utf8, sr_ME.utf8, sr_RS.utf8, ss_ZA.utf8, st_ZA.utf8, sv_FI.utf8, sv_SE.utf8, ta_IN.utf8, te_IN.utf8, tg_TJ.utf8, th_TH.utf8, ti_ER.utf8, ti_ET.utf8, tig_ER.utf8, tk_TM.utf8, tl_PH.utf8, tn_ZA.utf8, tr_CY.utf8, tr_TR.utf8, ts_ZA.utf8, tt_RU.utf8, ug_CN.utf8, uk_UA.utf8, ur_PK.utf8, ve_ZA.utf8, vi_VN.utf8, wa_BE.utf8, wo_SN.utf8, xh_ZA.utf8, yi_US.utf8, yo_NG.utf8, zh_CN.utf8, zh_HK.utf8, zh_SG.utf8, zh_TW.utf8, zu_ZA.utf8
[Tue May 29 17:43:06 2018] Error in rule multiqc:
[Tue May 29 17:43:06 2018]     jobid: 0
[Tue May 29 17:43:06 2018]     output: results/qc/multiqc/multiqc_report.html
[Tue May 29 17:43:06 2018]     log: logs/multiqc/multiqc.log

[Tue May 29 17:43:06 2018] RuleException:
[Tue May 29 17:43:06 2018] CalledProcessError in line 512 of /projects/barthf/GLASS-WG/Snakefile:
[Tue May 29 17:43:06 2018] Command ' set -euo pipefail;  multiqc -o results/qc/multiqc /projects/barthf/GLASS-WG; cp -R results/qc/multiqc/* /home/barthf/ShinyApps ' returned non-zero exit status 1.
[Tue May 29 17:43:06 2018]   File "/projects/barthf/GLASS-WG/Snakefile", line 512, in __rule_multiqc
[Tue May 29 17:43:06 2018]   File "/projects/barthf/opt/miniconda3/lib/python3.6/concurrent/futures/thread.py", line 56, in run
[Tue May 29 17:43:06 2018] Shutting down, this might take some time.
[Tue May 29 17:43:06 2018] Exiting because a job execution failed. Look above for error message
[Tue May 29 17:43:06 2018] Complete log: /projects/barthf/GLASS-WG/.snakemake/log/2018-05-29T174301.188272.snakemake.log


--------------------------------------------------------------------------------
|  JAX TORQUE EPILOGUE
|
|  Job ID: 6567834.helix-master
|  Exit Status: 1
|  Requested Resources:
|      mem=12gb,nodes=1:ppn=2,walltime=70:00:00
|  Resources Consumed:
|      cput=00:00:02,mem=0kb,vmem=0kb,walltime=00:00:06
|  Walltime accuracy: 0.0%
|
| Epilogue Host (TORQUE Mother Superior): helix131
|
--------------------------------------------------------------------------------
[Tue May 29 17:45:47 2018] Building DAG of jobs...
[Tue May 29 17:45:47 2018] Using shell: /bin/bash
[Tue May 29 17:45:47 2018] Provided cores: 40
[Tue May 29 17:45:47 2018] Rules claiming more threads will be scaled down.
[Tue May 29 17:45:47 2018] Job counts:
[Tue May 29 17:45:47 2018] 	count	jobs
[Tue May 29 17:45:47 2018] 	1	multiqc
[Tue May 29 17:45:47 2018] 	1

[Tue May 29 17:45:47 2018] Job 0: Running MultiQC

[Tue May 29 17:45:47 2018] multiqc -o results/qc/multiqc /projects/barthf/GLASS-WG & cp -R results/qc/multiqc/* /home/barthf/ShinyApps
cp: cannot stat `results/qc/multiqc/*': No such file or directory
[Tue May 29 17:45:47 2018] Error in rule multiqc:
[Tue May 29 17:45:47 2018]     jobid: 0
[Tue May 29 17:45:47 2018]     output: results/qc/multiqc/multiqc_report.html
[Tue May 29 17:45:47 2018]     log: logs/multiqc/multiqc.log

[Tue May 29 17:45:47 2018] RuleException:
[Tue May 29 17:45:47 2018] CalledProcessError in line 512 of /projects/barthf/GLASS-WG/Snakefile:
[Tue May 29 17:45:47 2018] Command ' set -euo pipefail;  multiqc -o results/qc/multiqc /projects/barthf/GLASS-WG & cp -R results/qc/multiqc/* /home/barthf/ShinyApps ' returned non-zero exit status 1.
[Tue May 29 17:45:47 2018]   File "/projects/barthf/GLASS-WG/Snakefile", line 512, in __rule_multiqc
[Tue May 29 17:45:47 2018]   File "/projects/barthf/opt/miniconda3/lib/python3.6/concurrent/futures/thread.py", line 56, in run
[Tue May 29 17:45:47 2018] Shutting down, this might take some time.
[Tue May 29 17:45:47 2018] Exiting because a job execution failed. Look above for error message
[Tue May 29 17:45:47 2018] Complete log: /projects/barthf/GLASS-WG/.snakemake/log/2018-05-29T174546.033748.snakemake.log


--------------------------------------------------------------------------------
|  JAX TORQUE EPILOGUE
|
|  Job ID: 6567845.helix-master
|  Exit Status: 1
|  Requested Resources:
|      mem=12gb,nodes=1:ppn=2,walltime=70:00:00
|  Resources Consumed:
|      cput=00:00:00,mem=0kb,vmem=0kb,walltime=00:00:03
|  Walltime accuracy: 0.0%
|
| Epilogue Host (TORQUE Mother Superior): helix026
|
--------------------------------------------------------------------------------
[Tue May 29 17:46:47 2018] Building DAG of jobs...
[Tue May 29 17:46:47 2018] Using shell: /bin/bash
[Tue May 29 17:46:47 2018] Provided cores: 56
[Tue May 29 17:46:47 2018] Rules claiming more threads will be scaled down.
[Tue May 29 17:46:47 2018] Job counts:
[Tue May 29 17:46:47 2018] 	count	jobs
[Tue May 29 17:46:47 2018] 	1	multiqc
[Tue May 29 17:46:47 2018] 	1

[Tue May 29 17:46:47 2018] Job 0: Running MultiQC

[Tue May 29 17:46:47 2018] multiqc -o results/qc/multiqc /projects/barthf/GLASS-WG
Traceback (most recent call last):
  File "/projects/barthf/opt/miniconda3/bin/multiqc", line 767, in <module>
    multiqc()
  File "/projects/barthf/opt/miniconda3/lib/python3.6/site-packages/click/core.py", line 722, in __call__
    return self.main(*args, **kwargs)
  File "/projects/barthf/opt/miniconda3/lib/python3.6/site-packages/click/core.py", line 676, in main
    _verify_python3_env()
  File "/projects/barthf/opt/miniconda3/lib/python3.6/site-packages/click/_unicodefun.py", line 118, in _verify_python3_env
    'for mitigation steps.' + extra)
RuntimeError: Click will abort further execution because Python 3 was configured to use ASCII as encoding for the environment.  Consult http://click.pocoo.org/python3/for mitigation steps.

This system lists a couple of UTF-8 supporting locales that
you can pick from.  The following suitable locales where
discovered: aa_DJ.utf8, aa_ER.utf8, aa_ET.utf8, af_ZA.utf8, am_ET.utf8, an_ES.utf8, ar_AE.utf8, ar_BH.utf8, ar_DZ.utf8, ar_EG.utf8, ar_IN.utf8, ar_IQ.utf8, ar_JO.utf8, ar_KW.utf8, ar_LB.utf8, ar_LY.utf8, ar_MA.utf8, ar_OM.utf8, ar_QA.utf8, ar_SA.utf8, ar_SD.utf8, ar_SY.utf8, ar_TN.utf8, ar_YE.utf8, as_IN.utf8, ast_ES.utf8, az_AZ.utf8, be_BY.utf8, ber_DZ.utf8, ber_MA.utf8, bg_BG.utf8, bn_BD.utf8, bn_IN.utf8, bo_CN.utf8, bo_IN.utf8, br_FR.utf8, bs_BA.utf8, byn_ER.utf8, ca_AD.utf8, ca_ES.utf8, ca_FR.utf8, ca_IT.utf8, crh_UA.utf8, cs_CZ.utf8, csb_PL.utf8, cv_RU.utf8, cy_GB.utf8, da_DK.utf8, de_AT.utf8, de_BE.utf8, de_CH.utf8, de_DE.utf8, de_LU.utf8, dv_MV.utf8, dz_BT.utf8, el_CY.utf8, el_GR.utf8, en_AG.utf8, en_AU.utf8, en_BW.utf8, en_CA.utf8, en_DK.utf8, en_GB.utf8, en_HK.utf8, en_IE.utf8, en_IN.utf8, en_NG.utf8, en_NZ.utf8, en_PH.utf8, en_SG.utf8, en_US.utf8, en_ZA.utf8, en_ZW.utf8, es_AR.utf8, es_BO.utf8, es_CL.utf8, es_CO.utf8, es_CR.utf8, es_DO.utf8, es_EC.utf8, es_ES.utf8, es_GT.utf8, es_HN.utf8, es_MX.utf8, es_NI.utf8, es_PA.utf8, es_PE.utf8, es_PR.utf8, es_PY.utf8, es_SV.utf8, es_US.utf8, es_UY.utf8, es_VE.utf8, et_EE.utf8, eu_ES.utf8, fa_IR.utf8, fi_FI.utf8, fil_PH.utf8, fo_FO.utf8, fr_BE.utf8, fr_CA.utf8, fr_CH.utf8, fr_FR.utf8, fr_LU.utf8, fur_IT.utf8, fy_DE.utf8, fy_NL.utf8, ga_IE.utf8, gd_GB.utf8, gez_ER.utf8, gez_ET.utf8, gl_ES.utf8, gu_IN.utf8, gv_GB.utf8, ha_NG.utf8, he_IL.utf8, hi_IN.utf8, hne_IN.utf8, hr_HR.utf8, hsb_DE.utf8, ht_HT.utf8, hu_HU.utf8, hy_AM.utf8, id_ID.utf8, ig_NG.utf8, ik_CA.utf8, is_IS.utf8, it_CH.utf8, it_IT.utf8, iu_CA.utf8, iw_IL.utf8, ja_JP.utf8, ka_GE.utf8, kk_KZ.utf8, kl_GL.utf8, km_KH.utf8, kn_IN.utf8, ko_KR.utf8, kok_IN.utf8, ks_IN.utf8, ku_TR.utf8, kw_GB.utf8, ky_KG.utf8, lg_UG.utf8, li_BE.utf8, li_NL.utf8, lo_LA.utf8, lt_LT.utf8, lv_LV.utf8, mai_IN.utf8, mg_MG.utf8, mi_NZ.utf8, mk_MK.utf8, ml_IN.utf8, mn_MN.utf8, mr_IN.utf8, ms_MY.utf8, mt_MT.utf8, my_MM.utf8, nb_NO.utf8, nds_DE.utf8, nds_NL.utf8, ne_NP.utf8, nl_AW.utf8, nl_BE.utf8, nl_NL.utf8, nn_NO.utf8, no_NO.utf8, nr_ZA.utf8, nso_ZA.utf8, oc_FR.utf8, om_ET.utf8, om_KE.utf8, or_IN.utf8, pa_IN.utf8, pa_PK.utf8, pap_AN.utf8, pl_PL.utf8, ps_AF.utf8, pt_BR.utf8, pt_PT.utf8, ro_RO.utf8, ru_RU.utf8, ru_UA.utf8, rw_RW.utf8, sa_IN.utf8, sc_IT.utf8, sd_IN.utf8, se_NO.utf8, shs_CA.utf8, si_LK.utf8, sid_ET.utf8, sk_SK.utf8, sl_SI.utf8, so_DJ.utf8, so_ET.utf8, so_KE.utf8, so_SO.utf8, sq_AL.utf8, sq_MK.utf8, sr_ME.utf8, sr_RS.utf8, ss_ZA.utf8, st_ZA.utf8, sv_FI.utf8, sv_SE.utf8, ta_IN.utf8, te_IN.utf8, tg_TJ.utf8, th_TH.utf8, ti_ER.utf8, ti_ET.utf8, tig_ER.utf8, tk_TM.utf8, tl_PH.utf8, tn_ZA.utf8, tr_CY.utf8, tr_TR.utf8, ts_ZA.utf8, tt_RU.utf8, ug_CN.utf8, uk_UA.utf8, ur_PK.utf8, ve_ZA.utf8, vi_VN.utf8, wa_BE.utf8, wo_SN.utf8, xh_ZA.utf8, yi_US.utf8, yo_NG.utf8, zh_CN.utf8, zh_HK.utf8, zh_SG.utf8, zh_TW.utf8, zu_ZA.utf8
[Tue May 29 17:46:50 2018] Error in rule multiqc:
[Tue May 29 17:46:50 2018]     jobid: 0
[Tue May 29 17:46:50 2018]     output: results/qc/multiqc/multiqc_report.html
[Tue May 29 17:46:50 2018]     log: logs/multiqc/multiqc.log

[Tue May 29 17:46:50 2018] RuleException:
[Tue May 29 17:46:50 2018] CalledProcessError in line 512 of /projects/barthf/GLASS-WG/Snakefile:
[Tue May 29 17:46:50 2018] Command ' set -euo pipefail;  multiqc -o results/qc/multiqc /projects/barthf/GLASS-WG ' returned non-zero exit status 1.
[Tue May 29 17:46:50 2018]   File "/projects/barthf/GLASS-WG/Snakefile", line 512, in __rule_multiqc
[Tue May 29 17:46:50 2018]   File "/projects/barthf/opt/miniconda3/lib/python3.6/concurrent/futures/thread.py", line 56, in run
[Tue May 29 17:46:50 2018] Shutting down, this might take some time.
[Tue May 29 17:46:50 2018] Exiting because a job execution failed. Look above for error message
[Tue May 29 17:46:50 2018] Complete log: /projects/barthf/GLASS-WG/.snakemake/log/2018-05-29T174646.385299.snakemake.log


--------------------------------------------------------------------------------
|  JAX TORQUE EPILOGUE
|
|  Job ID: 6567856.helix-master
|  Exit Status: 1
|  Requested Resources:
|      mem=12gb,nodes=1:ppn=2,walltime=70:00:00
|  Resources Consumed:
|      cput=00:00:02,mem=0kb,vmem=0kb,walltime=00:00:06
|  Walltime accuracy: 0.0%
|
| Epilogue Host (TORQUE Mother Superior): helix125
|
--------------------------------------------------------------------------------
[Tue May 29 17:48:05 2018] Building DAG of jobs...
[Tue May 29 17:48:05 2018] Using shell: /bin/bash
[Tue May 29 17:48:05 2018] Provided cores: 40
[Tue May 29 17:48:05 2018] Rules claiming more threads will be scaled down.
[Tue May 29 17:48:05 2018] Job counts:
[Tue May 29 17:48:05 2018] 	count	jobs
[Tue May 29 17:48:05 2018] 	1	multiqc
[Tue May 29 17:48:05 2018] 	1

[Tue May 29 17:48:05 2018] Job 0: Running MultiQC

[Tue May 29 17:48:05 2018] multiqc -o results/qc/multiqc /projects/barthf/GLASS-WG/results
[INFO   ]         multiqc : This is MultiQC v1.5
[INFO   ]         multiqc : Template    : default
[INFO   ]         multiqc : Searching '/projects/barthf/GLASS-WG/results'
Searching 110 files..
[INFO   ] base_recalibrator : Found 3 BaseRecalibrator reports
[INFO   ]          picard : Found 3 MarkDuplicates reports
[INFO   ]          picard : Found 3 WgsMetrics reports
[INFO   ]          fastqc : Found 21 reports
[INFO   ]         multiqc : Compressing plot data
[INFO   ]         multiqc : Report      : results/qc/multiqc/multiqc_report.html
[INFO   ]         multiqc : Data        : results/qc/multiqc/multiqc_data
[INFO   ]         multiqc : MultiQC complete
[Tue May 29 17:48:15 2018] Finished job 0.
[Tue May 29 17:48:15 2018] 1 of 1 steps (100%) done
[Tue May 29 17:48:15 2018] Complete log: /projects/barthf/GLASS-WG/.snakemake/log/2018-05-29T174804.324657.snakemake.log


--------------------------------------------------------------------------------
|  JAX TORQUE EPILOGUE
|
|  Job ID: 6567874.helix-master
|  Exit Status: 0
|  Requested Resources:
|      mem=12gb,nodes=1:ppn=2,walltime=70:00:00
|  Resources Consumed:
|      cput=00:00:06,mem=0kb,vmem=0kb,walltime=00:00:12
|  Walltime accuracy: 0.0%
|
| Epilogue Host (TORQUE Mother Superior): helix055
|
--------------------------------------------------------------------------------
[Tue May 29 17:50:33 2018] Building DAG of jobs...
[Tue May 29 17:50:33 2018] Using shell: /bin/bash
[Tue May 29 17:50:33 2018] Provided cores: 40
[Tue May 29 17:50:33 2018] Rules claiming more threads will be scaled down.
[Tue May 29 17:50:33 2018] Job counts:
[Tue May 29 17:50:33 2018] 	count	jobs
[Tue May 29 17:50:33 2018] 	1	multiqc
[Tue May 29 17:50:33 2018] 	1

[Tue May 29 17:50:33 2018] Job 0: Running MultiQC

[Tue May 29 17:50:33 2018] multiqc -o results/qc/multiqc /projects/barthf/GLASS-WG/results; cp -R results/qc/multiqc/* /home/barthf/ShinyApps
[INFO   ]         multiqc : This is MultiQC v1.5
[INFO   ]         multiqc : Template    : default
[INFO   ]         multiqc : Searching '/projects/barthf/GLASS-WG/results'
Searching 110 files..
[INFO   ] base_recalibrator : Found 3 BaseRecalibrator reports
[INFO   ]          picard : Found 3 MarkDuplicates reports
[INFO   ]          picard : Found 3 WgsMetrics reports
[INFO   ]          fastqc : Found 21 reports
[INFO   ]         multiqc : Compressing plot data
[INFO   ]         multiqc : Report      : results/qc/multiqc/multiqc_report.html
[INFO   ]         multiqc : Data        : results/qc/multiqc/multiqc_data
[INFO   ]         multiqc : MultiQC complete
[Tue May 29 17:50:42 2018] Finished job 0.
[Tue May 29 17:50:42 2018] 1 of 1 steps (100%) done
[Tue May 29 17:50:42 2018] Complete log: /projects/barthf/GLASS-WG/.snakemake/log/2018-05-29T175033.018195.snakemake.log


--------------------------------------------------------------------------------
|  JAX TORQUE EPILOGUE
|
|  Job ID: 6567912.helix-master
|  Exit Status: 0
|  Requested Resources:
|      mem=12gb,nodes=1:ppn=2,walltime=70:00:00
|  Resources Consumed:
|      cput=00:00:03,mem=120352kb,vmem=1374148kb,walltime=00:00:10
|  Walltime accuracy: 0.0%
|
| Epilogue Host (TORQUE Mother Superior): helix052
|
--------------------------------------------------------------------------------
