[2018-06-01 14:38:43,686] multiqc                                            [DEBUG  ]  No MultiQC config found: /projects/barthf/opt/miniconda3/lib/python3.6/site-packages/multiqc_config.yaml
[2018-06-01 14:38:43,687] multiqc                                            [DEBUG  ]  No MultiQC config found: /home/barthf/.multiqc_config.yaml
[2018-06-01 14:38:43,687] multiqc                                            [DEBUG  ]  No MultiQC config found: multiqc_config.yaml
[2018-06-01 14:38:43,687] multiqc                                            [DEBUG  ]  Command used: /projects/barthf/opt/miniconda3/bin/multiqc -o results/qc/multiqc /projects/barthf/GLASS-WG/results
[2018-06-01 14:38:44,002] multiqc                                            [DEBUG  ]  Latest MultiQC version is v1.5
[2018-06-01 14:38:44,003] multiqc                                            [INFO   ]  This is MultiQC v1.5
[2018-06-01 14:38:44,003] multiqc                                            [DEBUG  ]  Command     : /projects/barthf/opt/miniconda3/bin/multiqc -o results/qc/multiqc /projects/barthf/GLASS-WG/results
[2018-06-01 14:38:44,003] multiqc                                            [DEBUG  ]  Working dir : /projects/barthf/GLASS-WG
[2018-06-01 14:38:44,003] multiqc                                            [INFO   ]  Template    : default
[2018-06-01 14:38:44,003] multiqc                                            [INFO   ]  Searching '/projects/barthf/GLASS-WG/results'
[2018-06-01 14:38:44,003] multiqc                                            [DEBUG  ]  Analysing modules: custom_content, conpair, peddy, methylQA, qualimap, preseq, quast, qorts, rna_seqc, rsem, rseqc, busco, goleft_indexcov, disambiguate, supernova, deeptools, sargasso, verifybamid, homer, macs2, theta2, snpeff, gatk, htseq, bcftools, featureCounts, dedup, picard, prokka, samblaster, samtools, bamtools, jellyfish, vcftools, bbmap, bismark, hicexplorer, hicup, salmon, kallisto, slamdunk, star, hisat2, tophat, bowtie2, bowtie1, leehom, adapterRemoval, clipandmerge, cutadapt, flexbar, trimmomatic, skewer, sortmerna, biobloomtools, fastq_screen, afterqc, fastqc, clusterflow, bcl2fastq, interop
[2018-06-01 14:38:44,004] multiqc                                            [DEBUG  ]  Using temporary directory for creating report: /scratch/6629677.helix-master/tmpuw1w3wac
[2018-06-01 14:38:44,538] multiqc                                            [DEBUG  ]  Ignoring file as matched an ignore pattern: A.vcf
[2018-06-01 14:38:46,038] multiqc                                            [DEBUG  ]  Ignoring file as matched an ignore pattern: testT-A.6209_8#3_fastqc.html
[2018-06-01 14:38:46,038] multiqc                                            [DEBUG  ]  Ignoring file as matched an ignore pattern: testT-A.6209_2#3_fastqc.html
[2018-06-01 14:38:46,039] multiqc                                            [DEBUG  ]  Ignoring file as matched an ignore pattern: testT-A.6206_7#3_fastqc.html
[2018-06-01 14:38:46,040] multiqc                                            [DEBUG  ]  Ignoring file as matched an ignore pattern: testT-A.6209_4#3_fastqc.html
[2018-06-01 14:38:46,040] multiqc                                            [DEBUG  ]  Ignoring file as matched an ignore pattern: testT-A.6209_3#3_fastqc.html
[2018-06-01 14:38:46,040] multiqc                                            [DEBUG  ]  Ignoring file as matched an ignore pattern: testT-A.6209_1#3_fastqc.html
[2018-06-01 14:38:46,040] multiqc                                            [DEBUG  ]  Ignoring file as matched an ignore pattern: testT-A.6209_6#3_fastqc.html
[2018-06-01 14:38:46,042] multiqc                                            [DEBUG  ]  Ignoring file as matched an ignore pattern: testT-A.6172_7#3_fastqc.html
[2018-06-01 14:38:46,042] multiqc                                            [DEBUG  ]  Ignoring file as matched an ignore pattern: testT-A.6209_7#3_fastqc.html
[2018-06-01 14:38:46,043] multiqc                                            [DEBUG  ]  Ignoring file as matched an ignore pattern: testT-A.6209_5#3_fastqc.html
[2018-06-01 14:38:46,043] multiqc                                            [DEBUG  ]  Ignoring file as matched an ignore pattern: testN-A.6209_5#3_fastqc.html
[2018-06-01 14:38:46,043] multiqc                                            [DEBUG  ]  Ignoring file as matched an ignore pattern: testN-A.6209_1#3_fastqc.html
[2018-06-01 14:38:46,044] multiqc                                            [DEBUG  ]  Ignoring file as matched an ignore pattern: testN-A.6172_7#3_fastqc.html
[2018-06-01 14:38:46,045] multiqc                                            [DEBUG  ]  Ignoring file as matched an ignore pattern: testN-A.6209_4#3_fastqc.html
[2018-06-01 14:38:46,045] multiqc                                            [DEBUG  ]  Ignoring file as matched an ignore pattern: testN-A.6206_7#3_fastqc.html
[2018-06-01 14:38:46,045] multiqc                                            [DEBUG  ]  Ignoring file as matched an ignore pattern: testN-A.6209_6#3_fastqc.html
[2018-06-01 14:38:46,047] multiqc                                            [DEBUG  ]  Ignoring file as matched an ignore pattern: testN-A.6209_8#3_fastqc.html
[2018-06-01 14:38:46,047] multiqc                                            [DEBUG  ]  Ignoring file as matched an ignore pattern: testN-A.6209_3#3_fastqc.html
[2018-06-01 14:38:46,048] multiqc                                            [DEBUG  ]  Ignoring file as matched an ignore pattern: testN-A.6209_2#3_fastqc.html
[2018-06-01 14:38:46,048] multiqc                                            [DEBUG  ]  Ignoring file as matched an ignore pattern: testN-A.6209_7#3_fastqc.html
[2018-06-01 14:38:46,049] multiqc                                            [DEBUG  ]  Ignoring file as matched an ignore pattern: testT-B.1_fastqc.html
[2018-06-01 14:38:46,192] multiqc                                            [DEBUG  ]  Ignoring file as matched an ignore pattern: testN-A.temp_0019_of_50.pon.vcf
[2018-06-01 14:38:46,192] multiqc                                            [DEBUG  ]  Ignoring file as matched an ignore pattern: testN-A.temp_0004_of_50.pon.vcf
[2018-06-01 14:38:46,193] multiqc                                            [DEBUG  ]  Ignoring file as matched an ignore pattern: testN-A.temp_0039_of_50.pon.vcf
[2018-06-01 14:38:46,193] multiqc                                            [DEBUG  ]  Ignoring file as matched an ignore pattern: testN-A.temp_0012_of_50.pon.vcf
[2018-06-01 14:38:46,299] multiqc                                            [DEBUG  ]  Ignoring file as matched an ignore pattern: testN-A.temp_0032_of_50.pon.vcf
[2018-06-01 14:38:46,387] multiqc                                            [DEBUG  ]  Ignoring file as matched an ignore pattern: testN-A.temp_0007_of_50.pon.vcf
[2018-06-01 14:38:46,452] multiqc                                            [DEBUG  ]  Ignoring file as matched an ignore pattern: testN-A.temp_0026_of_50.pon.vcf
[2018-06-01 14:38:46,453] multiqc                                            [DEBUG  ]  Ignoring file as matched an ignore pattern: testN-A.temp_0023_of_50.pon.vcf
[2018-06-01 14:38:46,453] multiqc                                            [DEBUG  ]  Ignoring file as matched an ignore pattern: testN-A.temp_0024_of_50.pon.vcf
[2018-06-01 14:38:46,453] multiqc                                            [DEBUG  ]  Ignoring file as matched an ignore pattern: testN-A.temp_0006_of_50.pon.vcf
[2018-06-01 14:38:46,527] multiqc                                            [DEBUG  ]  Ignoring file as matched an ignore pattern: testN-A.temp_0029_of_50.pon.vcf
[2018-06-01 14:38:46,660] multiqc                                            [DEBUG  ]  Ignoring file as matched an ignore pattern: testN-A.temp_0046_of_50.pon.vcf
[2018-06-01 14:38:46,748] multiqc                                            [DEBUG  ]  Ignoring file as matched an ignore pattern: testN-A.temp_0021_of_50.pon.vcf
[2018-06-01 14:38:46,783] multiqc                                            [DEBUG  ]  Ignoring file as matched an ignore pattern: testN-A.temp_0014_of_50.pon.vcf
[2018-06-01 14:38:46,964] multiqc                                            [DEBUG  ]  Ignoring file as matched an ignore pattern: testN-A.temp_0002_of_50.pon.vcf
[2018-06-01 14:38:47,007] multiqc                                            [DEBUG  ]  Ignoring file as matched an ignore pattern: testN-A.temp_0015_of_50.pon.vcf
[2018-06-01 14:38:47,040] multiqc                                            [DEBUG  ]  Ignoring file as matched an ignore pattern: testN-A.temp_0038_of_50.pon.vcf
[2018-06-01 14:38:47,161] multiqc                                            [DEBUG  ]  Ignoring file as matched an ignore pattern: testN-A.temp_0003_of_50.pon.vcf
[2018-06-01 14:38:47,161] multiqc                                            [DEBUG  ]  Ignoring file as matched an ignore pattern: testN-A.temp_0037_of_50.pon.vcf
[2018-06-01 14:38:47,161] multiqc                                            [DEBUG  ]  Ignoring file as matched an ignore pattern: testN-A.temp_0020_of_50.pon.vcf
[2018-06-01 14:38:47,205] multiqc                                            [DEBUG  ]  Ignoring file as matched an ignore pattern: testN-A.temp_0009_of_50.pon.vcf
[2018-06-01 14:38:47,234] multiqc                                            [DEBUG  ]  Ignoring file as matched an ignore pattern: testN-A.temp_0048_of_50.pon.vcf
[2018-06-01 14:38:47,234] multiqc                                            [DEBUG  ]  Ignoring file as matched an ignore pattern: testN-A.temp_0044_of_50.pon.vcf
[2018-06-01 14:38:47,272] multiqc                                            [DEBUG  ]  Ignoring file as matched an ignore pattern: testN-A.temp_0013_of_50.pon.vcf
[2018-06-01 14:38:47,292] multiqc                                            [DEBUG  ]  Ignoring file as matched an ignore pattern: testN-A.temp_0008_of_50.pon.vcf
[2018-06-01 14:38:47,292] multiqc                                            [DEBUG  ]  Ignoring file as matched an ignore pattern: testN-A.temp_0030_of_50.pon.vcf
[2018-06-01 14:38:47,292] multiqc                                            [DEBUG  ]  Ignoring file as matched an ignore pattern: testN-A.temp_0045_of_50.pon.vcf
[2018-06-01 14:38:47,348] multiqc                                            [DEBUG  ]  Ignoring file as matched an ignore pattern: testN-A.temp_0043_of_50.pon.vcf
[2018-06-01 14:38:47,413] multiqc                                            [DEBUG  ]  Ignoring file as matched an ignore pattern: testN-A.temp_0033_of_50.pon.vcf
[2018-06-01 14:38:47,555] multiqc                                            [DEBUG  ]  Ignoring file as matched an ignore pattern: testN-A.temp_0041_of_50.pon.vcf
[2018-06-01 14:38:47,555] multiqc                                            [DEBUG  ]  Ignoring file as matched an ignore pattern: testN-A.temp_0027_of_50.pon.vcf
[2018-06-01 14:38:47,556] multiqc                                            [DEBUG  ]  Ignoring file as matched an ignore pattern: testN-A.temp_0034_of_50.pon.vcf
[2018-06-01 14:38:47,556] multiqc                                            [DEBUG  ]  Ignoring file as matched an ignore pattern: testN-A.temp_0040_of_50.pon.vcf
[2018-06-01 14:38:47,556] multiqc                                            [DEBUG  ]  Ignoring file as matched an ignore pattern: testN-A.temp_0050_of_50.pon.vcf
[2018-06-01 14:38:47,556] multiqc                                            [DEBUG  ]  Ignoring file as matched an ignore pattern: testN-A.temp_0016_of_50.pon.vcf
[2018-06-01 14:38:47,591] multiqc                                            [DEBUG  ]  Ignoring file as matched an ignore pattern: testN-A.temp_0022_of_50.pon.vcf
[2018-06-01 14:38:47,823] multiqc                                            [DEBUG  ]  Ignoring file as matched an ignore pattern: testN-A.temp_0036_of_50.pon.vcf
[2018-06-01 14:38:47,862] multiqc                                            [DEBUG  ]  Ignoring file as matched an ignore pattern: testN-A.temp_0047_of_50.pon.vcf
[2018-06-01 14:38:47,862] multiqc                                            [DEBUG  ]  Ignoring file as matched an ignore pattern: testN-A.temp_0001_of_50.pon.vcf
[2018-06-01 14:38:47,862] multiqc                                            [DEBUG  ]  Ignoring file as matched an ignore pattern: testN-A.temp_0025_of_50.pon.vcf
[2018-06-01 14:38:47,863] multiqc                                            [DEBUG  ]  Ignoring file as matched an ignore pattern: testN-A.temp_0035_of_50.pon.vcf
[2018-06-01 14:38:47,863] multiqc                                            [DEBUG  ]  Ignoring file as matched an ignore pattern: testN-A.temp_0031_of_50.pon.vcf
[2018-06-01 14:38:47,864] multiqc                                            [DEBUG  ]  Ignoring file as matched an ignore pattern: testN-A.temp_0042_of_50.pon.vcf
[2018-06-01 14:38:47,907] multiqc                                            [DEBUG  ]  Ignoring file as matched an ignore pattern: testN-A.temp_0049_of_50.pon.vcf
[2018-06-01 14:38:47,907] multiqc                                            [DEBUG  ]  Ignoring file as matched an ignore pattern: testN-A.temp_0028_of_50.pon.vcf
[2018-06-01 14:38:47,985] multiqc                                            [DEBUG  ]  Ignoring file as matched an ignore pattern: testN-A.temp_0018_of_50.pon.vcf
[2018-06-01 14:38:47,985] multiqc                                            [DEBUG  ]  Ignoring file as matched an ignore pattern: testN-A.temp_0017_of_50.pon.vcf
[2018-06-01 14:38:47,986] multiqc                                            [DEBUG  ]  Ignoring file as matched an ignore pattern: testN-A.temp_0011_of_50.pon.vcf
[2018-06-01 14:38:47,986] multiqc                                            [DEBUG  ]  Ignoring file as matched an ignore pattern: testN-A.temp_0005_of_50.pon.vcf
[2018-06-01 14:38:48,104] multiqc                                            [DEBUG  ]  Ignoring file as matched an ignore pattern: testN-A.temp_0010_of_50.pon.vcf
[2018-06-01 14:38:49,292] multiqc                                            [DEBUG  ]  Ignoring file as matched an ignore pattern: testT-A.6172_7#3.realn.bai
[2018-06-01 14:38:49,293] multiqc                                            [DEBUG  ]  Ignoring file as matched an ignore pattern: testT-A.6206_7#3.realn.bai
[2018-06-01 14:38:49,293] multiqc                                            [DEBUG  ]  Ignoring file as matched an ignore pattern: testT-A.6209_7#3.realn.bai
[2018-06-01 14:38:49,294] multiqc                                            [DEBUG  ]  Ignoring file as matched an ignore pattern: testT-A.6209_1#3.realn.bai
[2018-06-01 14:38:49,294] multiqc                                            [DEBUG  ]  Ignoring file as matched an ignore pattern: testT-A.6209_6#3.realn.bai
[2018-06-01 14:38:49,294] multiqc                                            [DEBUG  ]  Ignoring file as matched an ignore pattern: testT-A.6209_3#3.realn.bai
[2018-06-01 14:38:49,294] multiqc                                            [DEBUG  ]  Ignoring file as matched an ignore pattern: testT-A.6209_2#3.realn.bai
[2018-06-01 14:38:49,295] multiqc                                            [DEBUG  ]  Ignoring file as matched an ignore pattern: testT-A.6209_5#3.realn.bai
[2018-06-01 14:38:49,295] multiqc                                            [DEBUG  ]  Ignoring file as matched an ignore pattern: testT-A.6209_8#3.realn.bai
[2018-06-01 14:38:49,295] multiqc                                            [DEBUG  ]  Ignoring file as matched an ignore pattern: testT-A.6209_4#3.realn.bai
[2018-06-01 14:38:49,296] multiqc                                            [DEBUG  ]  Ignoring file as matched an ignore pattern: testN-A.6209_1#3.realn.bai
[2018-06-01 14:38:49,297] multiqc                                            [DEBUG  ]  Ignoring file as matched an ignore pattern: testN-A.6209_8#3.realn.bai
[2018-06-01 14:38:49,298] multiqc                                            [DEBUG  ]  Ignoring file as matched an ignore pattern: testN-A.6209_3#3.realn.bai
[2018-06-01 14:38:49,298] multiqc                                            [DEBUG  ]  Ignoring file as matched an ignore pattern: testN-A.6209_2#3.realn.bai
[2018-06-01 14:38:49,298] multiqc                                            [DEBUG  ]  Ignoring file as matched an ignore pattern: testN-A.6209_5#3.realn.bai
[2018-06-01 14:38:49,299] multiqc                                            [DEBUG  ]  Ignoring file as matched an ignore pattern: testN-A.6172_7#3.realn.bai
[2018-06-01 14:38:49,299] multiqc                                            [DEBUG  ]  Ignoring file as matched an ignore pattern: testN-A.6209_6#3.realn.bai
[2018-06-01 14:38:49,299] multiqc                                            [DEBUG  ]  Ignoring file as matched an ignore pattern: testN-A.6206_7#3.realn.bai
[2018-06-01 14:38:49,299] multiqc                                            [DEBUG  ]  Ignoring file as matched an ignore pattern: testN-A.6209_4#3.realn.bai
[2018-06-01 14:38:49,300] multiqc                                            [DEBUG  ]  Ignoring file as matched an ignore pattern: testN-A.6209_7#3.realn.bai
[2018-06-01 14:38:49,300] multiqc                                            [DEBUG  ]  Ignoring file as matched an ignore pattern: testT-B.1.realn.bai
[2018-06-01 14:38:49,383] multiqc                                            [DEBUG  ]  Ignoring file as matched an ignore pattern: testT-A.realn.dedup.bai
[2018-06-01 14:38:49,434] multiqc                                            [DEBUG  ]  Ignoring file as matched an ignore pattern: testT-B.realn.dedup.bai
[2018-06-01 14:38:49,435] multiqc                                            [DEBUG  ]  Ignoring file as matched an ignore pattern: testN-A.realn.dedup.bai
[2018-06-01 14:38:49,435] multiqc                                            [DEBUG  ]  Ignoring file as matched an ignore pattern: A.temp_0021_of_50.bai
[2018-06-01 14:38:49,435] multiqc                                            [DEBUG  ]  Ignoring file as matched an ignore pattern: A.temp_0032_of_50.bai
[2018-06-01 14:38:49,436] multiqc                                            [DEBUG  ]  Ignoring file as matched an ignore pattern: A.temp_0047_of_50.bam
[2018-06-01 14:38:49,436] multiqc                                            [DEBUG  ]  Ignoring file as matched an ignore pattern: A.temp_0047_of_50.bai
[2018-06-01 14:38:49,436] multiqc                                            [DEBUG  ]  Ignoring file as matched an ignore pattern: A.temp_0009_of_50.bam
[2018-06-01 14:38:49,436] multiqc                                            [DEBUG  ]  Ignoring file as matched an ignore pattern: A.temp_0014_of_50.bam
[2018-06-01 14:38:49,437] multiqc                                            [DEBUG  ]  Ignoring file as matched an ignore pattern: A.temp_0039_of_50.bam
[2018-06-01 14:38:49,437] multiqc                                            [DEBUG  ]  Ignoring file as matched an ignore pattern: A.temp_0029_of_50.bam
[2018-06-01 14:38:49,437] multiqc                                            [DEBUG  ]  Ignoring file as matched an ignore pattern: A.temp_0012_of_50.bam
[2018-06-01 14:38:49,438] multiqc                                            [DEBUG  ]  Ignoring file as matched an ignore pattern: A.temp_0028_of_50.bai
[2018-06-01 14:38:49,438] multiqc                                            [DEBUG  ]  Ignoring file as matched an ignore pattern: A.temp_0016_of_50.bam
[2018-06-01 14:38:49,438] multiqc                                            [DEBUG  ]  Ignoring file as matched an ignore pattern: A.temp_0021_of_50.bam
[2018-06-01 14:38:49,439] multiqc                                            [DEBUG  ]  Ignoring file as matched an ignore pattern: A.temp_0040_of_50.bam
[2018-06-01 14:38:49,439] multiqc                                            [DEBUG  ]  Ignoring file as matched an ignore pattern: A.temp_0024_of_50.bai
[2018-06-01 14:38:49,439] multiqc                                            [DEBUG  ]  Ignoring file as matched an ignore pattern: A.temp_0023_of_50.bam
[2018-06-01 14:38:49,440] multiqc                                            [DEBUG  ]  Ignoring file as matched an ignore pattern: A.temp_0025_of_50.bam
[2018-06-01 14:38:49,440] multiqc                                            [DEBUG  ]  Ignoring file as matched an ignore pattern: A.temp_0019_of_50.bai
[2018-06-01 14:38:49,440] multiqc                                            [DEBUG  ]  Ignoring file as matched an ignore pattern: A.temp_0037_of_50.bam
[2018-06-01 14:38:49,441] multiqc                                            [DEBUG  ]  Ignoring file as matched an ignore pattern: A.temp_0023_of_50.bai
[2018-06-01 14:38:49,441] multiqc                                            [DEBUG  ]  Ignoring file as matched an ignore pattern: A.temp_0048_of_50.bai
[2018-06-01 14:38:49,441] multiqc                                            [DEBUG  ]  Ignoring file as matched an ignore pattern: A.temp_0020_of_50.bai
[2018-06-01 14:38:49,442] multiqc                                            [DEBUG  ]  Ignoring file as matched an ignore pattern: A.temp_0033_of_50.bam
[2018-06-01 14:38:49,442] multiqc                                            [DEBUG  ]  Ignoring file as matched an ignore pattern: A.temp_0019_of_50.bam
[2018-06-01 14:38:49,442] multiqc                                            [DEBUG  ]  Ignoring file as matched an ignore pattern: A.temp_0015_of_50.bam
[2018-06-01 14:38:49,442] multiqc                                            [DEBUG  ]  Ignoring file as matched an ignore pattern: A.temp_0013_of_50.bam
[2018-06-01 14:38:49,443] multiqc                                            [DEBUG  ]  Ignoring file as matched an ignore pattern: A.temp_0045_of_50.bai
[2018-06-01 14:38:49,443] multiqc                                            [DEBUG  ]  Ignoring file as matched an ignore pattern: A.temp_0032_of_50.bam
[2018-06-01 14:38:49,443] multiqc                                            [DEBUG  ]  Ignoring file as matched an ignore pattern: A.temp_0007_of_50.bai
[2018-06-01 14:38:49,444] multiqc                                            [DEBUG  ]  Ignoring file as matched an ignore pattern: A.temp_0013_of_50.bai
[2018-06-01 14:38:49,444] multiqc                                            [DEBUG  ]  Ignoring file as matched an ignore pattern: A.temp_0017_of_50.bai
[2018-06-01 14:38:49,444] multiqc                                            [DEBUG  ]  Ignoring file as matched an ignore pattern: A.temp_0046_of_50.bai
[2018-06-01 14:38:49,444] multiqc                                            [DEBUG  ]  Ignoring file as matched an ignore pattern: A.temp_0049_of_50.bai
[2018-06-01 14:38:49,445] multiqc                                            [DEBUG  ]  Ignoring file as matched an ignore pattern: A.temp_0005_of_50.bam
[2018-06-01 14:38:49,445] multiqc                                            [DEBUG  ]  Ignoring file as matched an ignore pattern: A.temp_0038_of_50.bai
[2018-06-01 14:38:49,445] multiqc                                            [DEBUG  ]  Ignoring file as matched an ignore pattern: A.temp_0029_of_50.bai
[2018-06-01 14:38:49,446] multiqc                                            [DEBUG  ]  Ignoring file as matched an ignore pattern: A.temp_0004_of_50.bam
[2018-06-01 14:38:49,446] multiqc                                            [DEBUG  ]  Ignoring file as matched an ignore pattern: A.temp_0016_of_50.bai
[2018-06-01 14:38:49,446] multiqc                                            [DEBUG  ]  Ignoring file as matched an ignore pattern: A.temp_0010_of_50.bam
[2018-06-01 14:38:49,447] multiqc                                            [DEBUG  ]  Ignoring file as matched an ignore pattern: A.temp_0027_of_50.bai
[2018-06-01 14:38:49,447] multiqc                                            [DEBUG  ]  Ignoring file as matched an ignore pattern: A.temp_0024_of_50.bam
[2018-06-01 14:38:49,447] multiqc                                            [DEBUG  ]  Ignoring file as matched an ignore pattern: A.temp_0015_of_50.bai
[2018-06-01 14:38:49,448] multiqc                                            [DEBUG  ]  Ignoring file as matched an ignore pattern: A.temp_0007_of_50.bam
[2018-06-01 14:38:49,448] multiqc                                            [DEBUG  ]  Ignoring file as matched an ignore pattern: A.temp_0017_of_50.bam
[2018-06-01 14:38:49,448] multiqc                                            [DEBUG  ]  Ignoring file as matched an ignore pattern: A.temp_0039_of_50.bai
[2018-06-01 14:38:49,449] multiqc                                            [DEBUG  ]  Ignoring file as matched an ignore pattern: A.temp_0043_of_50.bam
[2018-06-01 14:38:49,450] multiqc                                            [DEBUG  ]  Ignoring file as matched an ignore pattern: A.temp_0034_of_50.bam
[2018-06-01 14:38:49,451] multiqc                                            [DEBUG  ]  Ignoring file as matched an ignore pattern: A.temp_0003_of_50.bam
[2018-06-01 14:38:49,452] multiqc                                            [DEBUG  ]  Ignoring file as matched an ignore pattern: A.temp_0048_of_50.bam
[2018-06-01 14:38:49,453] multiqc                                            [DEBUG  ]  Ignoring file as matched an ignore pattern: A.temp_0008_of_50.bam
[2018-06-01 14:38:49,453] multiqc                                            [DEBUG  ]  Ignoring file as matched an ignore pattern: A.temp_0012_of_50.bai
[2018-06-01 14:38:49,453] multiqc                                            [DEBUG  ]  Ignoring file as matched an ignore pattern: A.temp_0044_of_50.bai
[2018-06-01 14:38:49,454] multiqc                                            [DEBUG  ]  Ignoring file as matched an ignore pattern: A.temp_0027_of_50.bam
[2018-06-01 14:38:49,455] multiqc                                            [DEBUG  ]  Ignoring file as matched an ignore pattern: A.temp_0041_of_50.bam
[2018-06-01 14:38:49,455] multiqc                                            [DEBUG  ]  Ignoring file as matched an ignore pattern: A.temp_0050_of_50.bam
[2018-06-01 14:38:49,456] multiqc                                            [DEBUG  ]  Ignoring file as matched an ignore pattern: A.temp_0014_of_50.bai
[2018-06-01 14:38:49,456] multiqc                                            [DEBUG  ]  Ignoring file as matched an ignore pattern: A.temp_0040_of_50.bai
[2018-06-01 14:38:49,456] multiqc                                            [DEBUG  ]  Ignoring file as matched an ignore pattern: A.temp_0034_of_50.bai
[2018-06-01 14:38:49,457] multiqc                                            [DEBUG  ]  Ignoring file as matched an ignore pattern: A.temp_0043_of_50.bai
[2018-06-01 14:38:49,457] multiqc                                            [DEBUG  ]  Ignoring file as matched an ignore pattern: A.temp_0020_of_50.bam
[2018-06-01 14:38:49,457] multiqc                                            [DEBUG  ]  Ignoring file as matched an ignore pattern: A.temp_0026_of_50.bai
[2018-06-01 14:38:49,457] multiqc                                            [DEBUG  ]  Ignoring file as matched an ignore pattern: A.temp_0045_of_50.bam
[2018-06-01 14:38:49,458] multiqc                                            [DEBUG  ]  Ignoring file as matched an ignore pattern: A.temp_0010_of_50.bai
[2018-06-01 14:38:49,458] multiqc                                            [DEBUG  ]  Ignoring file as matched an ignore pattern: A.temp_0030_of_50.bam
[2018-06-01 14:38:49,458] multiqc                                            [DEBUG  ]  Ignoring file as matched an ignore pattern: A.temp_0006_of_50.bai
[2018-06-01 14:38:49,459] multiqc                                            [DEBUG  ]  Ignoring file as matched an ignore pattern: A.temp_0044_of_50.bam
[2018-06-01 14:38:49,460] multiqc                                            [DEBUG  ]  Ignoring file as matched an ignore pattern: A.temp_0018_of_50.bam
[2018-06-01 14:38:49,461] multiqc                                            [DEBUG  ]  Ignoring file as matched an ignore pattern: A.temp_0011_of_50.bam
[2018-06-01 14:38:49,461] multiqc                                            [DEBUG  ]  Ignoring file as matched an ignore pattern: A.temp_0038_of_50.bam
[2018-06-01 14:38:49,461] multiqc                                            [DEBUG  ]  Ignoring file as matched an ignore pattern: A.temp_0004_of_50.bai
[2018-06-01 14:38:49,461] multiqc                                            [DEBUG  ]  Ignoring file as matched an ignore pattern: A.temp_0025_of_50.bai
[2018-06-01 14:38:49,462] multiqc                                            [DEBUG  ]  Ignoring file as matched an ignore pattern: A.temp_0049_of_50.bam
[2018-06-01 14:38:49,462] multiqc                                            [DEBUG  ]  Ignoring file as matched an ignore pattern: A.temp_0003_of_50.bai
[2018-06-01 14:38:49,463] multiqc                                            [DEBUG  ]  Ignoring file as matched an ignore pattern: A.temp_0001_of_50.bam
[2018-06-01 14:38:49,464] multiqc                                            [DEBUG  ]  Ignoring file as matched an ignore pattern: A.temp_0050_of_50.bai
[2018-06-01 14:38:49,464] multiqc                                            [DEBUG  ]  Ignoring file as matched an ignore pattern: A.temp_0001_of_50.bai
[2018-06-01 14:38:49,464] multiqc                                            [DEBUG  ]  Ignoring file as matched an ignore pattern: A.temp_0037_of_50.bai
[2018-06-01 14:38:49,465] multiqc                                            [DEBUG  ]  Ignoring file as matched an ignore pattern: A.temp_0031_of_50.bam
[2018-06-01 14:38:49,465] multiqc                                            [DEBUG  ]  Ignoring file as matched an ignore pattern: A.temp_0011_of_50.bai
[2018-06-01 14:38:49,465] multiqc                                            [DEBUG  ]  Ignoring file as matched an ignore pattern: A.temp_0042_of_50.bam
[2018-06-01 14:38:49,465] multiqc                                            [DEBUG  ]  Ignoring file as matched an ignore pattern: A.temp_0005_of_50.bai
[2018-06-01 14:38:49,466] multiqc                                            [DEBUG  ]  Ignoring file as matched an ignore pattern: A.temp_0002_of_50.bam
[2018-06-01 14:38:49,466] multiqc                                            [DEBUG  ]  Ignoring file as matched an ignore pattern: A.temp_0022_of_50.bai
[2018-06-01 14:38:49,466] multiqc                                            [DEBUG  ]  Ignoring file as matched an ignore pattern: A.temp_0006_of_50.bam
[2018-06-01 14:38:49,467] multiqc                                            [DEBUG  ]  Ignoring file as matched an ignore pattern: A.temp_0036_of_50.bai
[2018-06-01 14:38:49,467] multiqc                                            [DEBUG  ]  Ignoring file as matched an ignore pattern: A.temp_0042_of_50.bai
[2018-06-01 14:38:49,467] multiqc                                            [DEBUG  ]  Ignoring file as matched an ignore pattern: A.temp_0009_of_50.bai
[2018-06-01 14:38:49,468] multiqc                                            [DEBUG  ]  Ignoring file as matched an ignore pattern: A.temp_0035_of_50.bai
[2018-06-01 14:38:49,468] multiqc                                            [DEBUG  ]  Ignoring file as matched an ignore pattern: A.temp_0018_of_50.bai
[2018-06-01 14:38:49,470] multiqc                                            [DEBUG  ]  Ignoring file as matched an ignore pattern: A.temp_0026_of_50.bam
[2018-06-01 14:38:49,470] multiqc                                            [DEBUG  ]  Ignoring file as matched an ignore pattern: A.temp_0035_of_50.bam
[2018-06-01 14:38:49,470] multiqc                                            [DEBUG  ]  Ignoring file as matched an ignore pattern: A.temp_0002_of_50.bai
[2018-06-01 14:38:49,471] multiqc                                            [DEBUG  ]  Ignoring file as matched an ignore pattern: A.temp_0046_of_50.bam
[2018-06-01 14:38:49,471] multiqc                                            [DEBUG  ]  Ignoring file as matched an ignore pattern: A.temp_0030_of_50.bai
[2018-06-01 14:38:49,471] multiqc                                            [DEBUG  ]  Ignoring file as matched an ignore pattern: A.temp_0041_of_50.bai
[2018-06-01 14:38:49,471] multiqc                                            [DEBUG  ]  Ignoring file as matched an ignore pattern: A.temp_0031_of_50.bai
[2018-06-01 14:38:49,472] multiqc                                            [DEBUG  ]  Ignoring file as matched an ignore pattern: A.temp_0022_of_50.bam
[2018-06-01 14:38:49,472] multiqc                                            [DEBUG  ]  Ignoring file as matched an ignore pattern: A.temp_0008_of_50.bai
[2018-06-01 14:38:49,472] multiqc                                            [DEBUG  ]  Ignoring file as matched an ignore pattern: A.temp_0028_of_50.bam
[2018-06-01 14:38:49,473] multiqc                                            [DEBUG  ]  Ignoring file as matched an ignore pattern: A.temp_0036_of_50.bam
[2018-06-01 14:38:49,473] multiqc                                            [DEBUG  ]  Ignoring file as matched an ignore pattern: A.temp_0033_of_50.bai
[2018-06-01 14:38:49,521] multiqc                                            [DEBUG  ]  Ignoring file as matched an ignore pattern: test.pon.vcf
[2018-06-01 14:38:49,521] multiqc                                            [DEBUG  ]  Ignoring file as matched an ignore pattern: A.filtered2.vcf
[2018-06-01 14:38:49,584] multiqc                                            [DEBUG  ]  Ignoring file as matched an ignore pattern: A.filtered2.vep.vcf
[2018-06-01 14:38:49,585] multiqc                                            [DEBUG  ]  Ignoring file as matched an ignore pattern: A.filtered.vcf
[2018-06-01 14:38:49,679] multiqc                                            [DEBUG  ]  Ignoring file as matched an ignore pattern: A.temp_0050_of_50.vcf
[2018-06-01 14:38:49,731] multiqc                                            [DEBUG  ]  Ignoring file as matched an ignore pattern: A.temp_0018_of_50.vcf
[2018-06-01 14:38:49,781] multiqc                                            [DEBUG  ]  Ignoring file as matched an ignore pattern: A.temp_0045_of_50.vcf
[2018-06-01 14:38:49,782] multiqc                                            [DEBUG  ]  Ignoring file as matched an ignore pattern: A.temp_0032_of_50.vcf
[2018-06-01 14:38:49,782] multiqc                                            [DEBUG  ]  Ignoring file as matched an ignore pattern: A.temp_0036_of_50.vcf
[2018-06-01 14:38:49,782] multiqc                                            [DEBUG  ]  Ignoring file as matched an ignore pattern: A.temp_0034_of_50.vcf
[2018-06-01 14:38:49,841] multiqc                                            [DEBUG  ]  Ignoring file as matched an ignore pattern: A.temp_0023_of_50.vcf
[2018-06-01 14:38:49,893] multiqc                                            [DEBUG  ]  Ignoring file as matched an ignore pattern: A.temp_0010_of_50.vcf
[2018-06-01 14:38:49,894] multiqc                                            [DEBUG  ]  Ignoring file as matched an ignore pattern: A.temp_0026_of_50.vcf
[2018-06-01 14:38:49,894] multiqc                                            [DEBUG  ]  Ignoring file as matched an ignore pattern: A.temp_0029_of_50.vcf
[2018-06-01 14:38:50,095] multiqc                                            [DEBUG  ]  Ignoring file as matched an ignore pattern: A.temp_0022_of_50.vcf
[2018-06-01 14:38:50,096] multiqc                                            [DEBUG  ]  Ignoring file as matched an ignore pattern: A.temp_0048_of_50.vcf
[2018-06-01 14:38:50,097] multiqc                                            [DEBUG  ]  Ignoring file as matched an ignore pattern: A.temp_0041_of_50.vcf
[2018-06-01 14:38:50,478] multiqc                                            [DEBUG  ]  Ignoring file as matched an ignore pattern: A.temp_0003_of_50.vcf
[2018-06-01 14:38:50,596] multiqc                                            [DEBUG  ]  Ignoring file as matched an ignore pattern: A.temp_0004_of_50.vcf
[2018-06-01 14:38:50,598] multiqc                                            [DEBUG  ]  Ignoring file as matched an ignore pattern: A.temp_0019_of_50.vcf
[2018-06-01 14:38:50,598] multiqc                                            [DEBUG  ]  Ignoring file as matched an ignore pattern: A.temp_0002_of_50.vcf
[2018-06-01 14:38:50,599] multiqc                                            [DEBUG  ]  Ignoring file as matched an ignore pattern: A.temp_0038_of_50.vcf
[2018-06-01 14:38:50,600] multiqc                                            [DEBUG  ]  Ignoring file as matched an ignore pattern: A.temp_0008_of_50.vcf
[2018-06-01 14:38:50,600] multiqc                                            [DEBUG  ]  Ignoring file as matched an ignore pattern: A.temp_0013_of_50.vcf
[2018-06-01 14:38:50,783] multiqc                                            [DEBUG  ]  Ignoring file as matched an ignore pattern: A.temp_0009_of_50.vcf
[2018-06-01 14:38:50,785] multiqc                                            [DEBUG  ]  Ignoring file as matched an ignore pattern: A.temp_0039_of_50.vcf
[2018-06-01 14:38:50,841] multiqc                                            [DEBUG  ]  Ignoring file as matched an ignore pattern: A.temp_0031_of_50.vcf
[2018-06-01 14:38:50,974] multiqc                                            [DEBUG  ]  Ignoring file as matched an ignore pattern: A.temp_0028_of_50.vcf
[2018-06-01 14:38:51,019] multiqc                                            [DEBUG  ]  Ignoring file as matched an ignore pattern: A.temp_0001_of_50.vcf
[2018-06-01 14:38:51,063] multiqc                                            [DEBUG  ]  Ignoring file as matched an ignore pattern: A.temp_0020_of_50.vcf
[2018-06-01 14:38:51,063] multiqc                                            [DEBUG  ]  Ignoring file as matched an ignore pattern: A.temp_0021_of_50.vcf
[2018-06-01 14:38:51,064] multiqc                                            [DEBUG  ]  Ignoring file as matched an ignore pattern: A.temp_0005_of_50.vcf
[2018-06-01 14:38:51,126] multiqc                                            [DEBUG  ]  Ignoring file as matched an ignore pattern: A.temp_0024_of_50.vcf
[2018-06-01 14:38:51,176] multiqc                                            [DEBUG  ]  Ignoring file as matched an ignore pattern: A.temp_0015_of_50.vcf
[2018-06-01 14:38:51,216] multiqc                                            [DEBUG  ]  Ignoring file as matched an ignore pattern: A.temp_0042_of_50.vcf
[2018-06-01 14:38:51,280] multiqc                                            [DEBUG  ]  Ignoring file as matched an ignore pattern: A.temp_0035_of_50.vcf
[2018-06-01 14:38:51,343] multiqc                                            [DEBUG  ]  Ignoring file as matched an ignore pattern: A.temp_0047_of_50.vcf
[2018-06-01 14:38:51,343] multiqc                                            [DEBUG  ]  Ignoring file as matched an ignore pattern: A.temp_0007_of_50.vcf
[2018-06-01 14:38:51,344] multiqc                                            [DEBUG  ]  Ignoring file as matched an ignore pattern: A.temp_0012_of_50.vcf
[2018-06-01 14:38:51,765] multiqc                                            [DEBUG  ]  Ignoring file as matched an ignore pattern: A.temp_0016_of_50.vcf
[2018-06-01 14:38:51,806] multiqc                                            [DEBUG  ]  Ignoring file as matched an ignore pattern: A.temp_0025_of_50.vcf
[2018-06-01 14:38:51,883] multiqc                                            [DEBUG  ]  Ignoring file as matched an ignore pattern: A.temp_0017_of_50.vcf
[2018-06-01 14:38:51,884] multiqc                                            [DEBUG  ]  Ignoring file as matched an ignore pattern: A.temp_0027_of_50.vcf
[2018-06-01 14:38:51,915] multiqc                                            [DEBUG  ]  Ignoring file as matched an ignore pattern: A.temp_0049_of_50.vcf
[2018-06-01 14:38:51,993] multiqc                                            [DEBUG  ]  Ignoring file as matched an ignore pattern: A.temp_0030_of_50.vcf
[2018-06-01 14:38:51,994] multiqc                                            [DEBUG  ]  Ignoring file as matched an ignore pattern: A.temp_0043_of_50.vcf
[2018-06-01 14:38:51,994] multiqc                                            [DEBUG  ]  Ignoring file as matched an ignore pattern: A.temp_0014_of_50.vcf
[2018-06-01 14:38:51,994] multiqc                                            [DEBUG  ]  Ignoring file as matched an ignore pattern: A.temp_0046_of_50.vcf
[2018-06-01 14:38:51,995] multiqc                                            [DEBUG  ]  Ignoring file as matched an ignore pattern: A.temp_0033_of_50.vcf
[2018-06-01 14:38:52,032] multiqc                                            [DEBUG  ]  Ignoring file as matched an ignore pattern: A.temp_0044_of_50.vcf
[2018-06-01 14:38:52,075] multiqc                                            [DEBUG  ]  Ignoring file as matched an ignore pattern: A.temp_0011_of_50.vcf
[2018-06-01 14:38:52,075] multiqc                                            [DEBUG  ]  Ignoring file as matched an ignore pattern: A.temp_0037_of_50.vcf
[2018-06-01 14:38:52,076] multiqc                                            [DEBUG  ]  Ignoring file as matched an ignore pattern: A.temp_0006_of_50.vcf
[2018-06-01 14:38:52,076] multiqc                                            [DEBUG  ]  Ignoring file as matched an ignore pattern: A.temp_0040_of_50.vcf
[2018-06-01 14:38:52,333] multiqc                                            [DEBUG  ]  Ignoring file as matched an ignore pattern: testN-A.pon.vcf
[2018-06-01 14:38:52,425] multiqc                                            [DEBUG  ]  Ignoring file as matched an ignore pattern: testT-A.realn.dedup.bqsr.bam
[2018-06-01 14:38:52,595] multiqc                                            [DEBUG  ]  Ignoring file as matched an ignore pattern: testT-B.realn.dedup.bqsr.bam
[2018-06-01 14:38:52,595] multiqc                                            [DEBUG  ]  Ignoring file as matched an ignore pattern: testN-A.realn.dedup.bqsr.bai
[2018-06-01 14:38:52,596] multiqc                                            [DEBUG  ]  Ignoring file as matched an ignore pattern: testN-A.realn.dedup.bqsr.bam
[2018-06-01 14:38:52,596] multiqc                                            [DEBUG  ]  Ignoring file as matched an ignore pattern: testT-B.realn.dedup.bqsr.bai
[2018-06-01 14:38:52,596] multiqc                                            [DEBUG  ]  Ignoring file as matched an ignore pattern: testT-A.realn.dedup.bqsr.bai
[2018-06-01 14:38:55,422] multiqc                                            [DEBUG  ]  No samples found: custom_content
[2018-06-01 14:38:55,455] multiqc                                            [DEBUG  ]  No samples found: conpair
[2018-06-01 14:38:55,515] multiqc                                            [DEBUG  ]  No samples found: peddy
[2018-06-01 14:38:55,563] multiqc                                            [DEBUG  ]  No samples found: methylQA
[2018-06-01 14:38:55,658] multiqc                                            [DEBUG  ]  No samples found: qualimap
[2018-06-01 14:38:55,743] multiqc                                            [DEBUG  ]  No samples found: preseq
[2018-06-01 14:38:55,788] multiqc                                            [DEBUG  ]  No samples found: quast
[2018-06-01 14:38:55,838] multiqc                                            [DEBUG  ]  No samples found: qorts
[2018-06-01 14:38:55,873] multiqc                                            [DEBUG  ]  No samples found: rna_seqc
[2018-06-01 14:38:55,931] multiqc                                            [DEBUG  ]  No samples found: rsem
[2018-06-01 14:38:56,202] multiqc                                            [DEBUG  ]  No samples found: rseqc
[2018-06-01 14:38:56,241] multiqc                                            [DEBUG  ]  No samples found: busco
[2018-06-01 14:38:56,293] multiqc                                            [DEBUG  ]  No samples found: goleft_indexcov
[2018-06-01 14:38:56,336] multiqc                                            [DEBUG  ]  No samples found: disambiguate
[2018-06-01 14:38:56,371] multiqc                                            [DEBUG  ]  No samples found: supernova
[2018-06-01 14:38:56,508] multiqc                                            [DEBUG  ]  No samples found: deeptools
[2018-06-01 14:38:56,575] multiqc                                            [DEBUG  ]  No samples found: sargasso
[2018-06-01 14:38:56,622] multiqc                                            [DEBUG  ]  No samples found: verifybamid
[2018-06-01 14:38:56,683] multiqc                                            [DEBUG  ]  No samples found: homer
[2018-06-01 14:38:56,719] multiqc                                            [DEBUG  ]  No samples found: macs2
[2018-06-01 14:38:56,767] multiqc                                            [DEBUG  ]  No samples found: theta2
[2018-06-01 14:38:56,812] multiqc                                            [DEBUG  ]  No samples found: snpeff
[2018-06-01 14:38:57,055] multiqc.modules.gatk.base_recalibrator             [INFO   ]  Found 3 BaseRecalibrator reports
[2018-06-01 14:38:57,128] multiqc                                            [DEBUG  ]  No samples found: htseq
[2018-06-01 14:38:57,205] multiqc                                            [DEBUG  ]  No samples found: bcftools
[2018-06-01 14:38:57,263] multiqc                                            [DEBUG  ]  No samples found: featureCounts
[2018-06-01 14:38:57,309] multiqc                                            [DEBUG  ]  No samples found: dedup
[2018-06-01 14:38:57,573] multiqc.modules.picard.picard                      [INFO   ]  Found 3 MarkDuplicates reports
[2018-06-01 14:38:57,582] multiqc.modules.picard.picard                      [INFO   ]  Found 3 WgsMetrics reports
[2018-06-01 14:38:57,616] multiqc                                            [DEBUG  ]  No samples found: prokka
[2018-06-01 14:38:57,677] multiqc                                            [DEBUG  ]  No samples found: samblaster
[2018-06-01 14:38:57,834] multiqc                                            [DEBUG  ]  No samples found: samtools
[2018-06-01 14:38:57,980] multiqc                                            [DEBUG  ]  No samples found: bamtools
[2018-06-01 14:38:58,030] multiqc                                            [DEBUG  ]  No samples found: jellyfish
[2018-06-01 14:38:58,134] multiqc                                            [DEBUG  ]  No samples found: vcftools
[2018-06-01 14:38:58,428] multiqc                                            [DEBUG  ]  No samples found: bbmap
[2018-06-01 14:38:58,480] multiqc                                            [DEBUG  ]  No samples found: bismark
[2018-06-01 14:38:58,547] multiqc                                            [DEBUG  ]  No samples found: hicexplorer
[2018-06-01 14:38:58,591] multiqc                                            [DEBUG  ]  No samples found: hicup
[2018-06-01 14:38:58,644] multiqc                                            [DEBUG  ]  No samples found: salmon
[2018-06-01 14:38:58,706] multiqc                                            [DEBUG  ]  No samples found: kallisto
[2018-06-01 14:38:58,750] multiqc                                            [DEBUG  ]  No samples found: slamdunk
[2018-06-01 14:38:58,784] multiqc                                            [DEBUG  ]  No samples found: star
[2018-06-01 14:38:58,833] multiqc                                            [DEBUG  ]  No samples found: hisat2
[2018-06-01 14:38:58,900] multiqc                                            [DEBUG  ]  No samples found: tophat
[2018-06-01 14:38:58,955] multiqc                                            [DEBUG  ]  No samples found: bowtie2
[2018-06-01 14:38:58,997] multiqc                                            [DEBUG  ]  No samples found: bowtie1
[2018-06-01 14:38:59,052] multiqc                                            [DEBUG  ]  No samples found: leehom
[2018-06-01 14:38:59,115] multiqc                                            [DEBUG  ]  No samples found: adapterRemoval
[2018-06-01 14:38:59,176] multiqc                                            [DEBUG  ]  No samples found: clipandmerge
[2018-06-01 14:38:59,222] multiqc                                            [DEBUG  ]  No samples found: cutadapt
[2018-06-01 14:38:59,302] multiqc                                            [DEBUG  ]  No samples found: flexbar
[2018-06-01 14:38:59,397] multiqc                                            [DEBUG  ]  No samples found: trimmomatic
[2018-06-01 14:38:59,446] multiqc                                            [DEBUG  ]  No samples found: skewer
[2018-06-01 14:38:59,481] multiqc                                            [DEBUG  ]  No samples found: sortmerna
[2018-06-01 14:38:59,525] multiqc                                            [DEBUG  ]  No samples found: biobloomtools
[2018-06-01 14:38:59,584] multiqc                                            [DEBUG  ]  No samples found: fastq_screen
[2018-06-01 14:38:59,657] multiqc                                            [DEBUG  ]  No samples found: afterqc
[2018-06-01 14:39:00,719] multiqc.modules.fastqc.fastqc                      [INFO   ]  Found 21 reports
[2018-06-01 14:39:01,224] multiqc                                            [DEBUG  ]  No samples found: clusterflow
[2018-06-01 14:39:01,260] multiqc                                            [DEBUG  ]  No samples found: bcl2fastq
[2018-06-01 14:39:01,320] multiqc                                            [DEBUG  ]  No samples found: interop
[2018-06-01 14:39:01,380] multiqc                                            [INFO   ]  Compressing plot data
[2018-06-01 14:39:01,687] multiqc                                            [INFO   ]  Report      : results/qc/multiqc/multiqc_report.html
[2018-06-01 14:39:01,687] multiqc                                            [INFO   ]  Data        : results/qc/multiqc/multiqc_data
[2018-06-01 14:39:01,689] multiqc                                            [DEBUG  ]  Moving data file from '/scratch/6629677.helix-master/tmpuw1w3wac/multiqc_data/multiqc_picard_wgsmetrics.txt' to 'results/qc/multiqc/multiqc_data'
[2018-06-01 14:39:01,699] multiqc                                            [DEBUG  ]  Moving data file from '/scratch/6629677.helix-master/tmpuw1w3wac/multiqc_data/multiqc_fastqc.txt' to 'results/qc/multiqc/multiqc_data'
[2018-06-01 14:39:01,707] multiqc                                            [DEBUG  ]  Moving data file from '/scratch/6629677.helix-master/tmpuw1w3wac/multiqc_data/multiqc_data.json' to 'results/qc/multiqc/multiqc_data'
[2018-06-01 14:39:01,719] multiqc                                            [DEBUG  ]  Moving data file from '/scratch/6629677.helix-master/tmpuw1w3wac/multiqc_data/multiqc_general_stats.txt' to 'results/qc/multiqc/multiqc_data'
[2018-06-01 14:39:01,725] multiqc                                            [DEBUG  ]  Moving data file from '/scratch/6629677.helix-master/tmpuw1w3wac/multiqc_data/multiqc_picard_dups.txt' to 'results/qc/multiqc/multiqc_data'
[2018-06-01 14:39:01,732] multiqc                                            [DEBUG  ]  Moving data file from '/scratch/6629677.helix-master/tmpuw1w3wac/multiqc_data/multiqc_sources.txt' to 'results/qc/multiqc/multiqc_data'
[2018-06-01 14:39:02,811] multiqc                                            [INFO   ]  MultiQC complete
