[2018-06-01 14:43:18,910] multiqc                                            [DEBUG  ]  No MultiQC config found: /projects/barthf/opt/miniconda3/lib/python3.6/site-packages/multiqc_config.yaml
[2018-06-01 14:43:18,911] multiqc                                            [DEBUG  ]  No MultiQC config found: /home/barthf/.multiqc_config.yaml
[2018-06-01 14:43:18,912] multiqc                                            [DEBUG  ]  No MultiQC config found: multiqc_config.yaml
[2018-06-01 14:43:18,912] multiqc                                            [DEBUG  ]  Command used: /projects/barthf/opt/miniconda3/bin/multiqc -o results/qc/multiqc /projects/barthf/GLASS-WG/results
[2018-06-01 14:43:24,001] multiqc                                            [DEBUG  ]  Could not connect to multiqc.info for version check: timed out
[2018-06-01 14:43:24,001] multiqc                                            [INFO   ]  This is MultiQC v1.5
[2018-06-01 14:43:24,001] multiqc                                            [DEBUG  ]  Command     : /projects/barthf/opt/miniconda3/bin/multiqc -o results/qc/multiqc /projects/barthf/GLASS-WG/results
[2018-06-01 14:43:24,002] multiqc                                            [DEBUG  ]  Working dir : /projects/barthf/GLASS-WG
[2018-06-01 14:43:24,002] multiqc                                            [INFO   ]  Template    : default
[2018-06-01 14:43:24,002] multiqc                                            [INFO   ]  Searching '/projects/barthf/GLASS-WG/results'
[2018-06-01 14:43:24,003] multiqc                                            [DEBUG  ]  Analysing modules: custom_content, conpair, peddy, methylQA, qualimap, preseq, quast, qorts, rna_seqc, rsem, rseqc, busco, goleft_indexcov, disambiguate, supernova, deeptools, sargasso, verifybamid, homer, macs2, theta2, snpeff, gatk, htseq, bcftools, featureCounts, dedup, picard, prokka, samblaster, samtools, bamtools, jellyfish, vcftools, bbmap, bismark, hicexplorer, hicup, salmon, kallisto, slamdunk, star, hisat2, tophat, bowtie2, bowtie1, leehom, adapterRemoval, clipandmerge, cutadapt, flexbar, trimmomatic, skewer, sortmerna, biobloomtools, fastq_screen, afterqc, fastqc, clusterflow, bcl2fastq, interop
[2018-06-01 14:43:24,003] multiqc                                            [DEBUG  ]  Using temporary directory for creating report: /scratch/6629942.helix-master/tmpu8e4h17i
[2018-06-01 14:43:24,378] multiqc                                            [DEBUG  ]  Ignoring file as matched an ignore pattern: A.vcf
[2018-06-01 14:43:25,929] multiqc                                            [DEBUG  ]  Ignoring file as matched an ignore pattern: testT-A.6209_8#3_fastqc.html
[2018-06-01 14:43:25,930] multiqc                                            [DEBUG  ]  Ignoring file as matched an ignore pattern: testT-A.6209_2#3_fastqc.html
[2018-06-01 14:43:25,930] multiqc                                            [DEBUG  ]  Ignoring file as matched an ignore pattern: testT-A.6206_7#3_fastqc.html
[2018-06-01 14:43:25,930] multiqc                                            [DEBUG  ]  Ignoring file as matched an ignore pattern: testT-A.6209_4#3_fastqc.html
[2018-06-01 14:43:25,930] multiqc                                            [DEBUG  ]  Ignoring file as matched an ignore pattern: testT-A.6209_3#3_fastqc.html
[2018-06-01 14:43:25,930] multiqc                                            [DEBUG  ]  Ignoring file as matched an ignore pattern: testT-A.6209_1#3_fastqc.html
[2018-06-01 14:43:25,930] multiqc                                            [DEBUG  ]  Ignoring file as matched an ignore pattern: testT-A.6209_6#3_fastqc.html
[2018-06-01 14:43:25,931] multiqc                                            [DEBUG  ]  Ignoring file as matched an ignore pattern: testT-A.6172_7#3_fastqc.html
[2018-06-01 14:43:25,932] multiqc                                            [DEBUG  ]  Ignoring file as matched an ignore pattern: testT-A.6209_7#3_fastqc.html
[2018-06-01 14:43:25,932] multiqc                                            [DEBUG  ]  Ignoring file as matched an ignore pattern: testT-A.6209_5#3_fastqc.html
[2018-06-01 14:43:25,932] multiqc                                            [DEBUG  ]  Ignoring file as matched an ignore pattern: testN-A.6209_5#3_fastqc.html
[2018-06-01 14:43:25,932] multiqc                                            [DEBUG  ]  Ignoring file as matched an ignore pattern: testN-A.6209_1#3_fastqc.html
[2018-06-01 14:43:25,932] multiqc                                            [DEBUG  ]  Ignoring file as matched an ignore pattern: testN-A.6172_7#3_fastqc.html
[2018-06-01 14:43:25,933] multiqc                                            [DEBUG  ]  Ignoring file as matched an ignore pattern: testN-A.6209_4#3_fastqc.html
[2018-06-01 14:43:25,933] multiqc                                            [DEBUG  ]  Ignoring file as matched an ignore pattern: testN-A.6206_7#3_fastqc.html
[2018-06-01 14:43:25,933] multiqc                                            [DEBUG  ]  Ignoring file as matched an ignore pattern: testN-A.6209_6#3_fastqc.html
[2018-06-01 14:43:25,934] multiqc                                            [DEBUG  ]  Ignoring file as matched an ignore pattern: testN-A.6209_8#3_fastqc.html
[2018-06-01 14:43:25,934] multiqc                                            [DEBUG  ]  Ignoring file as matched an ignore pattern: testN-A.6209_3#3_fastqc.html
[2018-06-01 14:43:25,934] multiqc                                            [DEBUG  ]  Ignoring file as matched an ignore pattern: testN-A.6209_2#3_fastqc.html
[2018-06-01 14:43:25,935] multiqc                                            [DEBUG  ]  Ignoring file as matched an ignore pattern: testN-A.6209_7#3_fastqc.html
[2018-06-01 14:43:25,935] multiqc                                            [DEBUG  ]  Ignoring file as matched an ignore pattern: testT-B.1_fastqc.html
[2018-06-01 14:43:25,994] multiqc                                            [DEBUG  ]  Ignoring file as matched an ignore pattern: testN-A.temp_0019_of_50.pon.vcf
[2018-06-01 14:43:25,994] multiqc                                            [DEBUG  ]  Ignoring file as matched an ignore pattern: testN-A.temp_0004_of_50.pon.vcf
[2018-06-01 14:43:25,994] multiqc                                            [DEBUG  ]  Ignoring file as matched an ignore pattern: testN-A.temp_0039_of_50.pon.vcf
[2018-06-01 14:43:25,995] multiqc                                            [DEBUG  ]  Ignoring file as matched an ignore pattern: testN-A.temp_0012_of_50.pon.vcf
[2018-06-01 14:43:26,044] multiqc                                            [DEBUG  ]  Ignoring file as matched an ignore pattern: testN-A.temp_0032_of_50.pon.vcf
[2018-06-01 14:43:26,097] multiqc                                            [DEBUG  ]  Ignoring file as matched an ignore pattern: testN-A.temp_0007_of_50.pon.vcf
[2018-06-01 14:43:26,122] multiqc                                            [DEBUG  ]  Ignoring file as matched an ignore pattern: testN-A.temp_0026_of_50.pon.vcf
[2018-06-01 14:43:26,123] multiqc                                            [DEBUG  ]  Ignoring file as matched an ignore pattern: testN-A.temp_0023_of_50.pon.vcf
[2018-06-01 14:43:26,123] multiqc                                            [DEBUG  ]  Ignoring file as matched an ignore pattern: testN-A.temp_0024_of_50.pon.vcf
[2018-06-01 14:43:26,123] multiqc                                            [DEBUG  ]  Ignoring file as matched an ignore pattern: testN-A.temp_0006_of_50.pon.vcf
[2018-06-01 14:43:26,148] multiqc                                            [DEBUG  ]  Ignoring file as matched an ignore pattern: testN-A.temp_0029_of_50.pon.vcf
[2018-06-01 14:43:26,226] multiqc                                            [DEBUG  ]  Ignoring file as matched an ignore pattern: testN-A.temp_0046_of_50.pon.vcf
[2018-06-01 14:43:26,276] multiqc                                            [DEBUG  ]  Ignoring file as matched an ignore pattern: testN-A.temp_0021_of_50.pon.vcf
[2018-06-01 14:43:26,300] multiqc                                            [DEBUG  ]  Ignoring file as matched an ignore pattern: testN-A.temp_0014_of_50.pon.vcf
[2018-06-01 14:43:26,373] multiqc                                            [DEBUG  ]  Ignoring file as matched an ignore pattern: testN-A.temp_0002_of_50.pon.vcf
[2018-06-01 14:43:26,397] multiqc                                            [DEBUG  ]  Ignoring file as matched an ignore pattern: testN-A.temp_0015_of_50.pon.vcf
[2018-06-01 14:43:26,422] multiqc                                            [DEBUG  ]  Ignoring file as matched an ignore pattern: testN-A.temp_0038_of_50.pon.vcf
[2018-06-01 14:43:26,495] multiqc                                            [DEBUG  ]  Ignoring file as matched an ignore pattern: testN-A.temp_0003_of_50.pon.vcf
[2018-06-01 14:43:26,496] multiqc                                            [DEBUG  ]  Ignoring file as matched an ignore pattern: testN-A.temp_0037_of_50.pon.vcf
[2018-06-01 14:43:26,496] multiqc                                            [DEBUG  ]  Ignoring file as matched an ignore pattern: testN-A.temp_0020_of_50.pon.vcf
[2018-06-01 14:43:26,522] multiqc                                            [DEBUG  ]  Ignoring file as matched an ignore pattern: testN-A.temp_0009_of_50.pon.vcf
[2018-06-01 14:43:26,549] multiqc                                            [DEBUG  ]  Ignoring file as matched an ignore pattern: testN-A.temp_0048_of_50.pon.vcf
[2018-06-01 14:43:26,550] multiqc                                            [DEBUG  ]  Ignoring file as matched an ignore pattern: testN-A.temp_0044_of_50.pon.vcf
[2018-06-01 14:43:26,576] multiqc                                            [DEBUG  ]  Ignoring file as matched an ignore pattern: testN-A.temp_0013_of_50.pon.vcf
[2018-06-01 14:43:26,616] multiqc                                            [DEBUG  ]  Ignoring file as matched an ignore pattern: testN-A.temp_0008_of_50.pon.vcf
[2018-06-01 14:43:26,617] multiqc                                            [DEBUG  ]  Ignoring file as matched an ignore pattern: testN-A.temp_0030_of_50.pon.vcf
[2018-06-01 14:43:26,617] multiqc                                            [DEBUG  ]  Ignoring file as matched an ignore pattern: testN-A.temp_0045_of_50.pon.vcf
[2018-06-01 14:43:26,684] multiqc                                            [DEBUG  ]  Ignoring file as matched an ignore pattern: testN-A.temp_0043_of_50.pon.vcf
[2018-06-01 14:43:26,737] multiqc                                            [DEBUG  ]  Ignoring file as matched an ignore pattern: testN-A.temp_0033_of_50.pon.vcf
[2018-06-01 14:43:26,836] multiqc                                            [DEBUG  ]  Ignoring file as matched an ignore pattern: testN-A.temp_0041_of_50.pon.vcf
[2018-06-01 14:43:26,837] multiqc                                            [DEBUG  ]  Ignoring file as matched an ignore pattern: testN-A.temp_0027_of_50.pon.vcf
[2018-06-01 14:43:26,837] multiqc                                            [DEBUG  ]  Ignoring file as matched an ignore pattern: testN-A.temp_0034_of_50.pon.vcf
[2018-06-01 14:43:26,837] multiqc                                            [DEBUG  ]  Ignoring file as matched an ignore pattern: testN-A.temp_0040_of_50.pon.vcf
[2018-06-01 14:43:26,837] multiqc                                            [DEBUG  ]  Ignoring file as matched an ignore pattern: testN-A.temp_0050_of_50.pon.vcf
[2018-06-01 14:43:26,838] multiqc                                            [DEBUG  ]  Ignoring file as matched an ignore pattern: testN-A.temp_0016_of_50.pon.vcf
[2018-06-01 14:43:26,864] multiqc                                            [DEBUG  ]  Ignoring file as matched an ignore pattern: testN-A.temp_0022_of_50.pon.vcf
[2018-06-01 14:43:27,043] multiqc                                            [DEBUG  ]  Ignoring file as matched an ignore pattern: testN-A.temp_0036_of_50.pon.vcf
[2018-06-01 14:43:27,068] multiqc                                            [DEBUG  ]  Ignoring file as matched an ignore pattern: testN-A.temp_0047_of_50.pon.vcf
[2018-06-01 14:43:27,069] multiqc                                            [DEBUG  ]  Ignoring file as matched an ignore pattern: testN-A.temp_0001_of_50.pon.vcf
[2018-06-01 14:43:27,069] multiqc                                            [DEBUG  ]  Ignoring file as matched an ignore pattern: testN-A.temp_0025_of_50.pon.vcf
[2018-06-01 14:43:27,070] multiqc                                            [DEBUG  ]  Ignoring file as matched an ignore pattern: testN-A.temp_0035_of_50.pon.vcf
[2018-06-01 14:43:27,070] multiqc                                            [DEBUG  ]  Ignoring file as matched an ignore pattern: testN-A.temp_0031_of_50.pon.vcf
[2018-06-01 14:43:27,070] multiqc                                            [DEBUG  ]  Ignoring file as matched an ignore pattern: testN-A.temp_0042_of_50.pon.vcf
[2018-06-01 14:43:27,095] multiqc                                            [DEBUG  ]  Ignoring file as matched an ignore pattern: testN-A.temp_0049_of_50.pon.vcf
[2018-06-01 14:43:27,096] multiqc                                            [DEBUG  ]  Ignoring file as matched an ignore pattern: testN-A.temp_0028_of_50.pon.vcf
[2018-06-01 14:43:27,146] multiqc                                            [DEBUG  ]  Ignoring file as matched an ignore pattern: testN-A.temp_0018_of_50.pon.vcf
[2018-06-01 14:43:27,146] multiqc                                            [DEBUG  ]  Ignoring file as matched an ignore pattern: testN-A.temp_0017_of_50.pon.vcf
[2018-06-01 14:43:27,146] multiqc                                            [DEBUG  ]  Ignoring file as matched an ignore pattern: testN-A.temp_0011_of_50.pon.vcf
[2018-06-01 14:43:27,146] multiqc                                            [DEBUG  ]  Ignoring file as matched an ignore pattern: testN-A.temp_0005_of_50.pon.vcf
[2018-06-01 14:43:27,222] multiqc                                            [DEBUG  ]  Ignoring file as matched an ignore pattern: testN-A.temp_0010_of_50.pon.vcf
[2018-06-01 14:43:27,734] multiqc                                            [DEBUG  ]  Ignoring file as matched an ignore pattern: testT-A.6172_7#3.realn.bai
[2018-06-01 14:43:27,734] multiqc                                            [DEBUG  ]  Ignoring file as matched an ignore pattern: testT-A.6206_7#3.realn.bai
[2018-06-01 14:43:27,734] multiqc                                            [DEBUG  ]  Ignoring file as matched an ignore pattern: testT-A.6209_7#3.realn.bai
[2018-06-01 14:43:27,735] multiqc                                            [DEBUG  ]  Ignoring file as matched an ignore pattern: testT-A.6209_1#3.realn.bai
[2018-06-01 14:43:27,735] multiqc                                            [DEBUG  ]  Ignoring file as matched an ignore pattern: testT-A.6209_6#3.realn.bai
[2018-06-01 14:43:27,735] multiqc                                            [DEBUG  ]  Ignoring file as matched an ignore pattern: testT-A.6209_3#3.realn.bai
[2018-06-01 14:43:27,736] multiqc                                            [DEBUG  ]  Ignoring file as matched an ignore pattern: testT-A.6209_2#3.realn.bai
[2018-06-01 14:43:27,736] multiqc                                            [DEBUG  ]  Ignoring file as matched an ignore pattern: testT-A.6209_5#3.realn.bai
[2018-06-01 14:43:27,736] multiqc                                            [DEBUG  ]  Ignoring file as matched an ignore pattern: testT-A.6209_8#3.realn.bai
[2018-06-01 14:43:27,737] multiqc                                            [DEBUG  ]  Ignoring file as matched an ignore pattern: testT-A.6209_4#3.realn.bai
[2018-06-01 14:43:27,737] multiqc                                            [DEBUG  ]  Ignoring file as matched an ignore pattern: testN-A.6209_1#3.realn.bai
[2018-06-01 14:43:27,737] multiqc                                            [DEBUG  ]  Ignoring file as matched an ignore pattern: testN-A.6209_8#3.realn.bai
[2018-06-01 14:43:27,738] multiqc                                            [DEBUG  ]  Ignoring file as matched an ignore pattern: testN-A.6209_3#3.realn.bai
[2018-06-01 14:43:27,738] multiqc                                            [DEBUG  ]  Ignoring file as matched an ignore pattern: testN-A.6209_2#3.realn.bai
[2018-06-01 14:43:27,738] multiqc                                            [DEBUG  ]  Ignoring file as matched an ignore pattern: testN-A.6209_5#3.realn.bai
[2018-06-01 14:43:27,739] multiqc                                            [DEBUG  ]  Ignoring file as matched an ignore pattern: testN-A.6172_7#3.realn.bai
[2018-06-01 14:43:27,739] multiqc                                            [DEBUG  ]  Ignoring file as matched an ignore pattern: testN-A.6209_6#3.realn.bai
[2018-06-01 14:43:27,740] multiqc                                            [DEBUG  ]  Ignoring file as matched an ignore pattern: testN-A.6206_7#3.realn.bai
[2018-06-01 14:43:27,740] multiqc                                            [DEBUG  ]  Ignoring file as matched an ignore pattern: testN-A.6209_4#3.realn.bai
[2018-06-01 14:43:27,740] multiqc                                            [DEBUG  ]  Ignoring file as matched an ignore pattern: testN-A.6209_7#3.realn.bai
[2018-06-01 14:43:27,741] multiqc                                            [DEBUG  ]  Ignoring file as matched an ignore pattern: testT-B.1.realn.bai
[2018-06-01 14:43:27,802] multiqc                                            [DEBUG  ]  Ignoring file as matched an ignore pattern: testT-A.realn.dedup.bai
[2018-06-01 14:43:27,832] multiqc                                            [DEBUG  ]  Ignoring file as matched an ignore pattern: testT-B.realn.dedup.bai
[2018-06-01 14:43:27,833] multiqc                                            [DEBUG  ]  Ignoring file as matched an ignore pattern: testN-A.realn.dedup.bai
[2018-06-01 14:43:27,833] multiqc                                            [DEBUG  ]  Ignoring file as matched an ignore pattern: A.temp_0021_of_50.bai
[2018-06-01 14:43:27,834] multiqc                                            [DEBUG  ]  Ignoring file as matched an ignore pattern: A.temp_0032_of_50.bai
[2018-06-01 14:43:27,834] multiqc                                            [DEBUG  ]  Ignoring file as matched an ignore pattern: A.temp_0047_of_50.bam
[2018-06-01 14:43:27,834] multiqc                                            [DEBUG  ]  Ignoring file as matched an ignore pattern: A.temp_0047_of_50.bai
[2018-06-01 14:43:27,835] multiqc                                            [DEBUG  ]  Ignoring file as matched an ignore pattern: A.temp_0009_of_50.bam
[2018-06-01 14:43:27,835] multiqc                                            [DEBUG  ]  Ignoring file as matched an ignore pattern: A.temp_0014_of_50.bam
[2018-06-01 14:43:27,836] multiqc                                            [DEBUG  ]  Ignoring file as matched an ignore pattern: A.temp_0039_of_50.bam
[2018-06-01 14:43:27,836] multiqc                                            [DEBUG  ]  Ignoring file as matched an ignore pattern: A.temp_0029_of_50.bam
[2018-06-01 14:43:27,836] multiqc                                            [DEBUG  ]  Ignoring file as matched an ignore pattern: A.temp_0012_of_50.bam
[2018-06-01 14:43:27,837] multiqc                                            [DEBUG  ]  Ignoring file as matched an ignore pattern: A.temp_0028_of_50.bai
[2018-06-01 14:43:27,837] multiqc                                            [DEBUG  ]  Ignoring file as matched an ignore pattern: A.temp_0016_of_50.bam
[2018-06-01 14:43:27,837] multiqc                                            [DEBUG  ]  Ignoring file as matched an ignore pattern: A.temp_0021_of_50.bam
[2018-06-01 14:43:27,838] multiqc                                            [DEBUG  ]  Ignoring file as matched an ignore pattern: A.temp_0040_of_50.bam
[2018-06-01 14:43:27,838] multiqc                                            [DEBUG  ]  Ignoring file as matched an ignore pattern: A.temp_0024_of_50.bai
[2018-06-01 14:43:27,839] multiqc                                            [DEBUG  ]  Ignoring file as matched an ignore pattern: A.temp_0023_of_50.bam
[2018-06-01 14:43:27,839] multiqc                                            [DEBUG  ]  Ignoring file as matched an ignore pattern: A.temp_0025_of_50.bam
[2018-06-01 14:43:27,839] multiqc                                            [DEBUG  ]  Ignoring file as matched an ignore pattern: A.temp_0019_of_50.bai
[2018-06-01 14:43:27,840] multiqc                                            [DEBUG  ]  Ignoring file as matched an ignore pattern: A.temp_0037_of_50.bam
[2018-06-01 14:43:27,840] multiqc                                            [DEBUG  ]  Ignoring file as matched an ignore pattern: A.temp_0023_of_50.bai
[2018-06-01 14:43:27,840] multiqc                                            [DEBUG  ]  Ignoring file as matched an ignore pattern: A.temp_0048_of_50.bai
[2018-06-01 14:43:27,841] multiqc                                            [DEBUG  ]  Ignoring file as matched an ignore pattern: A.temp_0020_of_50.bai
[2018-06-01 14:43:27,841] multiqc                                            [DEBUG  ]  Ignoring file as matched an ignore pattern: A.temp_0033_of_50.bam
[2018-06-01 14:43:27,841] multiqc                                            [DEBUG  ]  Ignoring file as matched an ignore pattern: A.temp_0019_of_50.bam
[2018-06-01 14:43:27,842] multiqc                                            [DEBUG  ]  Ignoring file as matched an ignore pattern: A.temp_0015_of_50.bam
[2018-06-01 14:43:27,842] multiqc                                            [DEBUG  ]  Ignoring file as matched an ignore pattern: A.temp_0013_of_50.bam
[2018-06-01 14:43:27,843] multiqc                                            [DEBUG  ]  Ignoring file as matched an ignore pattern: A.temp_0045_of_50.bai
[2018-06-01 14:43:27,843] multiqc                                            [DEBUG  ]  Ignoring file as matched an ignore pattern: A.temp_0032_of_50.bam
[2018-06-01 14:43:27,843] multiqc                                            [DEBUG  ]  Ignoring file as matched an ignore pattern: A.temp_0007_of_50.bai
[2018-06-01 14:43:27,844] multiqc                                            [DEBUG  ]  Ignoring file as matched an ignore pattern: A.temp_0013_of_50.bai
[2018-06-01 14:43:27,844] multiqc                                            [DEBUG  ]  Ignoring file as matched an ignore pattern: A.temp_0017_of_50.bai
[2018-06-01 14:43:27,845] multiqc                                            [DEBUG  ]  Ignoring file as matched an ignore pattern: A.temp_0046_of_50.bai
[2018-06-01 14:43:27,845] multiqc                                            [DEBUG  ]  Ignoring file as matched an ignore pattern: A.temp_0049_of_50.bai
[2018-06-01 14:43:27,846] multiqc                                            [DEBUG  ]  Ignoring file as matched an ignore pattern: A.temp_0005_of_50.bam
[2018-06-01 14:43:27,846] multiqc                                            [DEBUG  ]  Ignoring file as matched an ignore pattern: A.temp_0038_of_50.bai
[2018-06-01 14:43:27,847] multiqc                                            [DEBUG  ]  Ignoring file as matched an ignore pattern: A.temp_0029_of_50.bai
[2018-06-01 14:43:27,847] multiqc                                            [DEBUG  ]  Ignoring file as matched an ignore pattern: A.temp_0004_of_50.bam
[2018-06-01 14:43:27,848] multiqc                                            [DEBUG  ]  Ignoring file as matched an ignore pattern: A.temp_0016_of_50.bai
[2018-06-01 14:43:27,848] multiqc                                            [DEBUG  ]  Ignoring file as matched an ignore pattern: A.temp_0010_of_50.bam
[2018-06-01 14:43:27,849] multiqc                                            [DEBUG  ]  Ignoring file as matched an ignore pattern: A.temp_0027_of_50.bai
[2018-06-01 14:43:27,849] multiqc                                            [DEBUG  ]  Ignoring file as matched an ignore pattern: A.temp_0024_of_50.bam
[2018-06-01 14:43:27,850] multiqc                                            [DEBUG  ]  Ignoring file as matched an ignore pattern: A.temp_0015_of_50.bai
[2018-06-01 14:43:27,850] multiqc                                            [DEBUG  ]  Ignoring file as matched an ignore pattern: A.temp_0007_of_50.bam
[2018-06-01 14:43:27,851] multiqc                                            [DEBUG  ]  Ignoring file as matched an ignore pattern: A.temp_0017_of_50.bam
[2018-06-01 14:43:27,851] multiqc                                            [DEBUG  ]  Ignoring file as matched an ignore pattern: A.temp_0039_of_50.bai
[2018-06-01 14:43:27,852] multiqc                                            [DEBUG  ]  Ignoring file as matched an ignore pattern: A.temp_0043_of_50.bam
[2018-06-01 14:43:27,852] multiqc                                            [DEBUG  ]  Ignoring file as matched an ignore pattern: A.temp_0034_of_50.bam
[2018-06-01 14:43:27,852] multiqc                                            [DEBUG  ]  Ignoring file as matched an ignore pattern: A.temp_0003_of_50.bam
[2018-06-01 14:43:27,853] multiqc                                            [DEBUG  ]  Ignoring file as matched an ignore pattern: A.temp_0048_of_50.bam
[2018-06-01 14:43:27,853] multiqc                                            [DEBUG  ]  Ignoring file as matched an ignore pattern: A.temp_0008_of_50.bam
[2018-06-01 14:43:27,853] multiqc                                            [DEBUG  ]  Ignoring file as matched an ignore pattern: A.temp_0012_of_50.bai
[2018-06-01 14:43:27,854] multiqc                                            [DEBUG  ]  Ignoring file as matched an ignore pattern: A.temp_0044_of_50.bai
[2018-06-01 14:43:27,854] multiqc                                            [DEBUG  ]  Ignoring file as matched an ignore pattern: A.temp_0027_of_50.bam
[2018-06-01 14:43:27,854] multiqc                                            [DEBUG  ]  Ignoring file as matched an ignore pattern: A.temp_0041_of_50.bam
[2018-06-01 14:43:27,855] multiqc                                            [DEBUG  ]  Ignoring file as matched an ignore pattern: A.temp_0050_of_50.bam
[2018-06-01 14:43:27,855] multiqc                                            [DEBUG  ]  Ignoring file as matched an ignore pattern: A.temp_0014_of_50.bai
[2018-06-01 14:43:27,855] multiqc                                            [DEBUG  ]  Ignoring file as matched an ignore pattern: A.temp_0040_of_50.bai
[2018-06-01 14:43:27,856] multiqc                                            [DEBUG  ]  Ignoring file as matched an ignore pattern: A.temp_0034_of_50.bai
[2018-06-01 14:43:27,856] multiqc                                            [DEBUG  ]  Ignoring file as matched an ignore pattern: A.temp_0043_of_50.bai
[2018-06-01 14:43:27,856] multiqc                                            [DEBUG  ]  Ignoring file as matched an ignore pattern: A.temp_0020_of_50.bam
[2018-06-01 14:43:27,857] multiqc                                            [DEBUG  ]  Ignoring file as matched an ignore pattern: A.temp_0026_of_50.bai
[2018-06-01 14:43:27,857] multiqc                                            [DEBUG  ]  Ignoring file as matched an ignore pattern: A.temp_0045_of_50.bam
[2018-06-01 14:43:27,857] multiqc                                            [DEBUG  ]  Ignoring file as matched an ignore pattern: A.temp_0010_of_50.bai
[2018-06-01 14:43:27,858] multiqc                                            [DEBUG  ]  Ignoring file as matched an ignore pattern: A.temp_0030_of_50.bam
[2018-06-01 14:43:27,858] multiqc                                            [DEBUG  ]  Ignoring file as matched an ignore pattern: A.temp_0006_of_50.bai
[2018-06-01 14:43:27,858] multiqc                                            [DEBUG  ]  Ignoring file as matched an ignore pattern: A.temp_0044_of_50.bam
[2018-06-01 14:43:27,859] multiqc                                            [DEBUG  ]  Ignoring file as matched an ignore pattern: A.temp_0018_of_50.bam
[2018-06-01 14:43:27,859] multiqc                                            [DEBUG  ]  Ignoring file as matched an ignore pattern: A.temp_0011_of_50.bam
[2018-06-01 14:43:27,859] multiqc                                            [DEBUG  ]  Ignoring file as matched an ignore pattern: A.temp_0038_of_50.bam
[2018-06-01 14:43:27,860] multiqc                                            [DEBUG  ]  Ignoring file as matched an ignore pattern: A.temp_0004_of_50.bai
[2018-06-01 14:43:27,860] multiqc                                            [DEBUG  ]  Ignoring file as matched an ignore pattern: A.temp_0025_of_50.bai
[2018-06-01 14:43:27,860] multiqc                                            [DEBUG  ]  Ignoring file as matched an ignore pattern: A.temp_0049_of_50.bam
[2018-06-01 14:43:27,861] multiqc                                            [DEBUG  ]  Ignoring file as matched an ignore pattern: A.temp_0003_of_50.bai
[2018-06-01 14:43:27,861] multiqc                                            [DEBUG  ]  Ignoring file as matched an ignore pattern: A.temp_0001_of_50.bam
[2018-06-01 14:43:27,861] multiqc                                            [DEBUG  ]  Ignoring file as matched an ignore pattern: A.temp_0050_of_50.bai
[2018-06-01 14:43:27,862] multiqc                                            [DEBUG  ]  Ignoring file as matched an ignore pattern: A.temp_0001_of_50.bai
[2018-06-01 14:43:27,862] multiqc                                            [DEBUG  ]  Ignoring file as matched an ignore pattern: A.temp_0037_of_50.bai
[2018-06-01 14:43:27,862] multiqc                                            [DEBUG  ]  Ignoring file as matched an ignore pattern: A.temp_0031_of_50.bam
[2018-06-01 14:43:27,863] multiqc                                            [DEBUG  ]  Ignoring file as matched an ignore pattern: A.temp_0011_of_50.bai
[2018-06-01 14:43:27,863] multiqc                                            [DEBUG  ]  Ignoring file as matched an ignore pattern: A.temp_0042_of_50.bam
[2018-06-01 14:43:27,864] multiqc                                            [DEBUG  ]  Ignoring file as matched an ignore pattern: A.temp_0005_of_50.bai
[2018-06-01 14:43:27,864] multiqc                                            [DEBUG  ]  Ignoring file as matched an ignore pattern: A.temp_0002_of_50.bam
[2018-06-01 14:43:27,864] multiqc                                            [DEBUG  ]  Ignoring file as matched an ignore pattern: A.temp_0022_of_50.bai
[2018-06-01 14:43:27,865] multiqc                                            [DEBUG  ]  Ignoring file as matched an ignore pattern: A.temp_0006_of_50.bam
[2018-06-01 14:43:27,865] multiqc                                            [DEBUG  ]  Ignoring file as matched an ignore pattern: A.temp_0036_of_50.bai
[2018-06-01 14:43:27,865] multiqc                                            [DEBUG  ]  Ignoring file as matched an ignore pattern: A.temp_0042_of_50.bai
[2018-06-01 14:43:27,866] multiqc                                            [DEBUG  ]  Ignoring file as matched an ignore pattern: A.temp_0009_of_50.bai
[2018-06-01 14:43:27,866] multiqc                                            [DEBUG  ]  Ignoring file as matched an ignore pattern: A.temp_0035_of_50.bai
[2018-06-01 14:43:27,866] multiqc                                            [DEBUG  ]  Ignoring file as matched an ignore pattern: A.temp_0018_of_50.bai
[2018-06-01 14:43:27,867] multiqc                                            [DEBUG  ]  Ignoring file as matched an ignore pattern: A.temp_0026_of_50.bam
[2018-06-01 14:43:27,867] multiqc                                            [DEBUG  ]  Ignoring file as matched an ignore pattern: A.temp_0035_of_50.bam
[2018-06-01 14:43:27,867] multiqc                                            [DEBUG  ]  Ignoring file as matched an ignore pattern: A.temp_0002_of_50.bai
[2018-06-01 14:43:27,868] multiqc                                            [DEBUG  ]  Ignoring file as matched an ignore pattern: A.temp_0046_of_50.bam
[2018-06-01 14:43:27,868] multiqc                                            [DEBUG  ]  Ignoring file as matched an ignore pattern: A.temp_0030_of_50.bai
[2018-06-01 14:43:27,868] multiqc                                            [DEBUG  ]  Ignoring file as matched an ignore pattern: A.temp_0041_of_50.bai
[2018-06-01 14:43:27,869] multiqc                                            [DEBUG  ]  Ignoring file as matched an ignore pattern: A.temp_0031_of_50.bai
[2018-06-01 14:43:27,869] multiqc                                            [DEBUG  ]  Ignoring file as matched an ignore pattern: A.temp_0022_of_50.bam
[2018-06-01 14:43:27,869] multiqc                                            [DEBUG  ]  Ignoring file as matched an ignore pattern: A.temp_0008_of_50.bai
[2018-06-01 14:43:27,870] multiqc                                            [DEBUG  ]  Ignoring file as matched an ignore pattern: A.temp_0028_of_50.bam
[2018-06-01 14:43:27,870] multiqc                                            [DEBUG  ]  Ignoring file as matched an ignore pattern: A.temp_0036_of_50.bam
[2018-06-01 14:43:27,871] multiqc                                            [DEBUG  ]  Ignoring file as matched an ignore pattern: A.temp_0033_of_50.bai
[2018-06-01 14:43:27,899] multiqc                                            [DEBUG  ]  Ignoring file as matched an ignore pattern: test.pon.vcf
[2018-06-01 14:43:27,899] multiqc                                            [DEBUG  ]  Ignoring file as matched an ignore pattern: A.filtered2.vcf
[2018-06-01 14:43:27,952] multiqc                                            [DEBUG  ]  Ignoring file as matched an ignore pattern: A.filtered2.vep.vcf
[2018-06-01 14:43:27,952] multiqc                                            [DEBUG  ]  Ignoring file as matched an ignore pattern: A.filtered.vcf
[2018-06-01 14:43:28,005] multiqc                                            [DEBUG  ]  Ignoring file as matched an ignore pattern: A.temp_0050_of_50.vcf
[2018-06-01 14:43:28,034] multiqc                                            [DEBUG  ]  Ignoring file as matched an ignore pattern: A.temp_0018_of_50.vcf
[2018-06-01 14:43:28,058] multiqc                                            [DEBUG  ]  Ignoring file as matched an ignore pattern: A.temp_0045_of_50.vcf
[2018-06-01 14:43:28,058] multiqc                                            [DEBUG  ]  Ignoring file as matched an ignore pattern: A.temp_0032_of_50.vcf
[2018-06-01 14:43:28,059] multiqc                                            [DEBUG  ]  Ignoring file as matched an ignore pattern: A.temp_0036_of_50.vcf
[2018-06-01 14:43:28,059] multiqc                                            [DEBUG  ]  Ignoring file as matched an ignore pattern: A.temp_0034_of_50.vcf
[2018-06-01 14:43:28,082] multiqc                                            [DEBUG  ]  Ignoring file as matched an ignore pattern: A.temp_0023_of_50.vcf
[2018-06-01 14:43:28,112] multiqc                                            [DEBUG  ]  Ignoring file as matched an ignore pattern: A.temp_0010_of_50.vcf
[2018-06-01 14:43:28,112] multiqc                                            [DEBUG  ]  Ignoring file as matched an ignore pattern: A.temp_0026_of_50.vcf
[2018-06-01 14:43:28,113] multiqc                                            [DEBUG  ]  Ignoring file as matched an ignore pattern: A.temp_0029_of_50.vcf
[2018-06-01 14:43:28,209] multiqc                                            [DEBUG  ]  Ignoring file as matched an ignore pattern: A.temp_0022_of_50.vcf
[2018-06-01 14:43:28,210] multiqc                                            [DEBUG  ]  Ignoring file as matched an ignore pattern: A.temp_0048_of_50.vcf
[2018-06-01 14:43:28,210] multiqc                                            [DEBUG  ]  Ignoring file as matched an ignore pattern: A.temp_0041_of_50.vcf
[2018-06-01 14:43:28,408] multiqc                                            [DEBUG  ]  Ignoring file as matched an ignore pattern: A.temp_0003_of_50.vcf
[2018-06-01 14:43:28,508] multiqc                                            [DEBUG  ]  Ignoring file as matched an ignore pattern: A.temp_0004_of_50.vcf
[2018-06-01 14:43:28,509] multiqc                                            [DEBUG  ]  Ignoring file as matched an ignore pattern: A.temp_0019_of_50.vcf
[2018-06-01 14:43:28,509] multiqc                                            [DEBUG  ]  Ignoring file as matched an ignore pattern: A.temp_0002_of_50.vcf
[2018-06-01 14:43:28,509] multiqc                                            [DEBUG  ]  Ignoring file as matched an ignore pattern: A.temp_0038_of_50.vcf
[2018-06-01 14:43:28,510] multiqc                                            [DEBUG  ]  Ignoring file as matched an ignore pattern: A.temp_0008_of_50.vcf
[2018-06-01 14:43:28,510] multiqc                                            [DEBUG  ]  Ignoring file as matched an ignore pattern: A.temp_0013_of_50.vcf
[2018-06-01 14:43:28,561] multiqc                                            [DEBUG  ]  Ignoring file as matched an ignore pattern: A.temp_0009_of_50.vcf
[2018-06-01 14:43:28,562] multiqc                                            [DEBUG  ]  Ignoring file as matched an ignore pattern: A.temp_0039_of_50.vcf
[2018-06-01 14:43:28,587] multiqc                                            [DEBUG  ]  Ignoring file as matched an ignore pattern: A.temp_0031_of_50.vcf
[2018-06-01 14:43:28,665] multiqc                                            [DEBUG  ]  Ignoring file as matched an ignore pattern: A.temp_0028_of_50.vcf
[2018-06-01 14:43:28,690] multiqc                                            [DEBUG  ]  Ignoring file as matched an ignore pattern: A.temp_0001_of_50.vcf
[2018-06-01 14:43:28,716] multiqc                                            [DEBUG  ]  Ignoring file as matched an ignore pattern: A.temp_0020_of_50.vcf
[2018-06-01 14:43:28,717] multiqc                                            [DEBUG  ]  Ignoring file as matched an ignore pattern: A.temp_0021_of_50.vcf
[2018-06-01 14:43:28,717] multiqc                                            [DEBUG  ]  Ignoring file as matched an ignore pattern: A.temp_0005_of_50.vcf
[2018-06-01 14:43:28,743] multiqc                                            [DEBUG  ]  Ignoring file as matched an ignore pattern: A.temp_0024_of_50.vcf
[2018-06-01 14:43:28,769] multiqc                                            [DEBUG  ]  Ignoring file as matched an ignore pattern: A.temp_0015_of_50.vcf
[2018-06-01 14:43:28,798] multiqc                                            [DEBUG  ]  Ignoring file as matched an ignore pattern: A.temp_0042_of_50.vcf
[2018-06-01 14:43:28,833] multiqc                                            [DEBUG  ]  Ignoring file as matched an ignore pattern: A.temp_0035_of_50.vcf
[2018-06-01 14:43:28,859] multiqc                                            [DEBUG  ]  Ignoring file as matched an ignore pattern: A.temp_0047_of_50.vcf
[2018-06-01 14:43:28,859] multiqc                                            [DEBUG  ]  Ignoring file as matched an ignore pattern: A.temp_0007_of_50.vcf
[2018-06-01 14:43:28,860] multiqc                                            [DEBUG  ]  Ignoring file as matched an ignore pattern: A.temp_0012_of_50.vcf
[2018-06-01 14:43:29,042] multiqc                                            [DEBUG  ]  Ignoring file as matched an ignore pattern: A.temp_0016_of_50.vcf
[2018-06-01 14:43:29,067] multiqc                                            [DEBUG  ]  Ignoring file as matched an ignore pattern: A.temp_0025_of_50.vcf
[2018-06-01 14:43:29,116] multiqc                                            [DEBUG  ]  Ignoring file as matched an ignore pattern: A.temp_0017_of_50.vcf
[2018-06-01 14:43:29,116] multiqc                                            [DEBUG  ]  Ignoring file as matched an ignore pattern: A.temp_0027_of_50.vcf
[2018-06-01 14:43:29,141] multiqc                                            [DEBUG  ]  Ignoring file as matched an ignore pattern: A.temp_0049_of_50.vcf
[2018-06-01 14:43:29,192] multiqc                                            [DEBUG  ]  Ignoring file as matched an ignore pattern: A.temp_0030_of_50.vcf
[2018-06-01 14:43:29,193] multiqc                                            [DEBUG  ]  Ignoring file as matched an ignore pattern: A.temp_0043_of_50.vcf
[2018-06-01 14:43:29,193] multiqc                                            [DEBUG  ]  Ignoring file as matched an ignore pattern: A.temp_0014_of_50.vcf
[2018-06-01 14:43:29,193] multiqc                                            [DEBUG  ]  Ignoring file as matched an ignore pattern: A.temp_0046_of_50.vcf
[2018-06-01 14:43:29,194] multiqc                                            [DEBUG  ]  Ignoring file as matched an ignore pattern: A.temp_0033_of_50.vcf
[2018-06-01 14:43:29,218] multiqc                                            [DEBUG  ]  Ignoring file as matched an ignore pattern: A.temp_0044_of_50.vcf
[2018-06-01 14:43:29,245] multiqc                                            [DEBUG  ]  Ignoring file as matched an ignore pattern: A.temp_0011_of_50.vcf
[2018-06-01 14:43:29,245] multiqc                                            [DEBUG  ]  Ignoring file as matched an ignore pattern: A.temp_0037_of_50.vcf
[2018-06-01 14:43:29,245] multiqc                                            [DEBUG  ]  Ignoring file as matched an ignore pattern: A.temp_0006_of_50.vcf
[2018-06-01 14:43:29,246] multiqc                                            [DEBUG  ]  Ignoring file as matched an ignore pattern: A.temp_0040_of_50.vcf
[2018-06-01 14:43:29,517] multiqc                                            [DEBUG  ]  Ignoring file as matched an ignore pattern: testN-A.pon.vcf
[2018-06-01 14:43:29,572] multiqc                                            [DEBUG  ]  Ignoring file as matched an ignore pattern: testT-A.realn.dedup.bqsr.bam
[2018-06-01 14:43:29,688] multiqc                                            [DEBUG  ]  Ignoring file as matched an ignore pattern: testT-B.realn.dedup.bqsr.bam
[2018-06-01 14:43:29,689] multiqc                                            [DEBUG  ]  Ignoring file as matched an ignore pattern: testN-A.realn.dedup.bqsr.bai
[2018-06-01 14:43:29,689] multiqc                                            [DEBUG  ]  Ignoring file as matched an ignore pattern: testN-A.realn.dedup.bqsr.bam
[2018-06-01 14:43:29,690] multiqc                                            [DEBUG  ]  Ignoring file as matched an ignore pattern: testT-B.realn.dedup.bqsr.bai
[2018-06-01 14:43:29,690] multiqc                                            [DEBUG  ]  Ignoring file as matched an ignore pattern: testT-A.realn.dedup.bqsr.bai
[2018-06-01 14:43:30,501] multiqc                                            [DEBUG  ]  No samples found: custom_content
[2018-06-01 14:43:30,517] multiqc                                            [DEBUG  ]  No samples found: conpair
[2018-06-01 14:43:30,533] multiqc                                            [DEBUG  ]  No samples found: peddy
[2018-06-01 14:43:30,550] multiqc                                            [DEBUG  ]  No samples found: methylQA
[2018-06-01 14:43:30,570] multiqc                                            [DEBUG  ]  No samples found: qualimap
[2018-06-01 14:43:30,594] multiqc                                            [DEBUG  ]  No samples found: preseq
[2018-06-01 14:43:30,612] multiqc                                            [DEBUG  ]  No samples found: quast
[2018-06-01 14:43:30,630] multiqc                                            [DEBUG  ]  No samples found: qorts
[2018-06-01 14:43:30,651] multiqc                                            [DEBUG  ]  No samples found: rna_seqc
[2018-06-01 14:43:30,673] multiqc                                            [DEBUG  ]  No samples found: rsem
[2018-06-01 14:43:30,723] multiqc                                            [DEBUG  ]  No samples found: rseqc
[2018-06-01 14:43:30,740] multiqc                                            [DEBUG  ]  No samples found: busco
[2018-06-01 14:43:30,757] multiqc                                            [DEBUG  ]  No samples found: goleft_indexcov
[2018-06-01 14:43:30,773] multiqc                                            [DEBUG  ]  No samples found: disambiguate
[2018-06-01 14:43:30,792] multiqc                                            [DEBUG  ]  No samples found: supernova
[2018-06-01 14:43:30,824] multiqc                                            [DEBUG  ]  No samples found: deeptools
[2018-06-01 14:43:30,841] multiqc                                            [DEBUG  ]  No samples found: sargasso
[2018-06-01 14:43:30,859] multiqc                                            [DEBUG  ]  No samples found: verifybamid
[2018-06-01 14:43:30,883] multiqc                                            [DEBUG  ]  No samples found: homer
[2018-06-01 14:43:30,900] multiqc                                            [DEBUG  ]  No samples found: macs2
[2018-06-01 14:43:30,918] multiqc                                            [DEBUG  ]  No samples found: theta2
[2018-06-01 14:43:30,934] multiqc                                            [DEBUG  ]  No samples found: snpeff
[2018-06-01 14:43:31,152] multiqc.modules.gatk.base_recalibrator             [INFO   ]  Found 3 BaseRecalibrator reports
[2018-06-01 14:43:31,187] multiqc                                            [DEBUG  ]  No samples found: htseq
[2018-06-01 14:43:31,205] multiqc                                            [DEBUG  ]  No samples found: bcftools
[2018-06-01 14:43:31,228] multiqc                                            [DEBUG  ]  No samples found: featureCounts
[2018-06-01 14:43:31,242] multiqc                                            [DEBUG  ]  No samples found: dedup
[2018-06-01 14:43:31,289] multiqc.modules.picard.picard                      [INFO   ]  Found 3 MarkDuplicates reports
[2018-06-01 14:43:31,294] multiqc.modules.picard.picard                      [INFO   ]  Found 3 WgsMetrics reports
[2018-06-01 14:43:31,307] multiqc                                            [DEBUG  ]  No samples found: prokka
[2018-06-01 14:43:31,321] multiqc                                            [DEBUG  ]  No samples found: samblaster
[2018-06-01 14:43:31,346] multiqc                                            [DEBUG  ]  No samples found: samtools
[2018-06-01 14:43:31,364] multiqc                                            [DEBUG  ]  No samples found: bamtools
[2018-06-01 14:43:31,383] multiqc                                            [DEBUG  ]  No samples found: jellyfish
[2018-06-01 14:43:31,418] multiqc                                            [DEBUG  ]  No samples found: vcftools
[2018-06-01 14:43:31,469] multiqc                                            [DEBUG  ]  No samples found: bbmap
[2018-06-01 14:43:31,486] multiqc                                            [DEBUG  ]  No samples found: bismark
[2018-06-01 14:43:31,503] multiqc                                            [DEBUG  ]  No samples found: hicexplorer
[2018-06-01 14:43:31,521] multiqc                                            [DEBUG  ]  No samples found: hicup
[2018-06-01 14:43:31,538] multiqc                                            [DEBUG  ]  No samples found: salmon
[2018-06-01 14:43:31,555] multiqc                                            [DEBUG  ]  No samples found: kallisto
[2018-06-01 14:43:31,572] multiqc                                            [DEBUG  ]  No samples found: slamdunk
[2018-06-01 14:43:31,589] multiqc                                            [DEBUG  ]  No samples found: star
[2018-06-01 14:43:31,606] multiqc                                            [DEBUG  ]  No samples found: hisat2
[2018-06-01 14:43:31,622] multiqc                                            [DEBUG  ]  No samples found: tophat
[2018-06-01 14:43:31,643] multiqc                                            [DEBUG  ]  No samples found: bowtie2
[2018-06-01 14:43:31,659] multiqc                                            [DEBUG  ]  No samples found: bowtie1
[2018-06-01 14:43:31,676] multiqc                                            [DEBUG  ]  No samples found: leehom
[2018-06-01 14:43:31,696] multiqc                                            [DEBUG  ]  No samples found: adapterRemoval
[2018-06-01 14:43:31,713] multiqc                                            [DEBUG  ]  No samples found: clipandmerge
[2018-06-01 14:43:31,730] multiqc                                            [DEBUG  ]  No samples found: cutadapt
[2018-06-01 14:43:31,745] multiqc                                            [DEBUG  ]  No samples found: flexbar
[2018-06-01 14:43:31,762] multiqc                                            [DEBUG  ]  No samples found: trimmomatic
[2018-06-01 14:43:31,779] multiqc                                            [DEBUG  ]  No samples found: skewer
[2018-06-01 14:43:31,795] multiqc                                            [DEBUG  ]  No samples found: sortmerna
[2018-06-01 14:43:31,812] multiqc                                            [DEBUG  ]  No samples found: biobloomtools
[2018-06-01 14:43:31,828] multiqc                                            [DEBUG  ]  No samples found: fastq_screen
[2018-06-01 14:43:31,844] multiqc                                            [DEBUG  ]  No samples found: afterqc
[2018-06-01 14:43:32,564] multiqc.modules.fastqc.fastqc                      [INFO   ]  Found 21 reports
[2018-06-01 14:43:32,925] multiqc                                            [DEBUG  ]  No samples found: clusterflow
[2018-06-01 14:43:32,938] multiqc                                            [DEBUG  ]  No samples found: bcl2fastq
[2018-06-01 14:43:32,951] multiqc                                            [DEBUG  ]  No samples found: interop
[2018-06-01 14:43:32,978] multiqc                                            [INFO   ]  Compressing plot data
[2018-06-01 14:43:33,242] multiqc                                            [INFO   ]  Report      : results/qc/multiqc/multiqc_report.html
[2018-06-01 14:43:33,242] multiqc                                            [INFO   ]  Data        : results/qc/multiqc/multiqc_data
[2018-06-01 14:43:33,244] multiqc                                            [DEBUG  ]  Moving data file from '/scratch/6629942.helix-master/tmpu8e4h17i/multiqc_data/multiqc_picard_wgsmetrics.txt' to 'results/qc/multiqc/multiqc_data'
[2018-06-01 14:43:33,253] multiqc                                            [DEBUG  ]  Moving data file from '/scratch/6629942.helix-master/tmpu8e4h17i/multiqc_data/multiqc_general_stats.txt' to 'results/qc/multiqc/multiqc_data'
[2018-06-01 14:43:33,258] multiqc                                            [DEBUG  ]  Moving data file from '/scratch/6629942.helix-master/tmpu8e4h17i/multiqc_data/multiqc_picard_dups.txt' to 'results/qc/multiqc/multiqc_data'
[2018-06-01 14:43:33,265] multiqc                                            [DEBUG  ]  Moving data file from '/scratch/6629942.helix-master/tmpu8e4h17i/multiqc_data/multiqc_fastqc.txt' to 'results/qc/multiqc/multiqc_data'
[2018-06-01 14:43:33,271] multiqc                                            [DEBUG  ]  Moving data file from '/scratch/6629942.helix-master/tmpu8e4h17i/multiqc_data/multiqc_sources.txt' to 'results/qc/multiqc/multiqc_data'
[2018-06-01 14:43:33,278] multiqc                                            [DEBUG  ]  Moving data file from '/scratch/6629942.helix-master/tmpu8e4h17i/multiqc_data/multiqc_data.json' to 'results/qc/multiqc/multiqc_data'
[2018-06-01 14:43:33,539] multiqc                                            [INFO   ]  MultiQC complete
